<?xml version="1.0" encoding="UTF-8"?>
<testsuites name="Retail Profile Features With Limit">
  <testsuite name="Login" id="b38d9c37-27e2-429d-8943-f99277fbfe0a" tests="1" time="624.875">
    <testcase name="Logged in with admin : Iteration = 101"/>
    <testcase name="Logged in with admin : Iteration = 201"/>
    <testcase name="Logged in with admin : Iteration = 601"/>
    <testcase name="Logged in with admin : Iteration = 603"/>
    <testcase name="Logged in with admin : Iteration = 701"/>
    <testcase name="Logged in with admin : Iteration = 702"/>
    <testcase name="Logged in with admin : Iteration = 703"/>
    <testcase name="Logged in with admin : Iteration = 1401"/>
  </testsuite>
  <testsuite name="get ProfileFeatures without assigning feature" id="d69185b2-931a-4bc0-80d7-c5f00b328ab3" tests="0" time="315.625">
    <error>
      <![CDATA[Iteration: 0

---
testScriptError: TypeError: Cannot read property 'results' of undefined
    at Object.eval (eval at <anonymous> (evalmachine.<anonymous>:284:34), <anonymous>:4:21)
    at evalmachine.<anonymous>:293:23
    at evalmachine.<anonymous>:299:2
    at Object.exports.runInContext (vm.js:44:17)
    at _.extend._run (C:\Users\I329272\AppData\Roaming\npm\node_modules\newman\node_modules\postman-runtime\lib\uvm\host.js:156:16)
    at _.extend.execute (C:\Users\I329272\AppData\Roaming\npm\node_modules\newman\node_modules\postman-runtime\lib\uvm\host.js:121:14)
    at PostmanCollectionRun.<anonymous> (C:\Users\I329272\AppData\Roaming\npm\node_modules\newman\node_modules\postman-runtime\lib\runner\extensions\event.command.js:179:27)
    at C:\Users\I329272\AppData\Roaming\npm\node_modules\newman\node_modules\postman-runtime\node_modules\async\dist\async.js:1144:13
    at replenish (C:\Users\I329272\AppData\Roaming\npm\node_modules\newman\node_modules\postman-runtime\node_modules\async\dist\async.js:1018:21)
    at C:\Users\I329272\AppData\Roaming\npm\node_modules\newman\node_modules\postman-runtime\node_modules\async\dist\async.js:1022:13
---
Iteration: 1

---
testScriptError: TypeError: Cannot read property 'results' of undefined
    at Object.eval (eval at <anonymous> (evalmachine.<anonymous>:284:34), <anonymous>:4:21)
    at evalmachine.<anonymous>:293:23
    at evalmachine.<anonymous>:299:2
    at Object.exports.runInContext (vm.js:44:17)
    at _.extend._run (C:\Users\I329272\AppData\Roaming\npm\node_modules\newman\node_modules\postman-runtime\lib\uvm\host.js:156:16)
    at _.extend.execute (C:\Users\I329272\AppData\Roaming\npm\node_modules\newman\node_modules\postman-runtime\lib\uvm\host.js:121:14)
    at PostmanCollectionRun.<anonymous> (C:\Users\I329272\AppData\Roaming\npm\node_modules\newman\node_modules\postman-runtime\lib\runner\extensions\event.command.js:179:27)
    at C:\Users\I329272\AppData\Roaming\npm\node_modules\newman\node_modules\postman-runtime\node_modules\async\dist\async.js:1144:13
    at replenish (C:\Users\I329272\AppData\Roaming\npm\node_modules\newman\node_modules\postman-runtime\node_modules\async\dist\async.js:1018:21)
    at C:\Users\I329272\AppData\Roaming\npm\node_modules\newman\node_modules\postman-runtime\node_modules\async\dist\async.js:1022:13
---
Iteration: 2

---
testScriptError: TypeError: Cannot read property 'results' of undefined
    at Object.eval (eval at <anonymous> (evalmachine.<anonymous>:284:34), <anonymous>:4:21)
    at evalmachine.<anonymous>:293:23
    at evalmachine.<anonymous>:299:2
    at Object.exports.runInContext (vm.js:44:17)
    at _.extend._run (C:\Users\I329272\AppData\Roaming\npm\node_modules\newman\node_modules\postman-runtime\lib\uvm\host.js:156:16)
    at _.extend.execute (C:\Users\I329272\AppData\Roaming\npm\node_modules\newman\node_modules\postman-runtime\lib\uvm\host.js:121:14)
    at PostmanCollectionRun.<anonymous> (C:\Users\I329272\AppData\Roaming\npm\node_modules\newman\node_modules\postman-runtime\lib\runner\extensions\event.command.js:179:27)
    at C:\Users\I329272\AppData\Roaming\npm\node_modules\newman\node_modules\postman-runtime\node_modules\async\dist\async.js:1144:13
    at replenish (C:\Users\I329272\AppData\Roaming\npm\node_modules\newman\node_modules\postman-runtime\node_modules\async\dist\async.js:1018:21)
    at C:\Users\I329272\AppData\Roaming\npm\node_modules\newman\node_modules\postman-runtime\node_modules\async\dist\async.js:1022:13
---
Iteration: 3

---
testScriptError: TypeError: Cannot read property 'results' of undefined
    at Object.eval (eval at <anonymous> (evalmachine.<anonymous>:284:34), <anonymous>:4:21)
    at evalmachine.<anonymous>:293:23
    at evalmachine.<anonymous>:299:2
    at Object.exports.runInContext (vm.js:44:17)
    at _.extend._run (C:\Users\I329272\AppData\Roaming\npm\node_modules\newman\node_modules\postman-runtime\lib\uvm\host.js:156:16)
    at _.extend.execute (C:\Users\I329272\AppData\Roaming\npm\node_modules\newman\node_modules\postman-runtime\lib\uvm\host.js:121:14)
    at PostmanCollectionRun.<anonymous> (C:\Users\I329272\AppData\Roaming\npm\node_modules\newman\node_modules\postman-runtime\lib\runner\extensions\event.command.js:179:27)
    at C:\Users\I329272\AppData\Roaming\npm\node_modules\newman\node_modules\postman-runtime\node_modules\async\dist\async.js:1144:13
    at replenish (C:\Users\I329272\AppData\Roaming\npm\node_modules\newman\node_modules\postman-runtime\node_modules\async\dist\async.js:1018:21)
    at C:\Users\I329272\AppData\Roaming\npm\node_modules\newman\node_modules\postman-runtime\node_modules\async\dist\async.js:1022:13
---
Iteration: 4

---
testScriptError: TypeError: Cannot read property 'results' of undefined
    at Object.eval (eval at <anonymous> (evalmachine.<anonymous>:284:34), <anonymous>:4:21)
    at evalmachine.<anonymous>:293:23
    at evalmachine.<anonymous>:299:2
    at Object.exports.runInContext (vm.js:44:17)
    at _.extend._run (C:\Users\I329272\AppData\Roaming\npm\node_modules\newman\node_modules\postman-runtime\lib\uvm\host.js:156:16)
    at _.extend.execute (C:\Users\I329272\AppData\Roaming\npm\node_modules\newman\node_modules\postman-runtime\lib\uvm\host.js:121:14)
    at PostmanCollectionRun.<anonymous> (C:\Users\I329272\AppData\Roaming\npm\node_modules\newman\node_modules\postman-runtime\lib\runner\extensions\event.command.js:179:27)
    at C:\Users\I329272\AppData\Roaming\npm\node_modules\newman\node_modules\postman-runtime\node_modules\async\dist\async.js:1144:13
    at replenish (C:\Users\I329272\AppData\Roaming\npm\node_modules\newman\node_modules\postman-runtime\node_modules\async\dist\async.js:1018:21)
    at C:\Users\I329272\AppData\Roaming\npm\node_modules\newman\node_modules\postman-runtime\node_modules\async\dist\async.js:1022:13
---
Iteration: 5

---
testScriptError: TypeError: Cannot read property 'results' of undefined
    at Object.eval (eval at <anonymous> (evalmachine.<anonymous>:284:34), <anonymous>:4:21)
    at evalmachine.<anonymous>:293:23
    at evalmachine.<anonymous>:299:2
    at Object.exports.runInContext (vm.js:44:17)
    at _.extend._run (C:\Users\I329272\AppData\Roaming\npm\node_modules\newman\node_modules\postman-runtime\lib\uvm\host.js:156:16)
    at _.extend.execute (C:\Users\I329272\AppData\Roaming\npm\node_modules\newman\node_modules\postman-runtime\lib\uvm\host.js:121:14)
    at PostmanCollectionRun.<anonymous> (C:\Users\I329272\AppData\Roaming\npm\node_modules\newman\node_modules\postman-runtime\lib\runner\extensions\event.command.js:179:27)
    at C:\Users\I329272\AppData\Roaming\npm\node_modules\newman\node_modules\postman-runtime\node_modules\async\dist\async.js:1144:13
    at replenish (C:\Users\I329272\AppData\Roaming\npm\node_modules\newman\node_modules\postman-runtime\node_modules\async\dist\async.js:1018:21)
    at C:\Users\I329272\AppData\Roaming\npm\node_modules\newman\node_modules\postman-runtime\node_modules\async\dist\async.js:1022:13
---
Iteration: 6

---
testScriptError: TypeError: Cannot read property 'results' of undefined
    at Object.eval (eval at <anonymous> (evalmachine.<anonymous>:284:34), <anonymous>:4:21)
    at evalmachine.<anonymous>:293:23
    at evalmachine.<anonymous>:299:2
    at Object.exports.runInContext (vm.js:44:17)
    at _.extend._run (C:\Users\I329272\AppData\Roaming\npm\node_modules\newman\node_modules\postman-runtime\lib\uvm\host.js:156:16)
    at _.extend.execute (C:\Users\I329272\AppData\Roaming\npm\node_modules\newman\node_modules\postman-runtime\lib\uvm\host.js:121:14)
    at PostmanCollectionRun.<anonymous> (C:\Users\I329272\AppData\Roaming\npm\node_modules\newman\node_modules\postman-runtime\lib\runner\extensions\event.command.js:179:27)
    at C:\Users\I329272\AppData\Roaming\npm\node_modules\newman\node_modules\postman-runtime\node_modules\async\dist\async.js:1144:13
    at replenish (C:\Users\I329272\AppData\Roaming\npm\node_modules\newman\node_modules\postman-runtime\node_modules\async\dist\async.js:1018:21)
    at C:\Users\I329272\AppData\Roaming\npm\node_modules\newman\node_modules\postman-runtime\node_modules\async\dist\async.js:1022:13
---
Iteration: 7

---
testScriptError: TypeError: Cannot read property 'results' of undefined
    at Object.eval (eval at <anonymous> (evalmachine.<anonymous>:284:34), <anonymous>:4:21)
    at evalmachine.<anonymous>:293:23
    at evalmachine.<anonymous>:299:2
    at Object.exports.runInContext (vm.js:44:17)
    at _.extend._run (C:\Users\I329272\AppData\Roaming\npm\node_modules\newman\node_modules\postman-runtime\lib\uvm\host.js:156:16)
    at _.extend.execute (C:\Users\I329272\AppData\Roaming\npm\node_modules\newman\node_modules\postman-runtime\lib\uvm\host.js:121:14)
    at PostmanCollectionRun.<anonymous> (C:\Users\I329272\AppData\Roaming\npm\node_modules\newman\node_modules\postman-runtime\lib\runner\extensions\event.command.js:179:27)
    at C:\Users\I329272\AppData\Roaming\npm\node_modules\newman\node_modules\postman-runtime\node_modules\async\dist\async.js:1144:13
    at replenish (C:\Users\I329272\AppData\Roaming\npm\node_modules\newman\node_modules\postman-runtime\node_modules\async\dist\async.js:1018:21)
    at C:\Users\I329272\AppData\Roaming\npm\node_modules\newman\node_modules\postman-runtime\node_modules\async\dist\async.js:1022:13
---
]]>
    </error>
  </testsuite>
  <testsuite name="Add Retail User Profile Feature without entitlements" id="aa9e16f5-a34f-44fd-98b8-c95fcb947096" tests="1" time="614.5">
    <testcase name="Feature : undefined added without entitlements">
      <failure type="AssertionFailure">
        <![CDATA[Failed 8 times.]]>
      </failure>
    </testcase>
  </testsuite>
  <testsuite name="get ProfileFeatures entitlements" id="96fe5cfc-3bd5-4d5c-b0fc-e6b3a2e6c5a3" tests="0" time="765">
    <error>
      <![CDATA[Iteration: 0

---
testScriptError: TypeError: Cannot read property 'results' of undefined
    at Object.eval (eval at <anonymous> (evalmachine.<anonymous>:284:34), <anonymous>:4:21)
    at evalmachine.<anonymous>:293:23
    at evalmachine.<anonymous>:299:2
    at Object.exports.runInContext (vm.js:44:17)
    at _.extend._run (C:\Users\I329272\AppData\Roaming\npm\node_modules\newman\node_modules\postman-runtime\lib\uvm\host.js:156:16)
    at _.extend.execute (C:\Users\I329272\AppData\Roaming\npm\node_modules\newman\node_modules\postman-runtime\lib\uvm\host.js:121:14)
    at PostmanCollectionRun.<anonymous> (C:\Users\I329272\AppData\Roaming\npm\node_modules\newman\node_modules\postman-runtime\lib\runner\extensions\event.command.js:179:27)
    at C:\Users\I329272\AppData\Roaming\npm\node_modules\newman\node_modules\postman-runtime\node_modules\async\dist\async.js:1144:13
    at replenish (C:\Users\I329272\AppData\Roaming\npm\node_modules\newman\node_modules\postman-runtime\node_modules\async\dist\async.js:1018:21)
    at C:\Users\I329272\AppData\Roaming\npm\node_modules\newman\node_modules\postman-runtime\node_modules\async\dist\async.js:1022:13
---
Iteration: 1

---
testScriptError: TypeError: Cannot read property 'results' of undefined
    at Object.eval (eval at <anonymous> (evalmachine.<anonymous>:284:34), <anonymous>:4:21)
    at evalmachine.<anonymous>:293:23
    at evalmachine.<anonymous>:299:2
    at Object.exports.runInContext (vm.js:44:17)
    at _.extend._run (C:\Users\I329272\AppData\Roaming\npm\node_modules\newman\node_modules\postman-runtime\lib\uvm\host.js:156:16)
    at _.extend.execute (C:\Users\I329272\AppData\Roaming\npm\node_modules\newman\node_modules\postman-runtime\lib\uvm\host.js:121:14)
    at PostmanCollectionRun.<anonymous> (C:\Users\I329272\AppData\Roaming\npm\node_modules\newman\node_modules\postman-runtime\lib\runner\extensions\event.command.js:179:27)
    at C:\Users\I329272\AppData\Roaming\npm\node_modules\newman\node_modules\postman-runtime\node_modules\async\dist\async.js:1144:13
    at replenish (C:\Users\I329272\AppData\Roaming\npm\node_modules\newman\node_modules\postman-runtime\node_modules\async\dist\async.js:1018:21)
    at C:\Users\I329272\AppData\Roaming\npm\node_modules\newman\node_modules\postman-runtime\node_modules\async\dist\async.js:1022:13
---
Iteration: 2

---
testScriptError: TypeError: Cannot read property 'results' of undefined
    at Object.eval (eval at <anonymous> (evalmachine.<anonymous>:284:34), <anonymous>:4:21)
    at evalmachine.<anonymous>:293:23
    at evalmachine.<anonymous>:299:2
    at Object.exports.runInContext (vm.js:44:17)
    at _.extend._run (C:\Users\I329272\AppData\Roaming\npm\node_modules\newman\node_modules\postman-runtime\lib\uvm\host.js:156:16)
    at _.extend.execute (C:\Users\I329272\AppData\Roaming\npm\node_modules\newman\node_modules\postman-runtime\lib\uvm\host.js:121:14)
    at PostmanCollectionRun.<anonymous> (C:\Users\I329272\AppData\Roaming\npm\node_modules\newman\node_modules\postman-runtime\lib\runner\extensions\event.command.js:179:27)
    at C:\Users\I329272\AppData\Roaming\npm\node_modules\newman\node_modules\postman-runtime\node_modules\async\dist\async.js:1144:13
    at replenish (C:\Users\I329272\AppData\Roaming\npm\node_modules\newman\node_modules\postman-runtime\node_modules\async\dist\async.js:1018:21)
    at C:\Users\I329272\AppData\Roaming\npm\node_modules\newman\node_modules\postman-runtime\node_modules\async\dist\async.js:1022:13
---
Iteration: 3

---
testScriptError: TypeError: Cannot read property 'results' of undefined
    at Object.eval (eval at <anonymous> (evalmachine.<anonymous>:284:34), <anonymous>:4:21)
    at evalmachine.<anonymous>:293:23
    at evalmachine.<anonymous>:299:2
    at Object.exports.runInContext (vm.js:44:17)
    at _.extend._run (C:\Users\I329272\AppData\Roaming\npm\node_modules\newman\node_modules\postman-runtime\lib\uvm\host.js:156:16)
    at _.extend.execute (C:\Users\I329272\AppData\Roaming\npm\node_modules\newman\node_modules\postman-runtime\lib\uvm\host.js:121:14)
    at PostmanCollectionRun.<anonymous> (C:\Users\I329272\AppData\Roaming\npm\node_modules\newman\node_modules\postman-runtime\lib\runner\extensions\event.command.js:179:27)
    at C:\Users\I329272\AppData\Roaming\npm\node_modules\newman\node_modules\postman-runtime\node_modules\async\dist\async.js:1144:13
    at replenish (C:\Users\I329272\AppData\Roaming\npm\node_modules\newman\node_modules\postman-runtime\node_modules\async\dist\async.js:1018:21)
    at C:\Users\I329272\AppData\Roaming\npm\node_modules\newman\node_modules\postman-runtime\node_modules\async\dist\async.js:1022:13
---
Iteration: 4

---
testScriptError: TypeError: Cannot read property 'results' of undefined
    at Object.eval (eval at <anonymous> (evalmachine.<anonymous>:284:34), <anonymous>:4:21)
    at evalmachine.<anonymous>:293:23
    at evalmachine.<anonymous>:299:2
    at Object.exports.runInContext (vm.js:44:17)
    at _.extend._run (C:\Users\I329272\AppData\Roaming\npm\node_modules\newman\node_modules\postman-runtime\lib\uvm\host.js:156:16)
    at _.extend.execute (C:\Users\I329272\AppData\Roaming\npm\node_modules\newman\node_modules\postman-runtime\lib\uvm\host.js:121:14)
    at PostmanCollectionRun.<anonymous> (C:\Users\I329272\AppData\Roaming\npm\node_modules\newman\node_modules\postman-runtime\lib\runner\extensions\event.command.js:179:27)
    at C:\Users\I329272\AppData\Roaming\npm\node_modules\newman\node_modules\postman-runtime\node_modules\async\dist\async.js:1144:13
    at replenish (C:\Users\I329272\AppData\Roaming\npm\node_modules\newman\node_modules\postman-runtime\node_modules\async\dist\async.js:1018:21)
    at C:\Users\I329272\AppData\Roaming\npm\node_modules\newman\node_modules\postman-runtime\node_modules\async\dist\async.js:1022:13
---
Iteration: 5

---
testScriptError: TypeError: Cannot read property 'results' of undefined
    at Object.eval (eval at <anonymous> (evalmachine.<anonymous>:284:34), <anonymous>:4:21)
    at evalmachine.<anonymous>:293:23
    at evalmachine.<anonymous>:299:2
    at Object.exports.runInContext (vm.js:44:17)
    at _.extend._run (C:\Users\I329272\AppData\Roaming\npm\node_modules\newman\node_modules\postman-runtime\lib\uvm\host.js:156:16)
    at _.extend.execute (C:\Users\I329272\AppData\Roaming\npm\node_modules\newman\node_modules\postman-runtime\lib\uvm\host.js:121:14)
    at PostmanCollectionRun.<anonymous> (C:\Users\I329272\AppData\Roaming\npm\node_modules\newman\node_modules\postman-runtime\lib\runner\extensions\event.command.js:179:27)
    at C:\Users\I329272\AppData\Roaming\npm\node_modules\newman\node_modules\postman-runtime\node_modules\async\dist\async.js:1144:13
    at replenish (C:\Users\I329272\AppData\Roaming\npm\node_modules\newman\node_modules\postman-runtime\node_modules\async\dist\async.js:1018:21)
    at C:\Users\I329272\AppData\Roaming\npm\node_modules\newman\node_modules\postman-runtime\node_modules\async\dist\async.js:1022:13
---
Iteration: 6

---
testScriptError: TypeError: Cannot read property 'results' of undefined
    at Object.eval (eval at <anonymous> (evalmachine.<anonymous>:284:34), <anonymous>:4:21)
    at evalmachine.<anonymous>:293:23
    at evalmachine.<anonymous>:299:2
    at Object.exports.runInContext (vm.js:44:17)
    at _.extend._run (C:\Users\I329272\AppData\Roaming\npm\node_modules\newman\node_modules\postman-runtime\lib\uvm\host.js:156:16)
    at _.extend.execute (C:\Users\I329272\AppData\Roaming\npm\node_modules\newman\node_modules\postman-runtime\lib\uvm\host.js:121:14)
    at PostmanCollectionRun.<anonymous> (C:\Users\I329272\AppData\Roaming\npm\node_modules\newman\node_modules\postman-runtime\lib\runner\extensions\event.command.js:179:27)
    at C:\Users\I329272\AppData\Roaming\npm\node_modules\newman\node_modules\postman-runtime\node_modules\async\dist\async.js:1144:13
    at replenish (C:\Users\I329272\AppData\Roaming\npm\node_modules\newman\node_modules\postman-runtime\node_modules\async\dist\async.js:1018:21)
    at C:\Users\I329272\AppData\Roaming\npm\node_modules\newman\node_modules\postman-runtime\node_modules\async\dist\async.js:1022:13
---
Iteration: 7

---
testScriptError: TypeError: Cannot read property 'results' of undefined
    at Object.eval (eval at <anonymous> (evalmachine.<anonymous>:284:34), <anonymous>:4:21)
    at evalmachine.<anonymous>:293:23
    at evalmachine.<anonymous>:299:2
    at Object.exports.runInContext (vm.js:44:17)
    at _.extend._run (C:\Users\I329272\AppData\Roaming\npm\node_modules\newman\node_modules\postman-runtime\lib\uvm\host.js:156:16)
    at _.extend.execute (C:\Users\I329272\AppData\Roaming\npm\node_modules\newman\node_modules\postman-runtime\lib\uvm\host.js:121:14)
    at PostmanCollectionRun.<anonymous> (C:\Users\I329272\AppData\Roaming\npm\node_modules\newman\node_modules\postman-runtime\lib\runner\extensions\event.command.js:179:27)
    at C:\Users\I329272\AppData\Roaming\npm\node_modules\newman\node_modules\postman-runtime\node_modules\async\dist\async.js:1144:13
    at replenish (C:\Users\I329272\AppData\Roaming\npm\node_modules\newman\node_modules\postman-runtime\node_modules\async\dist\async.js:1018:21)
    at C:\Users\I329272\AppData\Roaming\npm\node_modules\newman\node_modules\postman-runtime\node_modules\async\dist\async.js:1022:13
---
]]>
    </error>
  </testsuite>
  <testsuite name="delete feature" id="71d3d2b6-900f-412b-bbda-a05a026b3167" tests="1" time="949.125">
    <testcase name="Feature undefined deleted">
      <failure type="AssertionFailure">
        <![CDATA[Failed 8 times.]]>
      </failure>
    </testcase>
  </testsuite>
  <testsuite name="Add Retail User Profile Features with entitlements (Valid Set)" id="33e81acc-a013-42cd-a9ca-9995a0ac33c8" tests="1" time="1050.125">
    <testcase name="Feature undefined added with entitlemnts entitled true">
      <failure type="AssertionFailure">
        <![CDATA[Failed 8 times.]]>
      </failure>
    </testcase>
  </testsuite>
  <testsuite name="get ProfileFeatures with children and limits" id="2da12c70-4828-4709-bc16-13b9f6705741" tests="0" time="951.375">
    <error>
      <![CDATA[Iteration: 0

---
testScriptError: TypeError: Cannot read property 'results' of undefined
    at Object.eval (eval at <anonymous> (evalmachine.<anonymous>:284:34), <anonymous>:4:21)
    at evalmachine.<anonymous>:293:23
    at evalmachine.<anonymous>:299:2
    at Object.exports.runInContext (vm.js:44:17)
    at _.extend._run (C:\Users\I329272\AppData\Roaming\npm\node_modules\newman\node_modules\postman-runtime\lib\uvm\host.js:156:16)
    at _.extend.execute (C:\Users\I329272\AppData\Roaming\npm\node_modules\newman\node_modules\postman-runtime\lib\uvm\host.js:121:14)
    at PostmanCollectionRun.<anonymous> (C:\Users\I329272\AppData\Roaming\npm\node_modules\newman\node_modules\postman-runtime\lib\runner\extensions\event.command.js:179:27)
    at C:\Users\I329272\AppData\Roaming\npm\node_modules\newman\node_modules\postman-runtime\node_modules\async\dist\async.js:1144:13
    at replenish (C:\Users\I329272\AppData\Roaming\npm\node_modules\newman\node_modules\postman-runtime\node_modules\async\dist\async.js:1018:21)
    at C:\Users\I329272\AppData\Roaming\npm\node_modules\newman\node_modules\postman-runtime\node_modules\async\dist\async.js:1022:13
---
Iteration: 1

---
testScriptError: TypeError: Cannot read property 'results' of undefined
    at Object.eval (eval at <anonymous> (evalmachine.<anonymous>:284:34), <anonymous>:4:21)
    at evalmachine.<anonymous>:293:23
    at evalmachine.<anonymous>:299:2
    at Object.exports.runInContext (vm.js:44:17)
    at _.extend._run (C:\Users\I329272\AppData\Roaming\npm\node_modules\newman\node_modules\postman-runtime\lib\uvm\host.js:156:16)
    at _.extend.execute (C:\Users\I329272\AppData\Roaming\npm\node_modules\newman\node_modules\postman-runtime\lib\uvm\host.js:121:14)
    at PostmanCollectionRun.<anonymous> (C:\Users\I329272\AppData\Roaming\npm\node_modules\newman\node_modules\postman-runtime\lib\runner\extensions\event.command.js:179:27)
    at C:\Users\I329272\AppData\Roaming\npm\node_modules\newman\node_modules\postman-runtime\node_modules\async\dist\async.js:1144:13
    at replenish (C:\Users\I329272\AppData\Roaming\npm\node_modules\newman\node_modules\postman-runtime\node_modules\async\dist\async.js:1018:21)
    at C:\Users\I329272\AppData\Roaming\npm\node_modules\newman\node_modules\postman-runtime\node_modules\async\dist\async.js:1022:13
---
Iteration: 2

---
testScriptError: TypeError: Cannot read property 'results' of undefined
    at Object.eval (eval at <anonymous> (evalmachine.<anonymous>:284:34), <anonymous>:4:21)
    at evalmachine.<anonymous>:293:23
    at evalmachine.<anonymous>:299:2
    at Object.exports.runInContext (vm.js:44:17)
    at _.extend._run (C:\Users\I329272\AppData\Roaming\npm\node_modules\newman\node_modules\postman-runtime\lib\uvm\host.js:156:16)
    at _.extend.execute (C:\Users\I329272\AppData\Roaming\npm\node_modules\newman\node_modules\postman-runtime\lib\uvm\host.js:121:14)
    at PostmanCollectionRun.<anonymous> (C:\Users\I329272\AppData\Roaming\npm\node_modules\newman\node_modules\postman-runtime\lib\runner\extensions\event.command.js:179:27)
    at C:\Users\I329272\AppData\Roaming\npm\node_modules\newman\node_modules\postman-runtime\node_modules\async\dist\async.js:1144:13
    at replenish (C:\Users\I329272\AppData\Roaming\npm\node_modules\newman\node_modules\postman-runtime\node_modules\async\dist\async.js:1018:21)
    at C:\Users\I329272\AppData\Roaming\npm\node_modules\newman\node_modules\postman-runtime\node_modules\async\dist\async.js:1022:13
---
Iteration: 3

---
testScriptError: TypeError: Cannot read property 'results' of undefined
    at Object.eval (eval at <anonymous> (evalmachine.<anonymous>:284:34), <anonymous>:4:21)
    at evalmachine.<anonymous>:293:23
    at evalmachine.<anonymous>:299:2
    at Object.exports.runInContext (vm.js:44:17)
    at _.extend._run (C:\Users\I329272\AppData\Roaming\npm\node_modules\newman\node_modules\postman-runtime\lib\uvm\host.js:156:16)
    at _.extend.execute (C:\Users\I329272\AppData\Roaming\npm\node_modules\newman\node_modules\postman-runtime\lib\uvm\host.js:121:14)
    at PostmanCollectionRun.<anonymous> (C:\Users\I329272\AppData\Roaming\npm\node_modules\newman\node_modules\postman-runtime\lib\runner\extensions\event.command.js:179:27)
    at C:\Users\I329272\AppData\Roaming\npm\node_modules\newman\node_modules\postman-runtime\node_modules\async\dist\async.js:1144:13
    at replenish (C:\Users\I329272\AppData\Roaming\npm\node_modules\newman\node_modules\postman-runtime\node_modules\async\dist\async.js:1018:21)
    at C:\Users\I329272\AppData\Roaming\npm\node_modules\newman\node_modules\postman-runtime\node_modules\async\dist\async.js:1022:13
---
Iteration: 4

---
testScriptError: TypeError: Cannot read property 'results' of undefined
    at Object.eval (eval at <anonymous> (evalmachine.<anonymous>:284:34), <anonymous>:4:21)
    at evalmachine.<anonymous>:293:23
    at evalmachine.<anonymous>:299:2
    at Object.exports.runInContext (vm.js:44:17)
    at _.extend._run (C:\Users\I329272\AppData\Roaming\npm\node_modules\newman\node_modules\postman-runtime\lib\uvm\host.js:156:16)
    at _.extend.execute (C:\Users\I329272\AppData\Roaming\npm\node_modules\newman\node_modules\postman-runtime\lib\uvm\host.js:121:14)
    at PostmanCollectionRun.<anonymous> (C:\Users\I329272\AppData\Roaming\npm\node_modules\newman\node_modules\postman-runtime\lib\runner\extensions\event.command.js:179:27)
    at C:\Users\I329272\AppData\Roaming\npm\node_modules\newman\node_modules\postman-runtime\node_modules\async\dist\async.js:1144:13
    at replenish (C:\Users\I329272\AppData\Roaming\npm\node_modules\newman\node_modules\postman-runtime\node_modules\async\dist\async.js:1018:21)
    at C:\Users\I329272\AppData\Roaming\npm\node_modules\newman\node_modules\postman-runtime\node_modules\async\dist\async.js:1022:13
---
Iteration: 5

---
testScriptError: TypeError: Cannot read property 'results' of undefined
    at Object.eval (eval at <anonymous> (evalmachine.<anonymous>:284:34), <anonymous>:4:21)
    at evalmachine.<anonymous>:293:23
    at evalmachine.<anonymous>:299:2
    at Object.exports.runInContext (vm.js:44:17)
    at _.extend._run (C:\Users\I329272\AppData\Roaming\npm\node_modules\newman\node_modules\postman-runtime\lib\uvm\host.js:156:16)
    at _.extend.execute (C:\Users\I329272\AppData\Roaming\npm\node_modules\newman\node_modules\postman-runtime\lib\uvm\host.js:121:14)
    at PostmanCollectionRun.<anonymous> (C:\Users\I329272\AppData\Roaming\npm\node_modules\newman\node_modules\postman-runtime\lib\runner\extensions\event.command.js:179:27)
    at C:\Users\I329272\AppData\Roaming\npm\node_modules\newman\node_modules\postman-runtime\node_modules\async\dist\async.js:1144:13
    at replenish (C:\Users\I329272\AppData\Roaming\npm\node_modules\newman\node_modules\postman-runtime\node_modules\async\dist\async.js:1018:21)
    at C:\Users\I329272\AppData\Roaming\npm\node_modules\newman\node_modules\postman-runtime\node_modules\async\dist\async.js:1022:13
---
Iteration: 6

---
testScriptError: TypeError: Cannot read property 'results' of undefined
    at Object.eval (eval at <anonymous> (evalmachine.<anonymous>:284:34), <anonymous>:4:21)
    at evalmachine.<anonymous>:293:23
    at evalmachine.<anonymous>:299:2
    at Object.exports.runInContext (vm.js:44:17)
    at _.extend._run (C:\Users\I329272\AppData\Roaming\npm\node_modules\newman\node_modules\postman-runtime\lib\uvm\host.js:156:16)
    at _.extend.execute (C:\Users\I329272\AppData\Roaming\npm\node_modules\newman\node_modules\postman-runtime\lib\uvm\host.js:121:14)
    at PostmanCollectionRun.<anonymous> (C:\Users\I329272\AppData\Roaming\npm\node_modules\newman\node_modules\postman-runtime\lib\runner\extensions\event.command.js:179:27)
    at C:\Users\I329272\AppData\Roaming\npm\node_modules\newman\node_modules\postman-runtime\node_modules\async\dist\async.js:1144:13
    at replenish (C:\Users\I329272\AppData\Roaming\npm\node_modules\newman\node_modules\postman-runtime\node_modules\async\dist\async.js:1018:21)
    at C:\Users\I329272\AppData\Roaming\npm\node_modules\newman\node_modules\postman-runtime\node_modules\async\dist\async.js:1022:13
---
Iteration: 7

---
testScriptError: TypeError: Cannot read property 'results' of undefined
    at Object.eval (eval at <anonymous> (evalmachine.<anonymous>:284:34), <anonymous>:4:21)
    at evalmachine.<anonymous>:293:23
    at evalmachine.<anonymous>:299:2
    at Object.exports.runInContext (vm.js:44:17)
    at _.extend._run (C:\Users\I329272\AppData\Roaming\npm\node_modules\newman\node_modules\postman-runtime\lib\uvm\host.js:156:16)
    at _.extend.execute (C:\Users\I329272\AppData\Roaming\npm\node_modules\newman\node_modules\postman-runtime\lib\uvm\host.js:121:14)
    at PostmanCollectionRun.<anonymous> (C:\Users\I329272\AppData\Roaming\npm\node_modules\newman\node_modules\postman-runtime\lib\runner\extensions\event.command.js:179:27)
    at C:\Users\I329272\AppData\Roaming\npm\node_modules\newman\node_modules\postman-runtime\node_modules\async\dist\async.js:1144:13
    at replenish (C:\Users\I329272\AppData\Roaming\npm\node_modules\newman\node_modules\postman-runtime\node_modules\async\dist\async.js:1018:21)
    at C:\Users\I329272\AppData\Roaming\npm\node_modules\newman\node_modules\postman-runtime\node_modules\async\dist\async.js:1022:13
---
]]>
    </error>
  </testsuite>
  <testsuite name="Add Retail User Profile Features with entitlements (Valid Set)" id="d83d04fd-e339-4e62-998b-2687f6efb77a" tests="1" time="1159.75">
    <testcase name="Modify entitlements for feature undefined on channel profile">
      <failure type="AssertionFailure">
        <![CDATA[Failed 8 times.]]>
      </failure>
    </testcase>
  </testsuite>
  <testsuite name="get ProfileFeatures with children entitled false on channel Verify" id="84c83eca-336e-407e-9319-5049c5854392" tests="0" time="755">
    <error>
      <![CDATA[Iteration: 0

---
testScriptError: TypeError: Cannot read property 'results' of undefined
    at Object.eval (eval at <anonymous> (evalmachine.<anonymous>:284:34), <anonymous>:4:21)
    at evalmachine.<anonymous>:293:23
    at evalmachine.<anonymous>:299:2
    at Object.exports.runInContext (vm.js:44:17)
    at _.extend._run (C:\Users\I329272\AppData\Roaming\npm\node_modules\newman\node_modules\postman-runtime\lib\uvm\host.js:156:16)
    at _.extend.execute (C:\Users\I329272\AppData\Roaming\npm\node_modules\newman\node_modules\postman-runtime\lib\uvm\host.js:121:14)
    at PostmanCollectionRun.<anonymous> (C:\Users\I329272\AppData\Roaming\npm\node_modules\newman\node_modules\postman-runtime\lib\runner\extensions\event.command.js:179:27)
    at C:\Users\I329272\AppData\Roaming\npm\node_modules\newman\node_modules\postman-runtime\node_modules\async\dist\async.js:1144:13
    at replenish (C:\Users\I329272\AppData\Roaming\npm\node_modules\newman\node_modules\postman-runtime\node_modules\async\dist\async.js:1018:21)
    at C:\Users\I329272\AppData\Roaming\npm\node_modules\newman\node_modules\postman-runtime\node_modules\async\dist\async.js:1022:13
---
Iteration: 1

---
testScriptError: TypeError: Cannot read property 'results' of undefined
    at Object.eval (eval at <anonymous> (evalmachine.<anonymous>:284:34), <anonymous>:4:21)
    at evalmachine.<anonymous>:293:23
    at evalmachine.<anonymous>:299:2
    at Object.exports.runInContext (vm.js:44:17)
    at _.extend._run (C:\Users\I329272\AppData\Roaming\npm\node_modules\newman\node_modules\postman-runtime\lib\uvm\host.js:156:16)
    at _.extend.execute (C:\Users\I329272\AppData\Roaming\npm\node_modules\newman\node_modules\postman-runtime\lib\uvm\host.js:121:14)
    at PostmanCollectionRun.<anonymous> (C:\Users\I329272\AppData\Roaming\npm\node_modules\newman\node_modules\postman-runtime\lib\runner\extensions\event.command.js:179:27)
    at C:\Users\I329272\AppData\Roaming\npm\node_modules\newman\node_modules\postman-runtime\node_modules\async\dist\async.js:1144:13
    at replenish (C:\Users\I329272\AppData\Roaming\npm\node_modules\newman\node_modules\postman-runtime\node_modules\async\dist\async.js:1018:21)
    at C:\Users\I329272\AppData\Roaming\npm\node_modules\newman\node_modules\postman-runtime\node_modules\async\dist\async.js:1022:13
---
Iteration: 2

---
testScriptError: TypeError: Cannot read property 'results' of undefined
    at Object.eval (eval at <anonymous> (evalmachine.<anonymous>:284:34), <anonymous>:4:21)
    at evalmachine.<anonymous>:293:23
    at evalmachine.<anonymous>:299:2
    at Object.exports.runInContext (vm.js:44:17)
    at _.extend._run (C:\Users\I329272\AppData\Roaming\npm\node_modules\newman\node_modules\postman-runtime\lib\uvm\host.js:156:16)
    at _.extend.execute (C:\Users\I329272\AppData\Roaming\npm\node_modules\newman\node_modules\postman-runtime\lib\uvm\host.js:121:14)
    at PostmanCollectionRun.<anonymous> (C:\Users\I329272\AppData\Roaming\npm\node_modules\newman\node_modules\postman-runtime\lib\runner\extensions\event.command.js:179:27)
    at C:\Users\I329272\AppData\Roaming\npm\node_modules\newman\node_modules\postman-runtime\node_modules\async\dist\async.js:1144:13
    at replenish (C:\Users\I329272\AppData\Roaming\npm\node_modules\newman\node_modules\postman-runtime\node_modules\async\dist\async.js:1018:21)
    at C:\Users\I329272\AppData\Roaming\npm\node_modules\newman\node_modules\postman-runtime\node_modules\async\dist\async.js:1022:13
---
Iteration: 3

---
testScriptError: TypeError: Cannot read property 'results' of undefined
    at Object.eval (eval at <anonymous> (evalmachine.<anonymous>:284:34), <anonymous>:4:21)
    at evalmachine.<anonymous>:293:23
    at evalmachine.<anonymous>:299:2
    at Object.exports.runInContext (vm.js:44:17)
    at _.extend._run (C:\Users\I329272\AppData\Roaming\npm\node_modules\newman\node_modules\postman-runtime\lib\uvm\host.js:156:16)
    at _.extend.execute (C:\Users\I329272\AppData\Roaming\npm\node_modules\newman\node_modules\postman-runtime\lib\uvm\host.js:121:14)
    at PostmanCollectionRun.<anonymous> (C:\Users\I329272\AppData\Roaming\npm\node_modules\newman\node_modules\postman-runtime\lib\runner\extensions\event.command.js:179:27)
    at C:\Users\I329272\AppData\Roaming\npm\node_modules\newman\node_modules\postman-runtime\node_modules\async\dist\async.js:1144:13
    at replenish (C:\Users\I329272\AppData\Roaming\npm\node_modules\newman\node_modules\postman-runtime\node_modules\async\dist\async.js:1018:21)
    at C:\Users\I329272\AppData\Roaming\npm\node_modules\newman\node_modules\postman-runtime\node_modules\async\dist\async.js:1022:13
---
Iteration: 4

---
testScriptError: TypeError: Cannot read property 'results' of undefined
    at Object.eval (eval at <anonymous> (evalmachine.<anonymous>:284:34), <anonymous>:4:21)
    at evalmachine.<anonymous>:293:23
    at evalmachine.<anonymous>:299:2
    at Object.exports.runInContext (vm.js:44:17)
    at _.extend._run (C:\Users\I329272\AppData\Roaming\npm\node_modules\newman\node_modules\postman-runtime\lib\uvm\host.js:156:16)
    at _.extend.execute (C:\Users\I329272\AppData\Roaming\npm\node_modules\newman\node_modules\postman-runtime\lib\uvm\host.js:121:14)
    at PostmanCollectionRun.<anonymous> (C:\Users\I329272\AppData\Roaming\npm\node_modules\newman\node_modules\postman-runtime\lib\runner\extensions\event.command.js:179:27)
    at C:\Users\I329272\AppData\Roaming\npm\node_modules\newman\node_modules\postman-runtime\node_modules\async\dist\async.js:1144:13
    at replenish (C:\Users\I329272\AppData\Roaming\npm\node_modules\newman\node_modules\postman-runtime\node_modules\async\dist\async.js:1018:21)
    at C:\Users\I329272\AppData\Roaming\npm\node_modules\newman\node_modules\postman-runtime\node_modules\async\dist\async.js:1022:13
---
Iteration: 5

---
testScriptError: TypeError: Cannot read property 'results' of undefined
    at Object.eval (eval at <anonymous> (evalmachine.<anonymous>:284:34), <anonymous>:4:21)
    at evalmachine.<anonymous>:293:23
    at evalmachine.<anonymous>:299:2
    at Object.exports.runInContext (vm.js:44:17)
    at _.extend._run (C:\Users\I329272\AppData\Roaming\npm\node_modules\newman\node_modules\postman-runtime\lib\uvm\host.js:156:16)
    at _.extend.execute (C:\Users\I329272\AppData\Roaming\npm\node_modules\newman\node_modules\postman-runtime\lib\uvm\host.js:121:14)
    at PostmanCollectionRun.<anonymous> (C:\Users\I329272\AppData\Roaming\npm\node_modules\newman\node_modules\postman-runtime\lib\runner\extensions\event.command.js:179:27)
    at C:\Users\I329272\AppData\Roaming\npm\node_modules\newman\node_modules\postman-runtime\node_modules\async\dist\async.js:1144:13
    at replenish (C:\Users\I329272\AppData\Roaming\npm\node_modules\newman\node_modules\postman-runtime\node_modules\async\dist\async.js:1018:21)
    at C:\Users\I329272\AppData\Roaming\npm\node_modules\newman\node_modules\postman-runtime\node_modules\async\dist\async.js:1022:13
---
Iteration: 6

---
testScriptError: TypeError: Cannot read property 'results' of undefined
    at Object.eval (eval at <anonymous> (evalmachine.<anonymous>:284:34), <anonymous>:4:21)
    at evalmachine.<anonymous>:293:23
    at evalmachine.<anonymous>:299:2
    at Object.exports.runInContext (vm.js:44:17)
    at _.extend._run (C:\Users\I329272\AppData\Roaming\npm\node_modules\newman\node_modules\postman-runtime\lib\uvm\host.js:156:16)
    at _.extend.execute (C:\Users\I329272\AppData\Roaming\npm\node_modules\newman\node_modules\postman-runtime\lib\uvm\host.js:121:14)
    at PostmanCollectionRun.<anonymous> (C:\Users\I329272\AppData\Roaming\npm\node_modules\newman\node_modules\postman-runtime\lib\runner\extensions\event.command.js:179:27)
    at C:\Users\I329272\AppData\Roaming\npm\node_modules\newman\node_modules\postman-runtime\node_modules\async\dist\async.js:1144:13
    at replenish (C:\Users\I329272\AppData\Roaming\npm\node_modules\newman\node_modules\postman-runtime\node_modules\async\dist\async.js:1018:21)
    at C:\Users\I329272\AppData\Roaming\npm\node_modules\newman\node_modules\postman-runtime\node_modules\async\dist\async.js:1022:13
---
Iteration: 7

---
testScriptError: TypeError: Cannot read property 'results' of undefined
    at Object.eval (eval at <anonymous> (evalmachine.<anonymous>:284:34), <anonymous>:4:21)
    at evalmachine.<anonymous>:293:23
    at evalmachine.<anonymous>:299:2
    at Object.exports.runInContext (vm.js:44:17)
    at _.extend._run (C:\Users\I329272\AppData\Roaming\npm\node_modules\newman\node_modules\postman-runtime\lib\uvm\host.js:156:16)
    at _.extend.execute (C:\Users\I329272\AppData\Roaming\npm\node_modules\newman\node_modules\postman-runtime\lib\uvm\host.js:121:14)
    at PostmanCollectionRun.<anonymous> (C:\Users\I329272\AppData\Roaming\npm\node_modules\newman\node_modules\postman-runtime\lib\runner\extensions\event.command.js:179:27)
    at C:\Users\I329272\AppData\Roaming\npm\node_modules\newman\node_modules\postman-runtime\node_modules\async\dist\async.js:1144:13
    at replenish (C:\Users\I329272\AppData\Roaming\npm\node_modules\newman\node_modules\postman-runtime\node_modules\async\dist\async.js:1018:21)
    at C:\Users\I329272\AppData\Roaming\npm\node_modules\newman\node_modules\postman-runtime\node_modules\async\dist\async.js:1022:13
---
]]>
    </error>
  </testsuite>
  <testsuite name="Add Business Profile Features with entitlements with limits" id="d6d20a96-1c0b-459f-bc90-7180cc7b79c7" tests="1" time="665">
    <testcase name="Modify entitlements for feature undefined on cross profile">
      <failure type="AssertionFailure">
        <![CDATA[Failed 8 times.]]>
      </failure>
    </testcase>
  </testsuite>
  <testsuite name="get ProfileFeatures with children and limits verify" id="0e7f9d27-dda8-4f21-a489-a8f616c5b59d" tests="0" time="775.875">
    <error>
      <![CDATA[Iteration: 0

---
testScriptError: TypeError: Cannot read property 'results' of undefined
    at Object.eval (eval at <anonymous> (evalmachine.<anonymous>:284:34), <anonymous>:4:21)
    at evalmachine.<anonymous>:293:23
    at evalmachine.<anonymous>:299:2
    at Object.exports.runInContext (vm.js:44:17)
    at _.extend._run (C:\Users\I329272\AppData\Roaming\npm\node_modules\newman\node_modules\postman-runtime\lib\uvm\host.js:156:16)
    at _.extend.execute (C:\Users\I329272\AppData\Roaming\npm\node_modules\newman\node_modules\postman-runtime\lib\uvm\host.js:121:14)
    at PostmanCollectionRun.<anonymous> (C:\Users\I329272\AppData\Roaming\npm\node_modules\newman\node_modules\postman-runtime\lib\runner\extensions\event.command.js:179:27)
    at C:\Users\I329272\AppData\Roaming\npm\node_modules\newman\node_modules\postman-runtime\node_modules\async\dist\async.js:1144:13
    at replenish (C:\Users\I329272\AppData\Roaming\npm\node_modules\newman\node_modules\postman-runtime\node_modules\async\dist\async.js:1018:21)
    at C:\Users\I329272\AppData\Roaming\npm\node_modules\newman\node_modules\postman-runtime\node_modules\async\dist\async.js:1022:13
---
Iteration: 1

---
testScriptError: TypeError: Cannot read property 'results' of undefined
    at Object.eval (eval at <anonymous> (evalmachine.<anonymous>:284:34), <anonymous>:4:21)
    at evalmachine.<anonymous>:293:23
    at evalmachine.<anonymous>:299:2
    at Object.exports.runInContext (vm.js:44:17)
    at _.extend._run (C:\Users\I329272\AppData\Roaming\npm\node_modules\newman\node_modules\postman-runtime\lib\uvm\host.js:156:16)
    at _.extend.execute (C:\Users\I329272\AppData\Roaming\npm\node_modules\newman\node_modules\postman-runtime\lib\uvm\host.js:121:14)
    at PostmanCollectionRun.<anonymous> (C:\Users\I329272\AppData\Roaming\npm\node_modules\newman\node_modules\postman-runtime\lib\runner\extensions\event.command.js:179:27)
    at C:\Users\I329272\AppData\Roaming\npm\node_modules\newman\node_modules\postman-runtime\node_modules\async\dist\async.js:1144:13
    at replenish (C:\Users\I329272\AppData\Roaming\npm\node_modules\newman\node_modules\postman-runtime\node_modules\async\dist\async.js:1018:21)
    at C:\Users\I329272\AppData\Roaming\npm\node_modules\newman\node_modules\postman-runtime\node_modules\async\dist\async.js:1022:13
---
Iteration: 2

---
testScriptError: TypeError: Cannot read property 'results' of undefined
    at Object.eval (eval at <anonymous> (evalmachine.<anonymous>:284:34), <anonymous>:4:21)
    at evalmachine.<anonymous>:293:23
    at evalmachine.<anonymous>:299:2
    at Object.exports.runInContext (vm.js:44:17)
    at _.extend._run (C:\Users\I329272\AppData\Roaming\npm\node_modules\newman\node_modules\postman-runtime\lib\uvm\host.js:156:16)
    at _.extend.execute (C:\Users\I329272\AppData\Roaming\npm\node_modules\newman\node_modules\postman-runtime\lib\uvm\host.js:121:14)
    at PostmanCollectionRun.<anonymous> (C:\Users\I329272\AppData\Roaming\npm\node_modules\newman\node_modules\postman-runtime\lib\runner\extensions\event.command.js:179:27)
    at C:\Users\I329272\AppData\Roaming\npm\node_modules\newman\node_modules\postman-runtime\node_modules\async\dist\async.js:1144:13
    at replenish (C:\Users\I329272\AppData\Roaming\npm\node_modules\newman\node_modules\postman-runtime\node_modules\async\dist\async.js:1018:21)
    at C:\Users\I329272\AppData\Roaming\npm\node_modules\newman\node_modules\postman-runtime\node_modules\async\dist\async.js:1022:13
---
Iteration: 3

---
testScriptError: TypeError: Cannot read property 'results' of undefined
    at Object.eval (eval at <anonymous> (evalmachine.<anonymous>:284:34), <anonymous>:4:21)
    at evalmachine.<anonymous>:293:23
    at evalmachine.<anonymous>:299:2
    at Object.exports.runInContext (vm.js:44:17)
    at _.extend._run (C:\Users\I329272\AppData\Roaming\npm\node_modules\newman\node_modules\postman-runtime\lib\uvm\host.js:156:16)
    at _.extend.execute (C:\Users\I329272\AppData\Roaming\npm\node_modules\newman\node_modules\postman-runtime\lib\uvm\host.js:121:14)
    at PostmanCollectionRun.<anonymous> (C:\Users\I329272\AppData\Roaming\npm\node_modules\newman\node_modules\postman-runtime\lib\runner\extensions\event.command.js:179:27)
    at C:\Users\I329272\AppData\Roaming\npm\node_modules\newman\node_modules\postman-runtime\node_modules\async\dist\async.js:1144:13
    at replenish (C:\Users\I329272\AppData\Roaming\npm\node_modules\newman\node_modules\postman-runtime\node_modules\async\dist\async.js:1018:21)
    at C:\Users\I329272\AppData\Roaming\npm\node_modules\newman\node_modules\postman-runtime\node_modules\async\dist\async.js:1022:13
---
Iteration: 4

---
testScriptError: TypeError: Cannot read property 'results' of undefined
    at Object.eval (eval at <anonymous> (evalmachine.<anonymous>:284:34), <anonymous>:4:21)
    at evalmachine.<anonymous>:293:23
    at evalmachine.<anonymous>:299:2
    at Object.exports.runInContext (vm.js:44:17)
    at _.extend._run (C:\Users\I329272\AppData\Roaming\npm\node_modules\newman\node_modules\postman-runtime\lib\uvm\host.js:156:16)
    at _.extend.execute (C:\Users\I329272\AppData\Roaming\npm\node_modules\newman\node_modules\postman-runtime\lib\uvm\host.js:121:14)
    at PostmanCollectionRun.<anonymous> (C:\Users\I329272\AppData\Roaming\npm\node_modules\newman\node_modules\postman-runtime\lib\runner\extensions\event.command.js:179:27)
    at C:\Users\I329272\AppData\Roaming\npm\node_modules\newman\node_modules\postman-runtime\node_modules\async\dist\async.js:1144:13
    at replenish (C:\Users\I329272\AppData\Roaming\npm\node_modules\newman\node_modules\postman-runtime\node_modules\async\dist\async.js:1018:21)
    at C:\Users\I329272\AppData\Roaming\npm\node_modules\newman\node_modules\postman-runtime\node_modules\async\dist\async.js:1022:13
---
Iteration: 5

---
testScriptError: TypeError: Cannot read property 'results' of undefined
    at Object.eval (eval at <anonymous> (evalmachine.<anonymous>:284:34), <anonymous>:4:21)
    at evalmachine.<anonymous>:293:23
    at evalmachine.<anonymous>:299:2
    at Object.exports.runInContext (vm.js:44:17)
    at _.extend._run (C:\Users\I329272\AppData\Roaming\npm\node_modules\newman\node_modules\postman-runtime\lib\uvm\host.js:156:16)
    at _.extend.execute (C:\Users\I329272\AppData\Roaming\npm\node_modules\newman\node_modules\postman-runtime\lib\uvm\host.js:121:14)
    at PostmanCollectionRun.<anonymous> (C:\Users\I329272\AppData\Roaming\npm\node_modules\newman\node_modules\postman-runtime\lib\runner\extensions\event.command.js:179:27)
    at C:\Users\I329272\AppData\Roaming\npm\node_modules\newman\node_modules\postman-runtime\node_modules\async\dist\async.js:1144:13
    at replenish (C:\Users\I329272\AppData\Roaming\npm\node_modules\newman\node_modules\postman-runtime\node_modules\async\dist\async.js:1018:21)
    at C:\Users\I329272\AppData\Roaming\npm\node_modules\newman\node_modules\postman-runtime\node_modules\async\dist\async.js:1022:13
---
Iteration: 6

---
testScriptError: TypeError: Cannot read property 'results' of undefined
    at Object.eval (eval at <anonymous> (evalmachine.<anonymous>:284:34), <anonymous>:4:21)
    at evalmachine.<anonymous>:293:23
    at evalmachine.<anonymous>:299:2
    at Object.exports.runInContext (vm.js:44:17)
    at _.extend._run (C:\Users\I329272\AppData\Roaming\npm\node_modules\newman\node_modules\postman-runtime\lib\uvm\host.js:156:16)
    at _.extend.execute (C:\Users\I329272\AppData\Roaming\npm\node_modules\newman\node_modules\postman-runtime\lib\uvm\host.js:121:14)
    at PostmanCollectionRun.<anonymous> (C:\Users\I329272\AppData\Roaming\npm\node_modules\newman\node_modules\postman-runtime\lib\runner\extensions\event.command.js:179:27)
    at C:\Users\I329272\AppData\Roaming\npm\node_modules\newman\node_modules\postman-runtime\node_modules\async\dist\async.js:1144:13
    at replenish (C:\Users\I329272\AppData\Roaming\npm\node_modules\newman\node_modules\postman-runtime\node_modules\async\dist\async.js:1018:21)
    at C:\Users\I329272\AppData\Roaming\npm\node_modules\newman\node_modules\postman-runtime\node_modules\async\dist\async.js:1022:13
---
Iteration: 7

---
testScriptError: TypeError: Cannot read property 'results' of undefined
    at Object.eval (eval at <anonymous> (evalmachine.<anonymous>:284:34), <anonymous>:4:21)
    at evalmachine.<anonymous>:293:23
    at evalmachine.<anonymous>:299:2
    at Object.exports.runInContext (vm.js:44:17)
    at _.extend._run (C:\Users\I329272\AppData\Roaming\npm\node_modules\newman\node_modules\postman-runtime\lib\uvm\host.js:156:16)
    at _.extend.execute (C:\Users\I329272\AppData\Roaming\npm\node_modules\newman\node_modules\postman-runtime\lib\uvm\host.js:121:14)
    at PostmanCollectionRun.<anonymous> (C:\Users\I329272\AppData\Roaming\npm\node_modules\newman\node_modules\postman-runtime\lib\runner\extensions\event.command.js:179:27)
    at C:\Users\I329272\AppData\Roaming\npm\node_modules\newman\node_modules\postman-runtime\node_modules\async\dist\async.js:1144:13
    at replenish (C:\Users\I329272\AppData\Roaming\npm\node_modules\newman\node_modules\postman-runtime\node_modules\async\dist\async.js:1018:21)
    at C:\Users\I329272\AppData\Roaming\npm\node_modules\newman\node_modules\postman-runtime\node_modules\async\dist\async.js:1022:13
---
]]>
    </error>
  </testsuite>
  <testsuite name="Add Retail User Profile Features with entitlements with limits on Channel" id="6d120f95-9114-4dea-8ca2-aa426bdcee00" tests="1" time="602.75">
    <testcase name="Modify entitlements with limit for feature undefined on channel profile">
      <failure type="AssertionFailure">
        <![CDATA[Failed 8 times.]]>
      </failure>
    </testcase>
  </testsuite>
  <testsuite name="get ProfileFeatures with children and limits verify on channel" id="2ae3e843-69f6-443a-88be-b70029423cc2" tests="0" time="1120.75">
    <error>
      <![CDATA[Iteration: 0

---
testScriptError: TypeError: Cannot read property 'results' of undefined
    at Object.eval (eval at <anonymous> (evalmachine.<anonymous>:284:34), <anonymous>:4:21)
    at evalmachine.<anonymous>:293:23
    at evalmachine.<anonymous>:299:2
    at Object.exports.runInContext (vm.js:44:17)
    at _.extend._run (C:\Users\I329272\AppData\Roaming\npm\node_modules\newman\node_modules\postman-runtime\lib\uvm\host.js:156:16)
    at _.extend.execute (C:\Users\I329272\AppData\Roaming\npm\node_modules\newman\node_modules\postman-runtime\lib\uvm\host.js:121:14)
    at PostmanCollectionRun.<anonymous> (C:\Users\I329272\AppData\Roaming\npm\node_modules\newman\node_modules\postman-runtime\lib\runner\extensions\event.command.js:179:27)
    at C:\Users\I329272\AppData\Roaming\npm\node_modules\newman\node_modules\postman-runtime\node_modules\async\dist\async.js:1144:13
    at replenish (C:\Users\I329272\AppData\Roaming\npm\node_modules\newman\node_modules\postman-runtime\node_modules\async\dist\async.js:1018:21)
    at C:\Users\I329272\AppData\Roaming\npm\node_modules\newman\node_modules\postman-runtime\node_modules\async\dist\async.js:1022:13
---
Iteration: 1

---
testScriptError: TypeError: Cannot read property 'results' of undefined
    at Object.eval (eval at <anonymous> (evalmachine.<anonymous>:284:34), <anonymous>:4:21)
    at evalmachine.<anonymous>:293:23
    at evalmachine.<anonymous>:299:2
    at Object.exports.runInContext (vm.js:44:17)
    at _.extend._run (C:\Users\I329272\AppData\Roaming\npm\node_modules\newman\node_modules\postman-runtime\lib\uvm\host.js:156:16)
    at _.extend.execute (C:\Users\I329272\AppData\Roaming\npm\node_modules\newman\node_modules\postman-runtime\lib\uvm\host.js:121:14)
    at PostmanCollectionRun.<anonymous> (C:\Users\I329272\AppData\Roaming\npm\node_modules\newman\node_modules\postman-runtime\lib\runner\extensions\event.command.js:179:27)
    at C:\Users\I329272\AppData\Roaming\npm\node_modules\newman\node_modules\postman-runtime\node_modules\async\dist\async.js:1144:13
    at replenish (C:\Users\I329272\AppData\Roaming\npm\node_modules\newman\node_modules\postman-runtime\node_modules\async\dist\async.js:1018:21)
    at C:\Users\I329272\AppData\Roaming\npm\node_modules\newman\node_modules\postman-runtime\node_modules\async\dist\async.js:1022:13
---
Iteration: 2

---
testScriptError: TypeError: Cannot read property 'results' of undefined
    at Object.eval (eval at <anonymous> (evalmachine.<anonymous>:284:34), <anonymous>:4:21)
    at evalmachine.<anonymous>:293:23
    at evalmachine.<anonymous>:299:2
    at Object.exports.runInContext (vm.js:44:17)
    at _.extend._run (C:\Users\I329272\AppData\Roaming\npm\node_modules\newman\node_modules\postman-runtime\lib\uvm\host.js:156:16)
    at _.extend.execute (C:\Users\I329272\AppData\Roaming\npm\node_modules\newman\node_modules\postman-runtime\lib\uvm\host.js:121:14)
    at PostmanCollectionRun.<anonymous> (C:\Users\I329272\AppData\Roaming\npm\node_modules\newman\node_modules\postman-runtime\lib\runner\extensions\event.command.js:179:27)
    at C:\Users\I329272\AppData\Roaming\npm\node_modules\newman\node_modules\postman-runtime\node_modules\async\dist\async.js:1144:13
    at replenish (C:\Users\I329272\AppData\Roaming\npm\node_modules\newman\node_modules\postman-runtime\node_modules\async\dist\async.js:1018:21)
    at C:\Users\I329272\AppData\Roaming\npm\node_modules\newman\node_modules\postman-runtime\node_modules\async\dist\async.js:1022:13
---
Iteration: 3

---
testScriptError: TypeError: Cannot read property 'results' of undefined
    at Object.eval (eval at <anonymous> (evalmachine.<anonymous>:284:34), <anonymous>:4:21)
    at evalmachine.<anonymous>:293:23
    at evalmachine.<anonymous>:299:2
    at Object.exports.runInContext (vm.js:44:17)
    at _.extend._run (C:\Users\I329272\AppData\Roaming\npm\node_modules\newman\node_modules\postman-runtime\lib\uvm\host.js:156:16)
    at _.extend.execute (C:\Users\I329272\AppData\Roaming\npm\node_modules\newman\node_modules\postman-runtime\lib\uvm\host.js:121:14)
    at PostmanCollectionRun.<anonymous> (C:\Users\I329272\AppData\Roaming\npm\node_modules\newman\node_modules\postman-runtime\lib\runner\extensions\event.command.js:179:27)
    at C:\Users\I329272\AppData\Roaming\npm\node_modules\newman\node_modules\postman-runtime\node_modules\async\dist\async.js:1144:13
    at replenish (C:\Users\I329272\AppData\Roaming\npm\node_modules\newman\node_modules\postman-runtime\node_modules\async\dist\async.js:1018:21)
    at C:\Users\I329272\AppData\Roaming\npm\node_modules\newman\node_modules\postman-runtime\node_modules\async\dist\async.js:1022:13
---
Iteration: 4

---
testScriptError: TypeError: Cannot read property 'results' of undefined
    at Object.eval (eval at <anonymous> (evalmachine.<anonymous>:284:34), <anonymous>:4:21)
    at evalmachine.<anonymous>:293:23
    at evalmachine.<anonymous>:299:2
    at Object.exports.runInContext (vm.js:44:17)
    at _.extend._run (C:\Users\I329272\AppData\Roaming\npm\node_modules\newman\node_modules\postman-runtime\lib\uvm\host.js:156:16)
    at _.extend.execute (C:\Users\I329272\AppData\Roaming\npm\node_modules\newman\node_modules\postman-runtime\lib\uvm\host.js:121:14)
    at PostmanCollectionRun.<anonymous> (C:\Users\I329272\AppData\Roaming\npm\node_modules\newman\node_modules\postman-runtime\lib\runner\extensions\event.command.js:179:27)
    at C:\Users\I329272\AppData\Roaming\npm\node_modules\newman\node_modules\postman-runtime\node_modules\async\dist\async.js:1144:13
    at replenish (C:\Users\I329272\AppData\Roaming\npm\node_modules\newman\node_modules\postman-runtime\node_modules\async\dist\async.js:1018:21)
    at C:\Users\I329272\AppData\Roaming\npm\node_modules\newman\node_modules\postman-runtime\node_modules\async\dist\async.js:1022:13
---
Iteration: 5

---
testScriptError: TypeError: Cannot read property 'results' of undefined
    at Object.eval (eval at <anonymous> (evalmachine.<anonymous>:284:34), <anonymous>:4:21)
    at evalmachine.<anonymous>:293:23
    at evalmachine.<anonymous>:299:2
    at Object.exports.runInContext (vm.js:44:17)
    at _.extend._run (C:\Users\I329272\AppData\Roaming\npm\node_modules\newman\node_modules\postman-runtime\lib\uvm\host.js:156:16)
    at _.extend.execute (C:\Users\I329272\AppData\Roaming\npm\node_modules\newman\node_modules\postman-runtime\lib\uvm\host.js:121:14)
    at PostmanCollectionRun.<anonymous> (C:\Users\I329272\AppData\Roaming\npm\node_modules\newman\node_modules\postman-runtime\lib\runner\extensions\event.command.js:179:27)
    at C:\Users\I329272\AppData\Roaming\npm\node_modules\newman\node_modules\postman-runtime\node_modules\async\dist\async.js:1144:13
    at replenish (C:\Users\I329272\AppData\Roaming\npm\node_modules\newman\node_modules\postman-runtime\node_modules\async\dist\async.js:1018:21)
    at C:\Users\I329272\AppData\Roaming\npm\node_modules\newman\node_modules\postman-runtime\node_modules\async\dist\async.js:1022:13
---
Iteration: 6

---
testScriptError: TypeError: Cannot read property 'results' of undefined
    at Object.eval (eval at <anonymous> (evalmachine.<anonymous>:284:34), <anonymous>:4:21)
    at evalmachine.<anonymous>:293:23
    at evalmachine.<anonymous>:299:2
    at Object.exports.runInContext (vm.js:44:17)
    at _.extend._run (C:\Users\I329272\AppData\Roaming\npm\node_modules\newman\node_modules\postman-runtime\lib\uvm\host.js:156:16)
    at _.extend.execute (C:\Users\I329272\AppData\Roaming\npm\node_modules\newman\node_modules\postman-runtime\lib\uvm\host.js:121:14)
    at PostmanCollectionRun.<anonymous> (C:\Users\I329272\AppData\Roaming\npm\node_modules\newman\node_modules\postman-runtime\lib\runner\extensions\event.command.js:179:27)
    at C:\Users\I329272\AppData\Roaming\npm\node_modules\newman\node_modules\postman-runtime\node_modules\async\dist\async.js:1144:13
    at replenish (C:\Users\I329272\AppData\Roaming\npm\node_modules\newman\node_modules\postman-runtime\node_modules\async\dist\async.js:1018:21)
    at C:\Users\I329272\AppData\Roaming\npm\node_modules\newman\node_modules\postman-runtime\node_modules\async\dist\async.js:1022:13
---
Iteration: 7

---
testScriptError: TypeError: Cannot read property 'results' of undefined
    at Object.eval (eval at <anonymous> (evalmachine.<anonymous>:284:34), <anonymous>:4:21)
    at evalmachine.<anonymous>:293:23
    at evalmachine.<anonymous>:299:2
    at Object.exports.runInContext (vm.js:44:17)
    at _.extend._run (C:\Users\I329272\AppData\Roaming\npm\node_modules\newman\node_modules\postman-runtime\lib\uvm\host.js:156:16)
    at _.extend.execute (C:\Users\I329272\AppData\Roaming\npm\node_modules\newman\node_modules\postman-runtime\lib\uvm\host.js:121:14)
    at PostmanCollectionRun.<anonymous> (C:\Users\I329272\AppData\Roaming\npm\node_modules\newman\node_modules\postman-runtime\lib\runner\extensions\event.command.js:179:27)
    at C:\Users\I329272\AppData\Roaming\npm\node_modules\newman\node_modules\postman-runtime\node_modules\async\dist\async.js:1144:13
    at replenish (C:\Users\I329272\AppData\Roaming\npm\node_modules\newman\node_modules\postman-runtime\node_modules\async\dist\async.js:1018:21)
    at C:\Users\I329272\AppData\Roaming\npm\node_modules\newman\node_modules\postman-runtime\node_modules\async\dist\async.js:1022:13
---
]]>
    </error>
  </testsuite>
</testsuites>