<?xml version="1.0" encoding="UTF-8"?>
<testsuites name="ProfileAssignmentsBusiness">
  <testsuite name="Login to CB as primaryadmin" id="2286411d-6a8c-4723-b36c-828a7ea28b7d" tests="1" time="1107">
    <testcase name="status code is 201 : Created"/>
  </testsuite>
  <testsuite name="Add Business Profile" id="4a9fe730-93ba-4237-a85e-4529dde6d289" tests="0" time="0">
    <error>
      <![CDATA[Iteration: 0
RequestError: Error: read ECONNRESET
    at exports._errnoException (util.js:907:11)
    at TLSWrap.onread (net.js:557:26)

---
testScriptError: ReferenceError: responseBody is not defined
    at Object.eval (eval at <anonymous> (evalmachine.<anonymous>:284:34), <anonymous>:3:27)
    at evalmachine.<anonymous>:293:23
    at evalmachine.<anonymous>:299:2
    at Object.exports.runInContext (vm.js:44:17)
    at _.extend._run (C:\Users\I329272\AppData\Roaming\npm\node_modules\newman\node_modules\postman-runtime\lib\uvm\host.js:156:16)
    at _.extend.execute (C:\Users\I329272\AppData\Roaming\npm\node_modules\newman\node_modules\postman-runtime\lib\uvm\host.js:121:14)
    at PostmanCollectionRun.<anonymous> (C:\Users\I329272\AppData\Roaming\npm\node_modules\newman\node_modules\postman-runtime\lib\runner\extensions\event.command.js:179:27)
    at C:\Users\I329272\AppData\Roaming\npm\node_modules\newman\node_modules\postman-runtime\node_modules\async\dist\async.js:1144:13
    at replenish (C:\Users\I329272\AppData\Roaming\npm\node_modules\newman\node_modules\postman-runtime\node_modules\async\dist\async.js:1018:21)
    at C:\Users\I329272\AppData\Roaming\npm\node_modules\newman\node_modules\postman-runtime\node_modules\async\dist\async.js:1022:13
---
]]>
    </error>
  </testsuite>
  <testsuite name="get profile by Id copy" id="f97b51d5-0e12-4bf4-9dda-62671a21b230" tests="1" time="939">
    <error>
      <![CDATA[Iteration: 0

---
testScriptError: TypeError: Cannot read property 'ChannelProfiles' of undefined
    at Object.eval (eval at <anonymous> (evalmachine.<anonymous>:284:34), <anonymous>:5:21)
    at evalmachine.<anonymous>:293:23
    at evalmachine.<anonymous>:299:2
    at Object.exports.runInContext (vm.js:44:17)
    at _.extend._run (C:\Users\I329272\AppData\Roaming\npm\node_modules\newman\node_modules\postman-runtime\lib\uvm\host.js:156:16)
    at _.extend.execute (C:\Users\I329272\AppData\Roaming\npm\node_modules\newman\node_modules\postman-runtime\lib\uvm\host.js:121:14)
    at PostmanCollectionRun.<anonymous> (C:\Users\I329272\AppData\Roaming\npm\node_modules\newman\node_modules\postman-runtime\lib\runner\extensions\event.command.js:179:27)
    at C:\Users\I329272\AppData\Roaming\npm\node_modules\newman\node_modules\postman-runtime\node_modules\async\dist\async.js:1144:13
    at replenish (C:\Users\I329272\AppData\Roaming\npm\node_modules\newman\node_modules\postman-runtime\node_modules\async\dist\async.js:1018:21)
    at C:\Users\I329272\AppData\Roaming\npm\node_modules\newman\node_modules\postman-runtime\node_modules\async\dist\async.js:1022:13
---
]]>
    </error>
    <testcase name="status code is 200 : OK">
      <failure type="AssertionFailure">
        <![CDATA[Failed 1 times.]]>
      </failure>
    </testcase>
  </testsuite>
  <testsuite name="business user add with profile" id="24607e21-376a-4e86-86be-828aaab70ded" tests="1" time="1386">
    <error>
      <![CDATA[Iteration: 0

---
testScriptError: TypeError: Cannot read property 'Id' of undefined
    at Object.eval (eval at <anonymous> (evalmachine.<anonymous>:284:34), <anonymous>:5:51)
    at evalmachine.<anonymous>:293:23
    at evalmachine.<anonymous>:299:2
    at Object.exports.runInContext (vm.js:44:17)
    at _.extend._run (C:\Users\I329272\AppData\Roaming\npm\node_modules\newman\node_modules\postman-runtime\lib\uvm\host.js:156:16)
    at _.extend.execute (C:\Users\I329272\AppData\Roaming\npm\node_modules\newman\node_modules\postman-runtime\lib\uvm\host.js:121:14)
    at PostmanCollectionRun.<anonymous> (C:\Users\I329272\AppData\Roaming\npm\node_modules\newman\node_modules\postman-runtime\lib\runner\extensions\event.command.js:179:27)
    at C:\Users\I329272\AppData\Roaming\npm\node_modules\newman\node_modules\postman-runtime\node_modules\async\dist\async.js:1144:13
    at replenish (C:\Users\I329272\AppData\Roaming\npm\node_modules\newman\node_modules\postman-runtime\node_modules\async\dist\async.js:1018:21)
    at C:\Users\I329272\AppData\Roaming\npm\node_modules\newman\node_modules\postman-runtime\node_modules\async\dist\async.js:1022:13
---
]]>
    </error>
    <testcase name="status code is 201 : Created">
      <failure type="AssertionFailure">
        <![CDATA[Failed 1 times.]]>
      </failure>
    </testcase>
  </testsuite>
  <testsuite name="Get Business Users with profile" id="4064f136-49cd-45c8-89bd-7ca4871e2b54" tests="0" time="887">
    <error>
      <![CDATA[Iteration: 0

---
testScriptError: TypeError: Cannot read property 'UserName' of undefined
    at Object.eval (eval at <anonymous> (evalmachine.<anonymous>:284:34), <anonymous>:4:53)
    at evalmachine.<anonymous>:293:23
    at evalmachine.<anonymous>:299:2
    at Object.exports.runInContext (vm.js:44:17)
    at _.extend._run (C:\Users\I329272\AppData\Roaming\npm\node_modules\newman\node_modules\postman-runtime\lib\uvm\host.js:156:16)
    at _.extend.execute (C:\Users\I329272\AppData\Roaming\npm\node_modules\newman\node_modules\postman-runtime\lib\uvm\host.js:121:14)
    at PostmanCollectionRun.<anonymous> (C:\Users\I329272\AppData\Roaming\npm\node_modules\newman\node_modules\postman-runtime\lib\runner\extensions\event.command.js:179:27)
    at C:\Users\I329272\AppData\Roaming\npm\node_modules\newman\node_modules\postman-runtime\node_modules\async\dist\async.js:1144:13
    at replenish (C:\Users\I329272\AppData\Roaming\npm\node_modules\newman\node_modules\postman-runtime\node_modules\async\dist\async.js:1018:21)
    at C:\Users\I329272\AppData\Roaming\npm\node_modules\newman\node_modules\postman-runtime\node_modules\async\dist\async.js:1022:13
---
]]>
    </error>
  </testsuite>
  <testsuite name="modify business user" id="f779b73d-a326-40a3-bb6d-a1b83f80f966" tests="1" time="1441">
    <testcase name="status code is 204 : No Content">
      <failure type="AssertionFailure">
        <![CDATA[Failed 1 times.]]>
      </failure>
    </testcase>
  </testsuite>
  <testsuite name="Get Business Users with profile copy" id="2b52821c-4832-413a-b91e-62b411280144" tests="1" time="971">
    <testcase name="User profile id verified">
      <failure type="AssertionFailure">
        <![CDATA[Failed 1 times.]]>
      </failure>
    </testcase>
  </testsuite>
  <testsuite name="business user add without profile" id="6389299e-0af3-4b12-8d42-15b1ce6a3722" tests="1" time="539">
    <testcase name="Profile is required."/>
  </testsuite>
  <testsuite name="business user add with channel profile" id="20b4e1f3-c218-4aee-91dd-95c3abdbbae9" tests="1" time="868">
    <testcase name="Profile ID is Invalid.">
      <failure type="AssertionFailure">
        <![CDATA[Failed 1 times.]]>
      </failure>
    </testcase>
  </testsuite>
  <testsuite name="business user add with retailUser profile" id="6d70e270-ad9a-4d12-baa3-38d7e6fd0c32" tests="1" time="886">
    <testcase name="Profile ID is Invalid."/>
  </testsuite>
  <testsuite name="business user add with invalid profileId" id="40737910-1fe5-4c0c-8874-6117a87eb451" tests="1" time="1025">
    <testcase name="Profile ID is Invalid."/>
  </testsuite>
  <testsuite name="business user add with multiple profile" id="153258c6-4cf4-4258-b0d8-1654c8b008de" tests="1" time="875">
    <testcase name="User can be assigned to only one Profile."/>
  </testsuite>
  <testsuite name="Login to CB as jolina" id="6f295cc9-7700-4ea6-8f5f-eb0709e479ee" tests="1" time="836">
    <testcase name="status code is 201 : Created"/>
  </testsuite>
  <testsuite name="Add Business Profile with user not entitled to add" id="098ab454-d7e8-463e-b445-d9b2db93e6e5" tests="1" time="457">
    <testcase name="status code is 400 : Bad Request"/>
  </testsuite>
  <testsuite name="business user add with profile with user not entitled" id="9ae63af0-e9c9-41e7-a8d3-87621a2a03a8" tests="1" time="810">
    <testcase name="status code is 400 : Bad Request"/>
  </testsuite>
  <testsuite name="Login to CB as secondaryadmin" id="81ea2a17-4adc-4056-a364-50cdd23ee048" tests="1" time="818">
    <testcase name="status code is 201 : Created"/>
  </testsuite>
  <testsuite name="Add Business Profile with secondaryadmin" id="abefbb66-7c4b-4485-8e1f-91a83a355c8d" tests="1" time="513">
    <testcase name="status code is 201 : Created"/>
  </testsuite>
  <testsuite name="business user add with secondaryadmin" id="c2c8f5bd-2d03-4fc6-8f07-6630f322a556" tests="0" time="0">
    <error>
      <![CDATA[Iteration: 0
RequestError: Error: read ECONNRESET
    at exports._errnoException (util.js:907:11)
    at TLSWrap.onread (net.js:557:26)

---
testScriptError: ReferenceError: responseCode is not defined
    at Object.eval (eval at <anonymous> (evalmachine.<anonymous>:284:34), <anonymous>:3:41)
    at evalmachine.<anonymous>:293:23
    at evalmachine.<anonymous>:299:2
    at Object.exports.runInContext (vm.js:44:17)
    at _.extend._run (C:\Users\I329272\AppData\Roaming\npm\node_modules\newman\node_modules\postman-runtime\lib\uvm\host.js:156:16)
    at _.extend.execute (C:\Users\I329272\AppData\Roaming\npm\node_modules\newman\node_modules\postman-runtime\lib\uvm\host.js:121:14)
    at PostmanCollectionRun.<anonymous> (C:\Users\I329272\AppData\Roaming\npm\node_modules\newman\node_modules\postman-runtime\lib\runner\extensions\event.command.js:179:27)
    at C:\Users\I329272\AppData\Roaming\npm\node_modules\newman\node_modules\postman-runtime\node_modules\async\dist\async.js:1144:13
    at replenish (C:\Users\I329272\AppData\Roaming\npm\node_modules\newman\node_modules\postman-runtime\node_modules\async\dist\async.js:1018:21)
    at C:\Users\I329272\AppData\Roaming\npm\node_modules\newman\node_modules\postman-runtime\node_modules\async\dist\async.js:1022:13
---
]]>
    </error>
  </testsuite>
  <testsuite name="delete assigned profile" id="2949b86f-4a32-49d4-a9f2-6be17237b9e2" tests="1" time="1841">
    <testcase name="Can not delete assigned Profile."/>
  </testsuite>
</testsuites>