<?xml version="1.0" encoding="UTF-8"?>
<testsuites name="BusinessUserProfile_Harness">
  <testsuite name="Login to CB as primaryadmin" id="0a1b8cd8-83c8-4cc6-9b78-7bdd2dd100a8" tests="1" time="958.5">
    <testcase name="status code is 201 : Created"/>
  </testsuite>
  <testsuite name="Add Business Profile" id="9266c734-8908-492d-b173-6c16c07a9dfb" tests="1" time="140.5">
    <error>
      <![CDATA[Iteration: 0
RequestError: Error: read ECONNRESET
    at exports._errnoException (util.js:907:11)
    at TLSWrap.onread (net.js:557:26)

---
testScriptError: ReferenceError: responseBody is not defined
    at Object.eval (eval at <anonymous> (evalmachine.<anonymous>:284:34), <anonymous>:3:27)
    at evalmachine.<anonymous>:293:23
    at evalmachine.<anonymous>:299:2
    at Object.exports.runInContext (vm.js:44:17)
    at _.extend._run (C:\Users\I329272\AppData\Roaming\npm\node_modules\newman\node_modules\postman-runtime\lib\uvm\host.js:156:16)
    at _.extend.execute (C:\Users\I329272\AppData\Roaming\npm\node_modules\newman\node_modules\postman-runtime\lib\uvm\host.js:121:14)
    at PostmanCollectionRun.<anonymous> (C:\Users\I329272\AppData\Roaming\npm\node_modules\newman\node_modules\postman-runtime\lib\runner\extensions\event.command.js:179:27)
    at C:\Users\I329272\AppData\Roaming\npm\node_modules\newman\node_modules\postman-runtime\node_modules\async\dist\async.js:1144:13
    at replenish (C:\Users\I329272\AppData\Roaming\npm\node_modules\newman\node_modules\postman-runtime\node_modules\async\dist\async.js:1018:21)
    at C:\Users\I329272\AppData\Roaming\npm\node_modules\newman\node_modules\postman-runtime\node_modules\async\dist\async.js:1022:13
---
]]>
    </error>
    <testcase name="status code is 201 : Created"/>
  </testsuite>
  <testsuite name="delete profile1" id="36fa8df0-7d2d-413d-8b51-41f2f581433c" tests="1" time="683">
    <testcase name="status code is 204 : No Content"/>
  </testsuite>
  <testsuite name="Add Business Profile to test Duplicate profile" id="14534267-86dd-43a8-b842-a83ce3468ad4" tests="1" time="466.5">
    <testcase name="status code is 201 : Created"/>
  </testsuite>
  <testsuite name="Add Business Profile Duplicate profile" id="ee2eb830-f5dd-4e14-936c-cae437548c48" tests="1" time="243.5">
    <testcase name="status code is 400 : Bad Request"/>
  </testsuite>
  <testsuite name="delete profile2" id="871335c6-a3c3-4a61-9173-890db5a96481" tests="1" time="890.5">
    <testcase name="status code is 204 : No Content"/>
  </testsuite>
  <testsuite name="Add Business Profile Invalid Channel" id="28796756-ba39-4e55-b3ce-ae7d0899f714" tests="1" time="569">
    <testcase name="status code is 400 : Bad Request"/>
  </testsuite>
  <testsuite name="Add Business Profile Duplicate Channel" id="d0e71860-1218-47e2-82a2-53f44f725f74" tests="1" time="842">
    <testcase name="status code is 400 : Bad Request"/>
  </testsuite>
  <testsuite name="Add Business Profile With Special Character" id="7ba526e0-431f-4586-a38f-931223bced90" tests="1" time="887">
    <testcase name="status code is 400 : Bad Request"/>
  </testsuite>
  <testsuite name="Add Business Profile With Not allowed parentEntId" id="5a67b5e2-7284-42e0-8198-e9faa3abef27" tests="1" time="1155.5">
    <testcase name="status code is 400 : Bad Request"/>
  </testsuite>
  <testsuite name="Add Business Profile With Invalid parentEntId" id="bed86b21-6076-48bb-ab75-0b1f8766323c" tests="1" time="647">
    <testcase name="status code is 400 : Bad Request"/>
  </testsuite>
  <testsuite name="Add Business Profile With No Channel" id="f5926b6b-9f55-4f28-860f-fd89d4ae62c3" tests="1" time="840">
    <testcase name="status code is 400 : Bad Request"/>
  </testsuite>
  <testsuite name="Add Business Profile for get by Id" id="703df783-90d7-4e30-9264-7651156ebe82" tests="1" time="932">
    <testcase name="status code is 201 : Created"/>
  </testsuite>
  <testsuite name="get profile by Id" id="6797e87d-3e3b-46db-8c20-808dfc28ba93" tests="1" time="581">
    <testcase name="status code is 200 : OK"/>
  </testsuite>
  <testsuite name="Modify business user profile" id="fe9b4113-7a00-413b-b4dd-55fe4be2ca5f" tests="1" time="3183.5">
    <testcase name="status code is 204 : No Content"/>
  </testsuite>
  <testsuite name="get profile by Id Verify modification" id="b03a988d-31cd-4c33-b03a-9f6fbb4812fc" tests="0" time="0">
    <error>
      <![CDATA[Iteration: 0
RequestError: Error: read ECONNRESET
    at exports._errnoException (util.js:907:11)
    at TLSWrap.onread (net.js:557:26)

---
testScriptError: ReferenceError: responseBody is not defined
    at Object.eval (eval at <anonymous> (evalmachine.<anonymous>:284:34), <anonymous>:3:33)
    at evalmachine.<anonymous>:293:23
    at evalmachine.<anonymous>:299:2
    at Object.exports.runInContext (vm.js:44:17)
    at _.extend._run (C:\Users\I329272\AppData\Roaming\npm\node_modules\newman\node_modules\postman-runtime\lib\uvm\host.js:156:16)
    at _.extend.execute (C:\Users\I329272\AppData\Roaming\npm\node_modules\newman\node_modules\postman-runtime\lib\uvm\host.js:121:14)
    at PostmanCollectionRun.<anonymous> (C:\Users\I329272\AppData\Roaming\npm\node_modules\newman\node_modules\postman-runtime\lib\runner\extensions\event.command.js:179:27)
    at C:\Users\I329272\AppData\Roaming\npm\node_modules\newman\node_modules\postman-runtime\node_modules\async\dist\async.js:1144:13
    at replenish (C:\Users\I329272\AppData\Roaming\npm\node_modules\newman\node_modules\postman-runtime\node_modules\async\dist\async.js:1018:21)
    at C:\Users\I329272\AppData\Roaming\npm\node_modules\newman\node_modules\postman-runtime\node_modules\async\dist\async.js:1022:13
---
Iteration: 1
RequestError: Error: read ECONNRESET
    at exports._errnoException (util.js:907:11)
    at TLSWrap.onread (net.js:557:26)

---
testScriptError: ReferenceError: responseBody is not defined
    at Object.eval (eval at <anonymous> (evalmachine.<anonymous>:284:34), <anonymous>:3:33)
    at evalmachine.<anonymous>:293:23
    at evalmachine.<anonymous>:299:2
    at Object.exports.runInContext (vm.js:44:17)
    at _.extend._run (C:\Users\I329272\AppData\Roaming\npm\node_modules\newman\node_modules\postman-runtime\lib\uvm\host.js:156:16)
    at _.extend.execute (C:\Users\I329272\AppData\Roaming\npm\node_modules\newman\node_modules\postman-runtime\lib\uvm\host.js:121:14)
    at PostmanCollectionRun.<anonymous> (C:\Users\I329272\AppData\Roaming\npm\node_modules\newman\node_modules\postman-runtime\lib\runner\extensions\event.command.js:179:27)
    at C:\Users\I329272\AppData\Roaming\npm\node_modules\newman\node_modules\postman-runtime\node_modules\async\dist\async.js:1144:13
    at replenish (C:\Users\I329272\AppData\Roaming\npm\node_modules\newman\node_modules\postman-runtime\node_modules\async\dist\async.js:1018:21)
    at C:\Users\I329272\AppData\Roaming\npm\node_modules\newman\node_modules\postman-runtime\node_modules\async\dist\async.js:1022:13
---
]]>
    </error>
  </testsuite>
  <testsuite name="delete profile3" id="e5dcc41b-7151-4bc0-a435-1dfa1fd8a978" tests="1" time="1242">
    <testcase name="status code is 204 : No Content"/>
  </testsuite>
  <testsuite name="get profile by Id Verify Delete" id="1472aed4-1db1-499f-b092-686f37668480" tests="1" time="262">
    <testcase name="status code is 400 : Bad Request"/>
  </testsuite>
</testsuites>