<?xml version="1.0" encoding="UTF-8"?>
<testsuites name="Business Profile Features With Limit">
  <testsuite name="Login" id="7745ebd8-51ee-43e1-807f-b09cbe4c9fc3" tests="1" time="1094">
    <testcase name="Logged in as primaryadmin for iteration : Account Management"/>
  </testsuite>
  <testsuite name="get ProfileFeatures without assigning feature" id="fbeaa77d-9f69-495b-8974-d734b7486993" tests="0" time="315">
    <error>
      <![CDATA[Iteration: 0

---
testScriptError: TypeError: Cannot read property 'results' of undefined
    at Object.eval (eval at <anonymous> (evalmachine.<anonymous>:284:34), <anonymous>:4:21)
    at evalmachine.<anonymous>:293:23
    at evalmachine.<anonymous>:299:2
    at Object.exports.runInContext (vm.js:44:17)
    at _.extend._run (C:\Users\I329272\AppData\Roaming\npm\node_modules\newman\node_modules\postman-runtime\lib\uvm\host.js:156:16)
    at _.extend.execute (C:\Users\I329272\AppData\Roaming\npm\node_modules\newman\node_modules\postman-runtime\lib\uvm\host.js:121:14)
    at PostmanCollectionRun.<anonymous> (C:\Users\I329272\AppData\Roaming\npm\node_modules\newman\node_modules\postman-runtime\lib\runner\extensions\event.command.js:179:27)
    at C:\Users\I329272\AppData\Roaming\npm\node_modules\newman\node_modules\postman-runtime\node_modules\async\dist\async.js:1144:13
    at replenish (C:\Users\I329272\AppData\Roaming\npm\node_modules\newman\node_modules\postman-runtime\node_modules\async\dist\async.js:1018:21)
    at C:\Users\I329272\AppData\Roaming\npm\node_modules\newman\node_modules\postman-runtime\node_modules\async\dist\async.js:1022:13
---
]]>
    </error>
  </testsuite>
  <testsuite name="Add Business Profile Feature without entitlements" id="90b74044-6595-4f48-a0fc-ba2b7940d99b" tests="1" time="563">
    <testcase name="Account Management added without entitlements.">
      <failure type="AssertionFailure">
        <![CDATA[Failed 1 times.]]>
      </failure>
    </testcase>
  </testsuite>
  <testsuite name="get ProfileFeatures entitlements" id="df4b6a3e-0cd3-4c66-9583-c4708e15eee7" tests="0" time="579">
    <error>
      <![CDATA[Iteration: 0

---
testScriptError: TypeError: Cannot read property 'results' of undefined
    at Object.eval (eval at <anonymous> (evalmachine.<anonymous>:284:34), <anonymous>:4:21)
    at evalmachine.<anonymous>:293:23
    at evalmachine.<anonymous>:299:2
    at Object.exports.runInContext (vm.js:44:17)
    at _.extend._run (C:\Users\I329272\AppData\Roaming\npm\node_modules\newman\node_modules\postman-runtime\lib\uvm\host.js:156:16)
    at _.extend.execute (C:\Users\I329272\AppData\Roaming\npm\node_modules\newman\node_modules\postman-runtime\lib\uvm\host.js:121:14)
    at PostmanCollectionRun.<anonymous> (C:\Users\I329272\AppData\Roaming\npm\node_modules\newman\node_modules\postman-runtime\lib\runner\extensions\event.command.js:179:27)
    at C:\Users\I329272\AppData\Roaming\npm\node_modules\newman\node_modules\postman-runtime\node_modules\async\dist\async.js:1144:13
    at replenish (C:\Users\I329272\AppData\Roaming\npm\node_modules\newman\node_modules\postman-runtime\node_modules\async\dist\async.js:1018:21)
    at C:\Users\I329272\AppData\Roaming\npm\node_modules\newman\node_modules\postman-runtime\node_modules\async\dist\async.js:1022:13
---
]]>
    </error>
  </testsuite>
  <testsuite name="delete feature" id="008d0f67-1b79-457a-b28d-9d7ac83bd27c" tests="1" time="594">
    <testcase name="Account Management deleted.">
      <failure type="AssertionFailure">
        <![CDATA[Failed 1 times.]]>
      </failure>
    </testcase>
  </testsuite>
  <testsuite name="Add Business Profile Features with entitlements (Valid Set)" id="f9af7e37-5fe5-4751-a33b-eea78634a7c4" tests="1" time="557">
    <testcase name="Account Management added with entitlements entitled true.">
      <failure type="AssertionFailure">
        <![CDATA[Failed 1 times.]]>
      </failure>
    </testcase>
  </testsuite>
  <testsuite name="get ProfileFeatures with children and limits" id="66f98fba-f2d2-466f-b52c-1b17838fea0e" tests="0" time="591">
    <error>
      <![CDATA[Iteration: 0

---
testScriptError: TypeError: Cannot read property 'results' of undefined
    at Object.eval (eval at <anonymous> (evalmachine.<anonymous>:284:34), <anonymous>:4:21)
    at evalmachine.<anonymous>:293:23
    at evalmachine.<anonymous>:299:2
    at Object.exports.runInContext (vm.js:44:17)
    at _.extend._run (C:\Users\I329272\AppData\Roaming\npm\node_modules\newman\node_modules\postman-runtime\lib\uvm\host.js:156:16)
    at _.extend.execute (C:\Users\I329272\AppData\Roaming\npm\node_modules\newman\node_modules\postman-runtime\lib\uvm\host.js:121:14)
    at PostmanCollectionRun.<anonymous> (C:\Users\I329272\AppData\Roaming\npm\node_modules\newman\node_modules\postman-runtime\lib\runner\extensions\event.command.js:179:27)
    at C:\Users\I329272\AppData\Roaming\npm\node_modules\newman\node_modules\postman-runtime\node_modules\async\dist\async.js:1144:13
    at replenish (C:\Users\I329272\AppData\Roaming\npm\node_modules\newman\node_modules\postman-runtime\node_modules\async\dist\async.js:1018:21)
    at C:\Users\I329272\AppData\Roaming\npm\node_modules\newman\node_modules\postman-runtime\node_modules\async\dist\async.js:1022:13
---
]]>
    </error>
  </testsuite>
  <testsuite name="Add Business Profile Features with entitlements (Valid Set) copy" id="b704b40c-9f9c-462b-989b-20f42a3dab80" tests="1" time="1032">
    <testcase name="Change entitlements to entitled false on channel for Account Management">
      <failure type="AssertionFailure">
        <![CDATA[Failed 1 times.]]>
      </failure>
    </testcase>
  </testsuite>
  <testsuite name="get ProfileFeatures with children entitled false on channel Verify" id="cfe2b42e-3998-496c-8185-2296ebd077a5" tests="0" time="594">
    <error>
      <![CDATA[Iteration: 0

---
testScriptError: TypeError: Cannot read property 'results' of undefined
    at Object.eval (eval at <anonymous> (evalmachine.<anonymous>:284:34), <anonymous>:4:21)
    at evalmachine.<anonymous>:293:23
    at evalmachine.<anonymous>:299:2
    at Object.exports.runInContext (vm.js:44:17)
    at _.extend._run (C:\Users\I329272\AppData\Roaming\npm\node_modules\newman\node_modules\postman-runtime\lib\uvm\host.js:156:16)
    at _.extend.execute (C:\Users\I329272\AppData\Roaming\npm\node_modules\newman\node_modules\postman-runtime\lib\uvm\host.js:121:14)
    at PostmanCollectionRun.<anonymous> (C:\Users\I329272\AppData\Roaming\npm\node_modules\newman\node_modules\postman-runtime\lib\runner\extensions\event.command.js:179:27)
    at C:\Users\I329272\AppData\Roaming\npm\node_modules\newman\node_modules\postman-runtime\node_modules\async\dist\async.js:1144:13
    at replenish (C:\Users\I329272\AppData\Roaming\npm\node_modules\newman\node_modules\postman-runtime\node_modules\async\dist\async.js:1018:21)
    at C:\Users\I329272\AppData\Roaming\npm\node_modules\newman\node_modules\postman-runtime\node_modules\async\dist\async.js:1022:13
---
]]>
    </error>
  </testsuite>
  <testsuite name="Add Business Profile Features with entitlements with limits" id="8fe9f173-60eb-4dc0-a89f-052c5d0ec4b7" tests="1" time="564">
    <testcase name="set limits for Account Management">
      <failure type="AssertionFailure">
        <![CDATA[Failed 1 times.]]>
      </failure>
    </testcase>
  </testsuite>
  <testsuite name="get ProfileFeatures with children and limits verify" id="7d42dd8d-d959-4c98-bc31-5324a1cbc8bc" tests="0" time="606">
    <error>
      <![CDATA[Iteration: 0

---
testScriptError: TypeError: Cannot read property 'results' of undefined
    at Object.eval (eval at <anonymous> (evalmachine.<anonymous>:284:34), <anonymous>:4:21)
    at evalmachine.<anonymous>:293:23
    at evalmachine.<anonymous>:299:2
    at Object.exports.runInContext (vm.js:44:17)
    at _.extend._run (C:\Users\I329272\AppData\Roaming\npm\node_modules\newman\node_modules\postman-runtime\lib\uvm\host.js:156:16)
    at _.extend.execute (C:\Users\I329272\AppData\Roaming\npm\node_modules\newman\node_modules\postman-runtime\lib\uvm\host.js:121:14)
    at PostmanCollectionRun.<anonymous> (C:\Users\I329272\AppData\Roaming\npm\node_modules\newman\node_modules\postman-runtime\lib\runner\extensions\event.command.js:179:27)
    at C:\Users\I329272\AppData\Roaming\npm\node_modules\newman\node_modules\postman-runtime\node_modules\async\dist\async.js:1144:13
    at replenish (C:\Users\I329272\AppData\Roaming\npm\node_modules\newman\node_modules\postman-runtime\node_modules\async\dist\async.js:1018:21)
    at C:\Users\I329272\AppData\Roaming\npm\node_modules\newman\node_modules\postman-runtime\node_modules\async\dist\async.js:1022:13
---
]]>
    </error>
  </testsuite>
  <testsuite name="Add Business Profile Features with entitlements with limits on Channel" id="a9b4c70d-44b7-4f77-9983-89b3804fb7dc" tests="1" time="562">
    <testcase name="set limits on channel for Account Management">
      <failure type="AssertionFailure">
        <![CDATA[Failed 1 times.]]>
      </failure>
    </testcase>
  </testsuite>
  <testsuite name="get ProfileFeatures with children and limits verify on channel" id="3f178950-bd95-44c3-ac90-279296f8f4c6" tests="0" time="588">
    <error>
      <![CDATA[Iteration: 0

---
testScriptError: TypeError: Cannot read property 'results' of undefined
    at Object.eval (eval at <anonymous> (evalmachine.<anonymous>:284:34), <anonymous>:4:21)
    at evalmachine.<anonymous>:293:23
    at evalmachine.<anonymous>:299:2
    at Object.exports.runInContext (vm.js:44:17)
    at _.extend._run (C:\Users\I329272\AppData\Roaming\npm\node_modules\newman\node_modules\postman-runtime\lib\uvm\host.js:156:16)
    at _.extend.execute (C:\Users\I329272\AppData\Roaming\npm\node_modules\newman\node_modules\postman-runtime\lib\uvm\host.js:121:14)
    at PostmanCollectionRun.<anonymous> (C:\Users\I329272\AppData\Roaming\npm\node_modules\newman\node_modules\postman-runtime\lib\runner\extensions\event.command.js:179:27)
    at C:\Users\I329272\AppData\Roaming\npm\node_modules\newman\node_modules\postman-runtime\node_modules\async\dist\async.js:1144:13
    at replenish (C:\Users\I329272\AppData\Roaming\npm\node_modules\newman\node_modules\postman-runtime\node_modules\async\dist\async.js:1018:21)
    at C:\Users\I329272\AppData\Roaming\npm\node_modules\newman\node_modules\postman-runtime\node_modules\async\dist\async.js:1022:13
---
]]>
    </error>
  </testsuite>
</testsuites>