<?xml version="1.0" encoding="UTF-8"?>
<testsuites name="Omni Channel Profile Features With Limit">
  <testsuite name="Login" id="2c6041a4-bc36-4512-bbc2-fd55bdbced5c" tests="1" time="132.08333333333334">
    <testcase name="Logged in with admin : Iteration = 101"/>
    <testcase name="Logged in with admin : Iteration = 201"/>
    <testcase name="Logged in with admin : Iteration = 501"/>
    <testcase name="Logged in with admin : Iteration = 502"/>
    <testcase name="Logged in with admin : Iteration = 601"/>
    <testcase name="Logged in with admin : Iteration = 603"/>
    <testcase name="Logged in with admin : Iteration = 701"/>
    <testcase name="Logged in with admin : Iteration = 702"/>
    <testcase name="Logged in with admin : Iteration = 805"/>
    <testcase name="Logged in with admin : Iteration = 1201"/>
    <testcase name="Logged in with admin : Iteration = 1202"/>
    <testcase name="Logged in with admin : Iteration = 1401"/>
  </testsuite>
  <testsuite name="get ProfileFeatures without assigning feature" id="470a4d49-e260-4b0f-87b9-e89a2c847775" tests="0" time="66.5">
    <error>
      <![CDATA[Iteration: 0

---
testScriptError: TypeError: Cannot read property 'results' of undefined
    at Object.eval (eval at <anonymous> (evalmachine.<anonymous>:284:34), <anonymous>:4:21)
    at evalmachine.<anonymous>:293:23
    at evalmachine.<anonymous>:299:2
    at Object.exports.runInContext (vm.js:44:17)
    at _.extend._run (C:\Users\I329272\AppData\Roaming\npm\node_modules\newman\node_modules\postman-runtime\lib\uvm\host.js:156:16)
    at _.extend.execute (C:\Users\I329272\AppData\Roaming\npm\node_modules\newman\node_modules\postman-runtime\lib\uvm\host.js:121:14)
    at PostmanCollectionRun.<anonymous> (C:\Users\I329272\AppData\Roaming\npm\node_modules\newman\node_modules\postman-runtime\lib\runner\extensions\event.command.js:179:27)
    at C:\Users\I329272\AppData\Roaming\npm\node_modules\newman\node_modules\postman-runtime\node_modules\async\dist\async.js:1144:13
    at replenish (C:\Users\I329272\AppData\Roaming\npm\node_modules\newman\node_modules\postman-runtime\node_modules\async\dist\async.js:1018:21)
    at C:\Users\I329272\AppData\Roaming\npm\node_modules\newman\node_modules\postman-runtime\node_modules\async\dist\async.js:1022:13
---
Iteration: 1

---
testScriptError: TypeError: Cannot read property 'results' of undefined
    at Object.eval (eval at <anonymous> (evalmachine.<anonymous>:284:34), <anonymous>:4:21)
    at evalmachine.<anonymous>:293:23
    at evalmachine.<anonymous>:299:2
    at Object.exports.runInContext (vm.js:44:17)
    at _.extend._run (C:\Users\I329272\AppData\Roaming\npm\node_modules\newman\node_modules\postman-runtime\lib\uvm\host.js:156:16)
    at _.extend.execute (C:\Users\I329272\AppData\Roaming\npm\node_modules\newman\node_modules\postman-runtime\lib\uvm\host.js:121:14)
    at PostmanCollectionRun.<anonymous> (C:\Users\I329272\AppData\Roaming\npm\node_modules\newman\node_modules\postman-runtime\lib\runner\extensions\event.command.js:179:27)
    at C:\Users\I329272\AppData\Roaming\npm\node_modules\newman\node_modules\postman-runtime\node_modules\async\dist\async.js:1144:13
    at replenish (C:\Users\I329272\AppData\Roaming\npm\node_modules\newman\node_modules\postman-runtime\node_modules\async\dist\async.js:1018:21)
    at C:\Users\I329272\AppData\Roaming\npm\node_modules\newman\node_modules\postman-runtime\node_modules\async\dist\async.js:1022:13
---
Iteration: 2

---
testScriptError: TypeError: Cannot read property 'results' of undefined
    at Object.eval (eval at <anonymous> (evalmachine.<anonymous>:284:34), <anonymous>:4:21)
    at evalmachine.<anonymous>:293:23
    at evalmachine.<anonymous>:299:2
    at Object.exports.runInContext (vm.js:44:17)
    at _.extend._run (C:\Users\I329272\AppData\Roaming\npm\node_modules\newman\node_modules\postman-runtime\lib\uvm\host.js:156:16)
    at _.extend.execute (C:\Users\I329272\AppData\Roaming\npm\node_modules\newman\node_modules\postman-runtime\lib\uvm\host.js:121:14)
    at PostmanCollectionRun.<anonymous> (C:\Users\I329272\AppData\Roaming\npm\node_modules\newman\node_modules\postman-runtime\lib\runner\extensions\event.command.js:179:27)
    at C:\Users\I329272\AppData\Roaming\npm\node_modules\newman\node_modules\postman-runtime\node_modules\async\dist\async.js:1144:13
    at replenish (C:\Users\I329272\AppData\Roaming\npm\node_modules\newman\node_modules\postman-runtime\node_modules\async\dist\async.js:1018:21)
    at C:\Users\I329272\AppData\Roaming\npm\node_modules\newman\node_modules\postman-runtime\node_modules\async\dist\async.js:1022:13
---
Iteration: 3

---
testScriptError: TypeError: Cannot read property 'results' of undefined
    at Object.eval (eval at <anonymous> (evalmachine.<anonymous>:284:34), <anonymous>:4:21)
    at evalmachine.<anonymous>:293:23
    at evalmachine.<anonymous>:299:2
    at Object.exports.runInContext (vm.js:44:17)
    at _.extend._run (C:\Users\I329272\AppData\Roaming\npm\node_modules\newman\node_modules\postman-runtime\lib\uvm\host.js:156:16)
    at _.extend.execute (C:\Users\I329272\AppData\Roaming\npm\node_modules\newman\node_modules\postman-runtime\lib\uvm\host.js:121:14)
    at PostmanCollectionRun.<anonymous> (C:\Users\I329272\AppData\Roaming\npm\node_modules\newman\node_modules\postman-runtime\lib\runner\extensions\event.command.js:179:27)
    at C:\Users\I329272\AppData\Roaming\npm\node_modules\newman\node_modules\postman-runtime\node_modules\async\dist\async.js:1144:13
    at replenish (C:\Users\I329272\AppData\Roaming\npm\node_modules\newman\node_modules\postman-runtime\node_modules\async\dist\async.js:1018:21)
    at C:\Users\I329272\AppData\Roaming\npm\node_modules\newman\node_modules\postman-runtime\node_modules\async\dist\async.js:1022:13
---
Iteration: 4

---
testScriptError: TypeError: Cannot read property 'results' of undefined
    at Object.eval (eval at <anonymous> (evalmachine.<anonymous>:284:34), <anonymous>:4:21)
    at evalmachine.<anonymous>:293:23
    at evalmachine.<anonymous>:299:2
    at Object.exports.runInContext (vm.js:44:17)
    at _.extend._run (C:\Users\I329272\AppData\Roaming\npm\node_modules\newman\node_modules\postman-runtime\lib\uvm\host.js:156:16)
    at _.extend.execute (C:\Users\I329272\AppData\Roaming\npm\node_modules\newman\node_modules\postman-runtime\lib\uvm\host.js:121:14)
    at PostmanCollectionRun.<anonymous> (C:\Users\I329272\AppData\Roaming\npm\node_modules\newman\node_modules\postman-runtime\lib\runner\extensions\event.command.js:179:27)
    at C:\Users\I329272\AppData\Roaming\npm\node_modules\newman\node_modules\postman-runtime\node_modules\async\dist\async.js:1144:13
    at replenish (C:\Users\I329272\AppData\Roaming\npm\node_modules\newman\node_modules\postman-runtime\node_modules\async\dist\async.js:1018:21)
    at C:\Users\I329272\AppData\Roaming\npm\node_modules\newman\node_modules\postman-runtime\node_modules\async\dist\async.js:1022:13
---
Iteration: 5

---
testScriptError: TypeError: Cannot read property 'results' of undefined
    at Object.eval (eval at <anonymous> (evalmachine.<anonymous>:284:34), <anonymous>:4:21)
    at evalmachine.<anonymous>:293:23
    at evalmachine.<anonymous>:299:2
    at Object.exports.runInContext (vm.js:44:17)
    at _.extend._run (C:\Users\I329272\AppData\Roaming\npm\node_modules\newman\node_modules\postman-runtime\lib\uvm\host.js:156:16)
    at _.extend.execute (C:\Users\I329272\AppData\Roaming\npm\node_modules\newman\node_modules\postman-runtime\lib\uvm\host.js:121:14)
    at PostmanCollectionRun.<anonymous> (C:\Users\I329272\AppData\Roaming\npm\node_modules\newman\node_modules\postman-runtime\lib\runner\extensions\event.command.js:179:27)
    at C:\Users\I329272\AppData\Roaming\npm\node_modules\newman\node_modules\postman-runtime\node_modules\async\dist\async.js:1144:13
    at replenish (C:\Users\I329272\AppData\Roaming\npm\node_modules\newman\node_modules\postman-runtime\node_modules\async\dist\async.js:1018:21)
    at C:\Users\I329272\AppData\Roaming\npm\node_modules\newman\node_modules\postman-runtime\node_modules\async\dist\async.js:1022:13
---
Iteration: 6

---
testScriptError: TypeError: Cannot read property 'results' of undefined
    at Object.eval (eval at <anonymous> (evalmachine.<anonymous>:284:34), <anonymous>:4:21)
    at evalmachine.<anonymous>:293:23
    at evalmachine.<anonymous>:299:2
    at Object.exports.runInContext (vm.js:44:17)
    at _.extend._run (C:\Users\I329272\AppData\Roaming\npm\node_modules\newman\node_modules\postman-runtime\lib\uvm\host.js:156:16)
    at _.extend.execute (C:\Users\I329272\AppData\Roaming\npm\node_modules\newman\node_modules\postman-runtime\lib\uvm\host.js:121:14)
    at PostmanCollectionRun.<anonymous> (C:\Users\I329272\AppData\Roaming\npm\node_modules\newman\node_modules\postman-runtime\lib\runner\extensions\event.command.js:179:27)
    at C:\Users\I329272\AppData\Roaming\npm\node_modules\newman\node_modules\postman-runtime\node_modules\async\dist\async.js:1144:13
    at replenish (C:\Users\I329272\AppData\Roaming\npm\node_modules\newman\node_modules\postman-runtime\node_modules\async\dist\async.js:1018:21)
    at C:\Users\I329272\AppData\Roaming\npm\node_modules\newman\node_modules\postman-runtime\node_modules\async\dist\async.js:1022:13
---
Iteration: 7

---
testScriptError: TypeError: Cannot read property 'results' of undefined
    at Object.eval (eval at <anonymous> (evalmachine.<anonymous>:284:34), <anonymous>:4:21)
    at evalmachine.<anonymous>:293:23
    at evalmachine.<anonymous>:299:2
    at Object.exports.runInContext (vm.js:44:17)
    at _.extend._run (C:\Users\I329272\AppData\Roaming\npm\node_modules\newman\node_modules\postman-runtime\lib\uvm\host.js:156:16)
    at _.extend.execute (C:\Users\I329272\AppData\Roaming\npm\node_modules\newman\node_modules\postman-runtime\lib\uvm\host.js:121:14)
    at PostmanCollectionRun.<anonymous> (C:\Users\I329272\AppData\Roaming\npm\node_modules\newman\node_modules\postman-runtime\lib\runner\extensions\event.command.js:179:27)
    at C:\Users\I329272\AppData\Roaming\npm\node_modules\newman\node_modules\postman-runtime\node_modules\async\dist\async.js:1144:13
    at replenish (C:\Users\I329272\AppData\Roaming\npm\node_modules\newman\node_modules\postman-runtime\node_modules\async\dist\async.js:1018:21)
    at C:\Users\I329272\AppData\Roaming\npm\node_modules\newman\node_modules\postman-runtime\node_modules\async\dist\async.js:1022:13
---
Iteration: 8

---
testScriptError: TypeError: Cannot read property 'results' of undefined
    at Object.eval (eval at <anonymous> (evalmachine.<anonymous>:284:34), <anonymous>:4:21)
    at evalmachine.<anonymous>:293:23
    at evalmachine.<anonymous>:299:2
    at Object.exports.runInContext (vm.js:44:17)
    at _.extend._run (C:\Users\I329272\AppData\Roaming\npm\node_modules\newman\node_modules\postman-runtime\lib\uvm\host.js:156:16)
    at _.extend.execute (C:\Users\I329272\AppData\Roaming\npm\node_modules\newman\node_modules\postman-runtime\lib\uvm\host.js:121:14)
    at PostmanCollectionRun.<anonymous> (C:\Users\I329272\AppData\Roaming\npm\node_modules\newman\node_modules\postman-runtime\lib\runner\extensions\event.command.js:179:27)
    at C:\Users\I329272\AppData\Roaming\npm\node_modules\newman\node_modules\postman-runtime\node_modules\async\dist\async.js:1144:13
    at replenish (C:\Users\I329272\AppData\Roaming\npm\node_modules\newman\node_modules\postman-runtime\node_modules\async\dist\async.js:1018:21)
    at C:\Users\I329272\AppData\Roaming\npm\node_modules\newman\node_modules\postman-runtime\node_modules\async\dist\async.js:1022:13
---
Iteration: 9

---
testScriptError: TypeError: Cannot read property 'results' of undefined
    at Object.eval (eval at <anonymous> (evalmachine.<anonymous>:284:34), <anonymous>:4:21)
    at evalmachine.<anonymous>:293:23
    at evalmachine.<anonymous>:299:2
    at Object.exports.runInContext (vm.js:44:17)
    at _.extend._run (C:\Users\I329272\AppData\Roaming\npm\node_modules\newman\node_modules\postman-runtime\lib\uvm\host.js:156:16)
    at _.extend.execute (C:\Users\I329272\AppData\Roaming\npm\node_modules\newman\node_modules\postman-runtime\lib\uvm\host.js:121:14)
    at PostmanCollectionRun.<anonymous> (C:\Users\I329272\AppData\Roaming\npm\node_modules\newman\node_modules\postman-runtime\lib\runner\extensions\event.command.js:179:27)
    at C:\Users\I329272\AppData\Roaming\npm\node_modules\newman\node_modules\postman-runtime\node_modules\async\dist\async.js:1144:13
    at replenish (C:\Users\I329272\AppData\Roaming\npm\node_modules\newman\node_modules\postman-runtime\node_modules\async\dist\async.js:1018:21)
    at C:\Users\I329272\AppData\Roaming\npm\node_modules\newman\node_modules\postman-runtime\node_modules\async\dist\async.js:1022:13
---
Iteration: 10

---
testScriptError: TypeError: Cannot read property 'results' of undefined
    at Object.eval (eval at <anonymous> (evalmachine.<anonymous>:284:34), <anonymous>:4:21)
    at evalmachine.<anonymous>:293:23
    at evalmachine.<anonymous>:299:2
    at Object.exports.runInContext (vm.js:44:17)
    at _.extend._run (C:\Users\I329272\AppData\Roaming\npm\node_modules\newman\node_modules\postman-runtime\lib\uvm\host.js:156:16)
    at _.extend.execute (C:\Users\I329272\AppData\Roaming\npm\node_modules\newman\node_modules\postman-runtime\lib\uvm\host.js:121:14)
    at PostmanCollectionRun.<anonymous> (C:\Users\I329272\AppData\Roaming\npm\node_modules\newman\node_modules\postman-runtime\lib\runner\extensions\event.command.js:179:27)
    at C:\Users\I329272\AppData\Roaming\npm\node_modules\newman\node_modules\postman-runtime\node_modules\async\dist\async.js:1144:13
    at replenish (C:\Users\I329272\AppData\Roaming\npm\node_modules\newman\node_modules\postman-runtime\node_modules\async\dist\async.js:1018:21)
    at C:\Users\I329272\AppData\Roaming\npm\node_modules\newman\node_modules\postman-runtime\node_modules\async\dist\async.js:1022:13
---
Iteration: 11

---
testScriptError: TypeError: Cannot read property 'results' of undefined
    at Object.eval (eval at <anonymous> (evalmachine.<anonymous>:284:34), <anonymous>:4:21)
    at evalmachine.<anonymous>:293:23
    at evalmachine.<anonymous>:299:2
    at Object.exports.runInContext (vm.js:44:17)
    at _.extend._run (C:\Users\I329272\AppData\Roaming\npm\node_modules\newman\node_modules\postman-runtime\lib\uvm\host.js:156:16)
    at _.extend.execute (C:\Users\I329272\AppData\Roaming\npm\node_modules\newman\node_modules\postman-runtime\lib\uvm\host.js:121:14)
    at PostmanCollectionRun.<anonymous> (C:\Users\I329272\AppData\Roaming\npm\node_modules\newman\node_modules\postman-runtime\lib\runner\extensions\event.command.js:179:27)
    at C:\Users\I329272\AppData\Roaming\npm\node_modules\newman\node_modules\postman-runtime\node_modules\async\dist\async.js:1144:13
    at replenish (C:\Users\I329272\AppData\Roaming\npm\node_modules\newman\node_modules\postman-runtime\node_modules\async\dist\async.js:1018:21)
    at C:\Users\I329272\AppData\Roaming\npm\node_modules\newman\node_modules\postman-runtime\node_modules\async\dist\async.js:1022:13
---
]]>
    </error>
  </testsuite>
  <testsuite name="Add Retail User Profile Feature without entitlements" id="7cb035b6-9b27-4f2a-907a-39aa5843e4a9" tests="1" time="44.083333333333336">
    <testcase name="Feature : undefined added without entitlements">
      <failure type="AssertionFailure">
        <![CDATA[Failed 12 times.]]>
      </failure>
    </testcase>
  </testsuite>
  <testsuite name="get ProfileFeatures entitlements" id="c32bb0b1-f4fb-4e8f-973a-1b3f7d2dae21" tests="0" time="264.6666666666667">
    <error>
      <![CDATA[Iteration: 0

---
testScriptError: TypeError: Cannot read property 'results' of undefined
    at Object.eval (eval at <anonymous> (evalmachine.<anonymous>:284:34), <anonymous>:4:21)
    at evalmachine.<anonymous>:293:23
    at evalmachine.<anonymous>:299:2
    at Object.exports.runInContext (vm.js:44:17)
    at _.extend._run (C:\Users\I329272\AppData\Roaming\npm\node_modules\newman\node_modules\postman-runtime\lib\uvm\host.js:156:16)
    at _.extend.execute (C:\Users\I329272\AppData\Roaming\npm\node_modules\newman\node_modules\postman-runtime\lib\uvm\host.js:121:14)
    at PostmanCollectionRun.<anonymous> (C:\Users\I329272\AppData\Roaming\npm\node_modules\newman\node_modules\postman-runtime\lib\runner\extensions\event.command.js:179:27)
    at C:\Users\I329272\AppData\Roaming\npm\node_modules\newman\node_modules\postman-runtime\node_modules\async\dist\async.js:1144:13
    at replenish (C:\Users\I329272\AppData\Roaming\npm\node_modules\newman\node_modules\postman-runtime\node_modules\async\dist\async.js:1018:21)
    at C:\Users\I329272\AppData\Roaming\npm\node_modules\newman\node_modules\postman-runtime\node_modules\async\dist\async.js:1022:13
---
Iteration: 1

---
testScriptError: TypeError: Cannot read property 'results' of undefined
    at Object.eval (eval at <anonymous> (evalmachine.<anonymous>:284:34), <anonymous>:4:21)
    at evalmachine.<anonymous>:293:23
    at evalmachine.<anonymous>:299:2
    at Object.exports.runInContext (vm.js:44:17)
    at _.extend._run (C:\Users\I329272\AppData\Roaming\npm\node_modules\newman\node_modules\postman-runtime\lib\uvm\host.js:156:16)
    at _.extend.execute (C:\Users\I329272\AppData\Roaming\npm\node_modules\newman\node_modules\postman-runtime\lib\uvm\host.js:121:14)
    at PostmanCollectionRun.<anonymous> (C:\Users\I329272\AppData\Roaming\npm\node_modules\newman\node_modules\postman-runtime\lib\runner\extensions\event.command.js:179:27)
    at C:\Users\I329272\AppData\Roaming\npm\node_modules\newman\node_modules\postman-runtime\node_modules\async\dist\async.js:1144:13
    at replenish (C:\Users\I329272\AppData\Roaming\npm\node_modules\newman\node_modules\postman-runtime\node_modules\async\dist\async.js:1018:21)
    at C:\Users\I329272\AppData\Roaming\npm\node_modules\newman\node_modules\postman-runtime\node_modules\async\dist\async.js:1022:13
---
Iteration: 2

---
testScriptError: TypeError: Cannot read property 'results' of undefined
    at Object.eval (eval at <anonymous> (evalmachine.<anonymous>:284:34), <anonymous>:4:21)
    at evalmachine.<anonymous>:293:23
    at evalmachine.<anonymous>:299:2
    at Object.exports.runInContext (vm.js:44:17)
    at _.extend._run (C:\Users\I329272\AppData\Roaming\npm\node_modules\newman\node_modules\postman-runtime\lib\uvm\host.js:156:16)
    at _.extend.execute (C:\Users\I329272\AppData\Roaming\npm\node_modules\newman\node_modules\postman-runtime\lib\uvm\host.js:121:14)
    at PostmanCollectionRun.<anonymous> (C:\Users\I329272\AppData\Roaming\npm\node_modules\newman\node_modules\postman-runtime\lib\runner\extensions\event.command.js:179:27)
    at C:\Users\I329272\AppData\Roaming\npm\node_modules\newman\node_modules\postman-runtime\node_modules\async\dist\async.js:1144:13
    at replenish (C:\Users\I329272\AppData\Roaming\npm\node_modules\newman\node_modules\postman-runtime\node_modules\async\dist\async.js:1018:21)
    at C:\Users\I329272\AppData\Roaming\npm\node_modules\newman\node_modules\postman-runtime\node_modules\async\dist\async.js:1022:13
---
Iteration: 3

---
testScriptError: TypeError: Cannot read property 'results' of undefined
    at Object.eval (eval at <anonymous> (evalmachine.<anonymous>:284:34), <anonymous>:4:21)
    at evalmachine.<anonymous>:293:23
    at evalmachine.<anonymous>:299:2
    at Object.exports.runInContext (vm.js:44:17)
    at _.extend._run (C:\Users\I329272\AppData\Roaming\npm\node_modules\newman\node_modules\postman-runtime\lib\uvm\host.js:156:16)
    at _.extend.execute (C:\Users\I329272\AppData\Roaming\npm\node_modules\newman\node_modules\postman-runtime\lib\uvm\host.js:121:14)
    at PostmanCollectionRun.<anonymous> (C:\Users\I329272\AppData\Roaming\npm\node_modules\newman\node_modules\postman-runtime\lib\runner\extensions\event.command.js:179:27)
    at C:\Users\I329272\AppData\Roaming\npm\node_modules\newman\node_modules\postman-runtime\node_modules\async\dist\async.js:1144:13
    at replenish (C:\Users\I329272\AppData\Roaming\npm\node_modules\newman\node_modules\postman-runtime\node_modules\async\dist\async.js:1018:21)
    at C:\Users\I329272\AppData\Roaming\npm\node_modules\newman\node_modules\postman-runtime\node_modules\async\dist\async.js:1022:13
---
Iteration: 4

---
testScriptError: TypeError: Cannot read property 'results' of undefined
    at Object.eval (eval at <anonymous> (evalmachine.<anonymous>:284:34), <anonymous>:4:21)
    at evalmachine.<anonymous>:293:23
    at evalmachine.<anonymous>:299:2
    at Object.exports.runInContext (vm.js:44:17)
    at _.extend._run (C:\Users\I329272\AppData\Roaming\npm\node_modules\newman\node_modules\postman-runtime\lib\uvm\host.js:156:16)
    at _.extend.execute (C:\Users\I329272\AppData\Roaming\npm\node_modules\newman\node_modules\postman-runtime\lib\uvm\host.js:121:14)
    at PostmanCollectionRun.<anonymous> (C:\Users\I329272\AppData\Roaming\npm\node_modules\newman\node_modules\postman-runtime\lib\runner\extensions\event.command.js:179:27)
    at C:\Users\I329272\AppData\Roaming\npm\node_modules\newman\node_modules\postman-runtime\node_modules\async\dist\async.js:1144:13
    at replenish (C:\Users\I329272\AppData\Roaming\npm\node_modules\newman\node_modules\postman-runtime\node_modules\async\dist\async.js:1018:21)
    at C:\Users\I329272\AppData\Roaming\npm\node_modules\newman\node_modules\postman-runtime\node_modules\async\dist\async.js:1022:13
---
Iteration: 5

---
testScriptError: TypeError: Cannot read property 'results' of undefined
    at Object.eval (eval at <anonymous> (evalmachine.<anonymous>:284:34), <anonymous>:4:21)
    at evalmachine.<anonymous>:293:23
    at evalmachine.<anonymous>:299:2
    at Object.exports.runInContext (vm.js:44:17)
    at _.extend._run (C:\Users\I329272\AppData\Roaming\npm\node_modules\newman\node_modules\postman-runtime\lib\uvm\host.js:156:16)
    at _.extend.execute (C:\Users\I329272\AppData\Roaming\npm\node_modules\newman\node_modules\postman-runtime\lib\uvm\host.js:121:14)
    at PostmanCollectionRun.<anonymous> (C:\Users\I329272\AppData\Roaming\npm\node_modules\newman\node_modules\postman-runtime\lib\runner\extensions\event.command.js:179:27)
    at C:\Users\I329272\AppData\Roaming\npm\node_modules\newman\node_modules\postman-runtime\node_modules\async\dist\async.js:1144:13
    at replenish (C:\Users\I329272\AppData\Roaming\npm\node_modules\newman\node_modules\postman-runtime\node_modules\async\dist\async.js:1018:21)
    at C:\Users\I329272\AppData\Roaming\npm\node_modules\newman\node_modules\postman-runtime\node_modules\async\dist\async.js:1022:13
---
Iteration: 6

---
testScriptError: TypeError: Cannot read property 'results' of undefined
    at Object.eval (eval at <anonymous> (evalmachine.<anonymous>:284:34), <anonymous>:4:21)
    at evalmachine.<anonymous>:293:23
    at evalmachine.<anonymous>:299:2
    at Object.exports.runInContext (vm.js:44:17)
    at _.extend._run (C:\Users\I329272\AppData\Roaming\npm\node_modules\newman\node_modules\postman-runtime\lib\uvm\host.js:156:16)
    at _.extend.execute (C:\Users\I329272\AppData\Roaming\npm\node_modules\newman\node_modules\postman-runtime\lib\uvm\host.js:121:14)
    at PostmanCollectionRun.<anonymous> (C:\Users\I329272\AppData\Roaming\npm\node_modules\newman\node_modules\postman-runtime\lib\runner\extensions\event.command.js:179:27)
    at C:\Users\I329272\AppData\Roaming\npm\node_modules\newman\node_modules\postman-runtime\node_modules\async\dist\async.js:1144:13
    at replenish (C:\Users\I329272\AppData\Roaming\npm\node_modules\newman\node_modules\postman-runtime\node_modules\async\dist\async.js:1018:21)
    at C:\Users\I329272\AppData\Roaming\npm\node_modules\newman\node_modules\postman-runtime\node_modules\async\dist\async.js:1022:13
---
Iteration: 7

---
testScriptError: TypeError: Cannot read property 'results' of undefined
    at Object.eval (eval at <anonymous> (evalmachine.<anonymous>:284:34), <anonymous>:4:21)
    at evalmachine.<anonymous>:293:23
    at evalmachine.<anonymous>:299:2
    at Object.exports.runInContext (vm.js:44:17)
    at _.extend._run (C:\Users\I329272\AppData\Roaming\npm\node_modules\newman\node_modules\postman-runtime\lib\uvm\host.js:156:16)
    at _.extend.execute (C:\Users\I329272\AppData\Roaming\npm\node_modules\newman\node_modules\postman-runtime\lib\uvm\host.js:121:14)
    at PostmanCollectionRun.<anonymous> (C:\Users\I329272\AppData\Roaming\npm\node_modules\newman\node_modules\postman-runtime\lib\runner\extensions\event.command.js:179:27)
    at C:\Users\I329272\AppData\Roaming\npm\node_modules\newman\node_modules\postman-runtime\node_modules\async\dist\async.js:1144:13
    at replenish (C:\Users\I329272\AppData\Roaming\npm\node_modules\newman\node_modules\postman-runtime\node_modules\async\dist\async.js:1018:21)
    at C:\Users\I329272\AppData\Roaming\npm\node_modules\newman\node_modules\postman-runtime\node_modules\async\dist\async.js:1022:13
---
Iteration: 8

---
testScriptError: TypeError: Cannot read property 'results' of undefined
    at Object.eval (eval at <anonymous> (evalmachine.<anonymous>:284:34), <anonymous>:4:21)
    at evalmachine.<anonymous>:293:23
    at evalmachine.<anonymous>:299:2
    at Object.exports.runInContext (vm.js:44:17)
    at _.extend._run (C:\Users\I329272\AppData\Roaming\npm\node_modules\newman\node_modules\postman-runtime\lib\uvm\host.js:156:16)
    at _.extend.execute (C:\Users\I329272\AppData\Roaming\npm\node_modules\newman\node_modules\postman-runtime\lib\uvm\host.js:121:14)
    at PostmanCollectionRun.<anonymous> (C:\Users\I329272\AppData\Roaming\npm\node_modules\newman\node_modules\postman-runtime\lib\runner\extensions\event.command.js:179:27)
    at C:\Users\I329272\AppData\Roaming\npm\node_modules\newman\node_modules\postman-runtime\node_modules\async\dist\async.js:1144:13
    at replenish (C:\Users\I329272\AppData\Roaming\npm\node_modules\newman\node_modules\postman-runtime\node_modules\async\dist\async.js:1018:21)
    at C:\Users\I329272\AppData\Roaming\npm\node_modules\newman\node_modules\postman-runtime\node_modules\async\dist\async.js:1022:13
---
Iteration: 9

---
testScriptError: TypeError: Cannot read property 'results' of undefined
    at Object.eval (eval at <anonymous> (evalmachine.<anonymous>:284:34), <anonymous>:4:21)
    at evalmachine.<anonymous>:293:23
    at evalmachine.<anonymous>:299:2
    at Object.exports.runInContext (vm.js:44:17)
    at _.extend._run (C:\Users\I329272\AppData\Roaming\npm\node_modules\newman\node_modules\postman-runtime\lib\uvm\host.js:156:16)
    at _.extend.execute (C:\Users\I329272\AppData\Roaming\npm\node_modules\newman\node_modules\postman-runtime\lib\uvm\host.js:121:14)
    at PostmanCollectionRun.<anonymous> (C:\Users\I329272\AppData\Roaming\npm\node_modules\newman\node_modules\postman-runtime\lib\runner\extensions\event.command.js:179:27)
    at C:\Users\I329272\AppData\Roaming\npm\node_modules\newman\node_modules\postman-runtime\node_modules\async\dist\async.js:1144:13
    at replenish (C:\Users\I329272\AppData\Roaming\npm\node_modules\newman\node_modules\postman-runtime\node_modules\async\dist\async.js:1018:21)
    at C:\Users\I329272\AppData\Roaming\npm\node_modules\newman\node_modules\postman-runtime\node_modules\async\dist\async.js:1022:13
---
Iteration: 10

---
testScriptError: TypeError: Cannot read property 'results' of undefined
    at Object.eval (eval at <anonymous> (evalmachine.<anonymous>:284:34), <anonymous>:4:21)
    at evalmachine.<anonymous>:293:23
    at evalmachine.<anonymous>:299:2
    at Object.exports.runInContext (vm.js:44:17)
    at _.extend._run (C:\Users\I329272\AppData\Roaming\npm\node_modules\newman\node_modules\postman-runtime\lib\uvm\host.js:156:16)
    at _.extend.execute (C:\Users\I329272\AppData\Roaming\npm\node_modules\newman\node_modules\postman-runtime\lib\uvm\host.js:121:14)
    at PostmanCollectionRun.<anonymous> (C:\Users\I329272\AppData\Roaming\npm\node_modules\newman\node_modules\postman-runtime\lib\runner\extensions\event.command.js:179:27)
    at C:\Users\I329272\AppData\Roaming\npm\node_modules\newman\node_modules\postman-runtime\node_modules\async\dist\async.js:1144:13
    at replenish (C:\Users\I329272\AppData\Roaming\npm\node_modules\newman\node_modules\postman-runtime\node_modules\async\dist\async.js:1018:21)
    at C:\Users\I329272\AppData\Roaming\npm\node_modules\newman\node_modules\postman-runtime\node_modules\async\dist\async.js:1022:13
---
Iteration: 11

---
testScriptError: TypeError: Cannot read property 'results' of undefined
    at Object.eval (eval at <anonymous> (evalmachine.<anonymous>:284:34), <anonymous>:4:21)
    at evalmachine.<anonymous>:293:23
    at evalmachine.<anonymous>:299:2
    at Object.exports.runInContext (vm.js:44:17)
    at _.extend._run (C:\Users\I329272\AppData\Roaming\npm\node_modules\newman\node_modules\postman-runtime\lib\uvm\host.js:156:16)
    at _.extend.execute (C:\Users\I329272\AppData\Roaming\npm\node_modules\newman\node_modules\postman-runtime\lib\uvm\host.js:121:14)
    at PostmanCollectionRun.<anonymous> (C:\Users\I329272\AppData\Roaming\npm\node_modules\newman\node_modules\postman-runtime\lib\runner\extensions\event.command.js:179:27)
    at C:\Users\I329272\AppData\Roaming\npm\node_modules\newman\node_modules\postman-runtime\node_modules\async\dist\async.js:1144:13
    at replenish (C:\Users\I329272\AppData\Roaming\npm\node_modules\newman\node_modules\postman-runtime\node_modules\async\dist\async.js:1018:21)
    at C:\Users\I329272\AppData\Roaming\npm\node_modules\newman\node_modules\postman-runtime\node_modules\async\dist\async.js:1022:13
---
]]>
    </error>
  </testsuite>
  <testsuite name="delete feature" id="54f51749-b17a-4f2d-922a-7ca8d5e67320" tests="1" time="177.41666666666666">
    <testcase name="Feature undefined deleted">
      <failure type="AssertionFailure">
        <![CDATA[Failed 12 times.]]>
      </failure>
    </testcase>
  </testsuite>
  <testsuite name="Add Retail User Profile Features with entitlements (Valid Set)" id="4fc23c2e-9d7b-44d5-bd3d-142f7237c72a" tests="1" time="38.333333333333336">
    <testcase name="Feature undefined added with entitlemnts entitled true">
      <failure type="AssertionFailure">
        <![CDATA[Failed 12 times.]]>
      </failure>
    </testcase>
  </testsuite>
  <testsuite name="get ProfileFeatures with children and limits" id="8a1f666a-fa8f-4c04-bc6a-9a2ea8032fe5" tests="0" time="118.58333333333333">
    <error>
      <![CDATA[Iteration: 0

---
testScriptError: TypeError: Cannot read property 'results' of undefined
    at Object.eval (eval at <anonymous> (evalmachine.<anonymous>:284:34), <anonymous>:4:21)
    at evalmachine.<anonymous>:293:23
    at evalmachine.<anonymous>:299:2
    at Object.exports.runInContext (vm.js:44:17)
    at _.extend._run (C:\Users\I329272\AppData\Roaming\npm\node_modules\newman\node_modules\postman-runtime\lib\uvm\host.js:156:16)
    at _.extend.execute (C:\Users\I329272\AppData\Roaming\npm\node_modules\newman\node_modules\postman-runtime\lib\uvm\host.js:121:14)
    at PostmanCollectionRun.<anonymous> (C:\Users\I329272\AppData\Roaming\npm\node_modules\newman\node_modules\postman-runtime\lib\runner\extensions\event.command.js:179:27)
    at C:\Users\I329272\AppData\Roaming\npm\node_modules\newman\node_modules\postman-runtime\node_modules\async\dist\async.js:1144:13
    at replenish (C:\Users\I329272\AppData\Roaming\npm\node_modules\newman\node_modules\postman-runtime\node_modules\async\dist\async.js:1018:21)
    at C:\Users\I329272\AppData\Roaming\npm\node_modules\newman\node_modules\postman-runtime\node_modules\async\dist\async.js:1022:13
---
Iteration: 1

---
testScriptError: TypeError: Cannot read property 'results' of undefined
    at Object.eval (eval at <anonymous> (evalmachine.<anonymous>:284:34), <anonymous>:4:21)
    at evalmachine.<anonymous>:293:23
    at evalmachine.<anonymous>:299:2
    at Object.exports.runInContext (vm.js:44:17)
    at _.extend._run (C:\Users\I329272\AppData\Roaming\npm\node_modules\newman\node_modules\postman-runtime\lib\uvm\host.js:156:16)
    at _.extend.execute (C:\Users\I329272\AppData\Roaming\npm\node_modules\newman\node_modules\postman-runtime\lib\uvm\host.js:121:14)
    at PostmanCollectionRun.<anonymous> (C:\Users\I329272\AppData\Roaming\npm\node_modules\newman\node_modules\postman-runtime\lib\runner\extensions\event.command.js:179:27)
    at C:\Users\I329272\AppData\Roaming\npm\node_modules\newman\node_modules\postman-runtime\node_modules\async\dist\async.js:1144:13
    at replenish (C:\Users\I329272\AppData\Roaming\npm\node_modules\newman\node_modules\postman-runtime\node_modules\async\dist\async.js:1018:21)
    at C:\Users\I329272\AppData\Roaming\npm\node_modules\newman\node_modules\postman-runtime\node_modules\async\dist\async.js:1022:13
---
Iteration: 2

---
testScriptError: TypeError: Cannot read property 'results' of undefined
    at Object.eval (eval at <anonymous> (evalmachine.<anonymous>:284:34), <anonymous>:4:21)
    at evalmachine.<anonymous>:293:23
    at evalmachine.<anonymous>:299:2
    at Object.exports.runInContext (vm.js:44:17)
    at _.extend._run (C:\Users\I329272\AppData\Roaming\npm\node_modules\newman\node_modules\postman-runtime\lib\uvm\host.js:156:16)
    at _.extend.execute (C:\Users\I329272\AppData\Roaming\npm\node_modules\newman\node_modules\postman-runtime\lib\uvm\host.js:121:14)
    at PostmanCollectionRun.<anonymous> (C:\Users\I329272\AppData\Roaming\npm\node_modules\newman\node_modules\postman-runtime\lib\runner\extensions\event.command.js:179:27)
    at C:\Users\I329272\AppData\Roaming\npm\node_modules\newman\node_modules\postman-runtime\node_modules\async\dist\async.js:1144:13
    at replenish (C:\Users\I329272\AppData\Roaming\npm\node_modules\newman\node_modules\postman-runtime\node_modules\async\dist\async.js:1018:21)
    at C:\Users\I329272\AppData\Roaming\npm\node_modules\newman\node_modules\postman-runtime\node_modules\async\dist\async.js:1022:13
---
Iteration: 3

---
testScriptError: TypeError: Cannot read property 'results' of undefined
    at Object.eval (eval at <anonymous> (evalmachine.<anonymous>:284:34), <anonymous>:4:21)
    at evalmachine.<anonymous>:293:23
    at evalmachine.<anonymous>:299:2
    at Object.exports.runInContext (vm.js:44:17)
    at _.extend._run (C:\Users\I329272\AppData\Roaming\npm\node_modules\newman\node_modules\postman-runtime\lib\uvm\host.js:156:16)
    at _.extend.execute (C:\Users\I329272\AppData\Roaming\npm\node_modules\newman\node_modules\postman-runtime\lib\uvm\host.js:121:14)
    at PostmanCollectionRun.<anonymous> (C:\Users\I329272\AppData\Roaming\npm\node_modules\newman\node_modules\postman-runtime\lib\runner\extensions\event.command.js:179:27)
    at C:\Users\I329272\AppData\Roaming\npm\node_modules\newman\node_modules\postman-runtime\node_modules\async\dist\async.js:1144:13
    at replenish (C:\Users\I329272\AppData\Roaming\npm\node_modules\newman\node_modules\postman-runtime\node_modules\async\dist\async.js:1018:21)
    at C:\Users\I329272\AppData\Roaming\npm\node_modules\newman\node_modules\postman-runtime\node_modules\async\dist\async.js:1022:13
---
Iteration: 4

---
testScriptError: TypeError: Cannot read property 'results' of undefined
    at Object.eval (eval at <anonymous> (evalmachine.<anonymous>:284:34), <anonymous>:4:21)
    at evalmachine.<anonymous>:293:23
    at evalmachine.<anonymous>:299:2
    at Object.exports.runInContext (vm.js:44:17)
    at _.extend._run (C:\Users\I329272\AppData\Roaming\npm\node_modules\newman\node_modules\postman-runtime\lib\uvm\host.js:156:16)
    at _.extend.execute (C:\Users\I329272\AppData\Roaming\npm\node_modules\newman\node_modules\postman-runtime\lib\uvm\host.js:121:14)
    at PostmanCollectionRun.<anonymous> (C:\Users\I329272\AppData\Roaming\npm\node_modules\newman\node_modules\postman-runtime\lib\runner\extensions\event.command.js:179:27)
    at C:\Users\I329272\AppData\Roaming\npm\node_modules\newman\node_modules\postman-runtime\node_modules\async\dist\async.js:1144:13
    at replenish (C:\Users\I329272\AppData\Roaming\npm\node_modules\newman\node_modules\postman-runtime\node_modules\async\dist\async.js:1018:21)
    at C:\Users\I329272\AppData\Roaming\npm\node_modules\newman\node_modules\postman-runtime\node_modules\async\dist\async.js:1022:13
---
Iteration: 5

---
testScriptError: TypeError: Cannot read property 'results' of undefined
    at Object.eval (eval at <anonymous> (evalmachine.<anonymous>:284:34), <anonymous>:4:21)
    at evalmachine.<anonymous>:293:23
    at evalmachine.<anonymous>:299:2
    at Object.exports.runInContext (vm.js:44:17)
    at _.extend._run (C:\Users\I329272\AppData\Roaming\npm\node_modules\newman\node_modules\postman-runtime\lib\uvm\host.js:156:16)
    at _.extend.execute (C:\Users\I329272\AppData\Roaming\npm\node_modules\newman\node_modules\postman-runtime\lib\uvm\host.js:121:14)
    at PostmanCollectionRun.<anonymous> (C:\Users\I329272\AppData\Roaming\npm\node_modules\newman\node_modules\postman-runtime\lib\runner\extensions\event.command.js:179:27)
    at C:\Users\I329272\AppData\Roaming\npm\node_modules\newman\node_modules\postman-runtime\node_modules\async\dist\async.js:1144:13
    at replenish (C:\Users\I329272\AppData\Roaming\npm\node_modules\newman\node_modules\postman-runtime\node_modules\async\dist\async.js:1018:21)
    at C:\Users\I329272\AppData\Roaming\npm\node_modules\newman\node_modules\postman-runtime\node_modules\async\dist\async.js:1022:13
---
Iteration: 6

---
testScriptError: TypeError: Cannot read property 'results' of undefined
    at Object.eval (eval at <anonymous> (evalmachine.<anonymous>:284:34), <anonymous>:4:21)
    at evalmachine.<anonymous>:293:23
    at evalmachine.<anonymous>:299:2
    at Object.exports.runInContext (vm.js:44:17)
    at _.extend._run (C:\Users\I329272\AppData\Roaming\npm\node_modules\newman\node_modules\postman-runtime\lib\uvm\host.js:156:16)
    at _.extend.execute (C:\Users\I329272\AppData\Roaming\npm\node_modules\newman\node_modules\postman-runtime\lib\uvm\host.js:121:14)
    at PostmanCollectionRun.<anonymous> (C:\Users\I329272\AppData\Roaming\npm\node_modules\newman\node_modules\postman-runtime\lib\runner\extensions\event.command.js:179:27)
    at C:\Users\I329272\AppData\Roaming\npm\node_modules\newman\node_modules\postman-runtime\node_modules\async\dist\async.js:1144:13
    at replenish (C:\Users\I329272\AppData\Roaming\npm\node_modules\newman\node_modules\postman-runtime\node_modules\async\dist\async.js:1018:21)
    at C:\Users\I329272\AppData\Roaming\npm\node_modules\newman\node_modules\postman-runtime\node_modules\async\dist\async.js:1022:13
---
Iteration: 7

---
testScriptError: TypeError: Cannot read property 'results' of undefined
    at Object.eval (eval at <anonymous> (evalmachine.<anonymous>:284:34), <anonymous>:4:21)
    at evalmachine.<anonymous>:293:23
    at evalmachine.<anonymous>:299:2
    at Object.exports.runInContext (vm.js:44:17)
    at _.extend._run (C:\Users\I329272\AppData\Roaming\npm\node_modules\newman\node_modules\postman-runtime\lib\uvm\host.js:156:16)
    at _.extend.execute (C:\Users\I329272\AppData\Roaming\npm\node_modules\newman\node_modules\postman-runtime\lib\uvm\host.js:121:14)
    at PostmanCollectionRun.<anonymous> (C:\Users\I329272\AppData\Roaming\npm\node_modules\newman\node_modules\postman-runtime\lib\runner\extensions\event.command.js:179:27)
    at C:\Users\I329272\AppData\Roaming\npm\node_modules\newman\node_modules\postman-runtime\node_modules\async\dist\async.js:1144:13
    at replenish (C:\Users\I329272\AppData\Roaming\npm\node_modules\newman\node_modules\postman-runtime\node_modules\async\dist\async.js:1018:21)
    at C:\Users\I329272\AppData\Roaming\npm\node_modules\newman\node_modules\postman-runtime\node_modules\async\dist\async.js:1022:13
---
Iteration: 8

---
testScriptError: TypeError: Cannot read property 'results' of undefined
    at Object.eval (eval at <anonymous> (evalmachine.<anonymous>:284:34), <anonymous>:4:21)
    at evalmachine.<anonymous>:293:23
    at evalmachine.<anonymous>:299:2
    at Object.exports.runInContext (vm.js:44:17)
    at _.extend._run (C:\Users\I329272\AppData\Roaming\npm\node_modules\newman\node_modules\postman-runtime\lib\uvm\host.js:156:16)
    at _.extend.execute (C:\Users\I329272\AppData\Roaming\npm\node_modules\newman\node_modules\postman-runtime\lib\uvm\host.js:121:14)
    at PostmanCollectionRun.<anonymous> (C:\Users\I329272\AppData\Roaming\npm\node_modules\newman\node_modules\postman-runtime\lib\runner\extensions\event.command.js:179:27)
    at C:\Users\I329272\AppData\Roaming\npm\node_modules\newman\node_modules\postman-runtime\node_modules\async\dist\async.js:1144:13
    at replenish (C:\Users\I329272\AppData\Roaming\npm\node_modules\newman\node_modules\postman-runtime\node_modules\async\dist\async.js:1018:21)
    at C:\Users\I329272\AppData\Roaming\npm\node_modules\newman\node_modules\postman-runtime\node_modules\async\dist\async.js:1022:13
---
Iteration: 9

---
testScriptError: TypeError: Cannot read property 'results' of undefined
    at Object.eval (eval at <anonymous> (evalmachine.<anonymous>:284:34), <anonymous>:4:21)
    at evalmachine.<anonymous>:293:23
    at evalmachine.<anonymous>:299:2
    at Object.exports.runInContext (vm.js:44:17)
    at _.extend._run (C:\Users\I329272\AppData\Roaming\npm\node_modules\newman\node_modules\postman-runtime\lib\uvm\host.js:156:16)
    at _.extend.execute (C:\Users\I329272\AppData\Roaming\npm\node_modules\newman\node_modules\postman-runtime\lib\uvm\host.js:121:14)
    at PostmanCollectionRun.<anonymous> (C:\Users\I329272\AppData\Roaming\npm\node_modules\newman\node_modules\postman-runtime\lib\runner\extensions\event.command.js:179:27)
    at C:\Users\I329272\AppData\Roaming\npm\node_modules\newman\node_modules\postman-runtime\node_modules\async\dist\async.js:1144:13
    at replenish (C:\Users\I329272\AppData\Roaming\npm\node_modules\newman\node_modules\postman-runtime\node_modules\async\dist\async.js:1018:21)
    at C:\Users\I329272\AppData\Roaming\npm\node_modules\newman\node_modules\postman-runtime\node_modules\async\dist\async.js:1022:13
---
Iteration: 10

---
testScriptError: TypeError: Cannot read property 'results' of undefined
    at Object.eval (eval at <anonymous> (evalmachine.<anonymous>:284:34), <anonymous>:4:21)
    at evalmachine.<anonymous>:293:23
    at evalmachine.<anonymous>:299:2
    at Object.exports.runInContext (vm.js:44:17)
    at _.extend._run (C:\Users\I329272\AppData\Roaming\npm\node_modules\newman\node_modules\postman-runtime\lib\uvm\host.js:156:16)
    at _.extend.execute (C:\Users\I329272\AppData\Roaming\npm\node_modules\newman\node_modules\postman-runtime\lib\uvm\host.js:121:14)
    at PostmanCollectionRun.<anonymous> (C:\Users\I329272\AppData\Roaming\npm\node_modules\newman\node_modules\postman-runtime\lib\runner\extensions\event.command.js:179:27)
    at C:\Users\I329272\AppData\Roaming\npm\node_modules\newman\node_modules\postman-runtime\node_modules\async\dist\async.js:1144:13
    at replenish (C:\Users\I329272\AppData\Roaming\npm\node_modules\newman\node_modules\postman-runtime\node_modules\async\dist\async.js:1018:21)
    at C:\Users\I329272\AppData\Roaming\npm\node_modules\newman\node_modules\postman-runtime\node_modules\async\dist\async.js:1022:13
---
Iteration: 11

---
testScriptError: TypeError: Cannot read property 'results' of undefined
    at Object.eval (eval at <anonymous> (evalmachine.<anonymous>:284:34), <anonymous>:4:21)
    at evalmachine.<anonymous>:293:23
    at evalmachine.<anonymous>:299:2
    at Object.exports.runInContext (vm.js:44:17)
    at _.extend._run (C:\Users\I329272\AppData\Roaming\npm\node_modules\newman\node_modules\postman-runtime\lib\uvm\host.js:156:16)
    at _.extend.execute (C:\Users\I329272\AppData\Roaming\npm\node_modules\newman\node_modules\postman-runtime\lib\uvm\host.js:121:14)
    at PostmanCollectionRun.<anonymous> (C:\Users\I329272\AppData\Roaming\npm\node_modules\newman\node_modules\postman-runtime\lib\runner\extensions\event.command.js:179:27)
    at C:\Users\I329272\AppData\Roaming\npm\node_modules\newman\node_modules\postman-runtime\node_modules\async\dist\async.js:1144:13
    at replenish (C:\Users\I329272\AppData\Roaming\npm\node_modules\newman\node_modules\postman-runtime\node_modules\async\dist\async.js:1018:21)
    at C:\Users\I329272\AppData\Roaming\npm\node_modules\newman\node_modules\postman-runtime\node_modules\async\dist\async.js:1022:13
---
]]>
    </error>
  </testsuite>
  <testsuite name="Add Retail User Profile Features with entitlements (Valid Set)" id="bb1edd11-f08b-4360-b65a-5c05bfbcb576" tests="1" time="37.916666666666664">
    <testcase name="Modify entitlements for feature undefined on channel profile">
      <failure type="AssertionFailure">
        <![CDATA[Failed 12 times.]]>
      </failure>
    </testcase>
  </testsuite>
  <testsuite name="get ProfileFeatures with children entitled false on channel Verify" id="1c8012a6-94ca-4511-a92c-fee413a1ec45" tests="0" time="572.0833333333334">
    <error>
      <![CDATA[Iteration: 0

---
testScriptError: TypeError: Cannot read property 'results' of undefined
    at Object.eval (eval at <anonymous> (evalmachine.<anonymous>:284:34), <anonymous>:4:21)
    at evalmachine.<anonymous>:293:23
    at evalmachine.<anonymous>:299:2
    at Object.exports.runInContext (vm.js:44:17)
    at _.extend._run (C:\Users\I329272\AppData\Roaming\npm\node_modules\newman\node_modules\postman-runtime\lib\uvm\host.js:156:16)
    at _.extend.execute (C:\Users\I329272\AppData\Roaming\npm\node_modules\newman\node_modules\postman-runtime\lib\uvm\host.js:121:14)
    at PostmanCollectionRun.<anonymous> (C:\Users\I329272\AppData\Roaming\npm\node_modules\newman\node_modules\postman-runtime\lib\runner\extensions\event.command.js:179:27)
    at C:\Users\I329272\AppData\Roaming\npm\node_modules\newman\node_modules\postman-runtime\node_modules\async\dist\async.js:1144:13
    at replenish (C:\Users\I329272\AppData\Roaming\npm\node_modules\newman\node_modules\postman-runtime\node_modules\async\dist\async.js:1018:21)
    at C:\Users\I329272\AppData\Roaming\npm\node_modules\newman\node_modules\postman-runtime\node_modules\async\dist\async.js:1022:13
---
Iteration: 1

---
testScriptError: TypeError: Cannot read property 'results' of undefined
    at Object.eval (eval at <anonymous> (evalmachine.<anonymous>:284:34), <anonymous>:4:21)
    at evalmachine.<anonymous>:293:23
    at evalmachine.<anonymous>:299:2
    at Object.exports.runInContext (vm.js:44:17)
    at _.extend._run (C:\Users\I329272\AppData\Roaming\npm\node_modules\newman\node_modules\postman-runtime\lib\uvm\host.js:156:16)
    at _.extend.execute (C:\Users\I329272\AppData\Roaming\npm\node_modules\newman\node_modules\postman-runtime\lib\uvm\host.js:121:14)
    at PostmanCollectionRun.<anonymous> (C:\Users\I329272\AppData\Roaming\npm\node_modules\newman\node_modules\postman-runtime\lib\runner\extensions\event.command.js:179:27)
    at C:\Users\I329272\AppData\Roaming\npm\node_modules\newman\node_modules\postman-runtime\node_modules\async\dist\async.js:1144:13
    at replenish (C:\Users\I329272\AppData\Roaming\npm\node_modules\newman\node_modules\postman-runtime\node_modules\async\dist\async.js:1018:21)
    at C:\Users\I329272\AppData\Roaming\npm\node_modules\newman\node_modules\postman-runtime\node_modules\async\dist\async.js:1022:13
---
Iteration: 2

---
testScriptError: TypeError: Cannot read property 'results' of undefined
    at Object.eval (eval at <anonymous> (evalmachine.<anonymous>:284:34), <anonymous>:4:21)
    at evalmachine.<anonymous>:293:23
    at evalmachine.<anonymous>:299:2
    at Object.exports.runInContext (vm.js:44:17)
    at _.extend._run (C:\Users\I329272\AppData\Roaming\npm\node_modules\newman\node_modules\postman-runtime\lib\uvm\host.js:156:16)
    at _.extend.execute (C:\Users\I329272\AppData\Roaming\npm\node_modules\newman\node_modules\postman-runtime\lib\uvm\host.js:121:14)
    at PostmanCollectionRun.<anonymous> (C:\Users\I329272\AppData\Roaming\npm\node_modules\newman\node_modules\postman-runtime\lib\runner\extensions\event.command.js:179:27)
    at C:\Users\I329272\AppData\Roaming\npm\node_modules\newman\node_modules\postman-runtime\node_modules\async\dist\async.js:1144:13
    at replenish (C:\Users\I329272\AppData\Roaming\npm\node_modules\newman\node_modules\postman-runtime\node_modules\async\dist\async.js:1018:21)
    at C:\Users\I329272\AppData\Roaming\npm\node_modules\newman\node_modules\postman-runtime\node_modules\async\dist\async.js:1022:13
---
Iteration: 3

---
testScriptError: TypeError: Cannot read property 'results' of undefined
    at Object.eval (eval at <anonymous> (evalmachine.<anonymous>:284:34), <anonymous>:4:21)
    at evalmachine.<anonymous>:293:23
    at evalmachine.<anonymous>:299:2
    at Object.exports.runInContext (vm.js:44:17)
    at _.extend._run (C:\Users\I329272\AppData\Roaming\npm\node_modules\newman\node_modules\postman-runtime\lib\uvm\host.js:156:16)
    at _.extend.execute (C:\Users\I329272\AppData\Roaming\npm\node_modules\newman\node_modules\postman-runtime\lib\uvm\host.js:121:14)
    at PostmanCollectionRun.<anonymous> (C:\Users\I329272\AppData\Roaming\npm\node_modules\newman\node_modules\postman-runtime\lib\runner\extensions\event.command.js:179:27)
    at C:\Users\I329272\AppData\Roaming\npm\node_modules\newman\node_modules\postman-runtime\node_modules\async\dist\async.js:1144:13
    at replenish (C:\Users\I329272\AppData\Roaming\npm\node_modules\newman\node_modules\postman-runtime\node_modules\async\dist\async.js:1018:21)
    at C:\Users\I329272\AppData\Roaming\npm\node_modules\newman\node_modules\postman-runtime\node_modules\async\dist\async.js:1022:13
---
Iteration: 4

---
testScriptError: TypeError: Cannot read property 'results' of undefined
    at Object.eval (eval at <anonymous> (evalmachine.<anonymous>:284:34), <anonymous>:4:21)
    at evalmachine.<anonymous>:293:23
    at evalmachine.<anonymous>:299:2
    at Object.exports.runInContext (vm.js:44:17)
    at _.extend._run (C:\Users\I329272\AppData\Roaming\npm\node_modules\newman\node_modules\postman-runtime\lib\uvm\host.js:156:16)
    at _.extend.execute (C:\Users\I329272\AppData\Roaming\npm\node_modules\newman\node_modules\postman-runtime\lib\uvm\host.js:121:14)
    at PostmanCollectionRun.<anonymous> (C:\Users\I329272\AppData\Roaming\npm\node_modules\newman\node_modules\postman-runtime\lib\runner\extensions\event.command.js:179:27)
    at C:\Users\I329272\AppData\Roaming\npm\node_modules\newman\node_modules\postman-runtime\node_modules\async\dist\async.js:1144:13
    at replenish (C:\Users\I329272\AppData\Roaming\npm\node_modules\newman\node_modules\postman-runtime\node_modules\async\dist\async.js:1018:21)
    at C:\Users\I329272\AppData\Roaming\npm\node_modules\newman\node_modules\postman-runtime\node_modules\async\dist\async.js:1022:13
---
Iteration: 5

---
testScriptError: TypeError: Cannot read property 'results' of undefined
    at Object.eval (eval at <anonymous> (evalmachine.<anonymous>:284:34), <anonymous>:4:21)
    at evalmachine.<anonymous>:293:23
    at evalmachine.<anonymous>:299:2
    at Object.exports.runInContext (vm.js:44:17)
    at _.extend._run (C:\Users\I329272\AppData\Roaming\npm\node_modules\newman\node_modules\postman-runtime\lib\uvm\host.js:156:16)
    at _.extend.execute (C:\Users\I329272\AppData\Roaming\npm\node_modules\newman\node_modules\postman-runtime\lib\uvm\host.js:121:14)
    at PostmanCollectionRun.<anonymous> (C:\Users\I329272\AppData\Roaming\npm\node_modules\newman\node_modules\postman-runtime\lib\runner\extensions\event.command.js:179:27)
    at C:\Users\I329272\AppData\Roaming\npm\node_modules\newman\node_modules\postman-runtime\node_modules\async\dist\async.js:1144:13
    at replenish (C:\Users\I329272\AppData\Roaming\npm\node_modules\newman\node_modules\postman-runtime\node_modules\async\dist\async.js:1018:21)
    at C:\Users\I329272\AppData\Roaming\npm\node_modules\newman\node_modules\postman-runtime\node_modules\async\dist\async.js:1022:13
---
Iteration: 6

---
testScriptError: TypeError: Cannot read property 'results' of undefined
    at Object.eval (eval at <anonymous> (evalmachine.<anonymous>:284:34), <anonymous>:4:21)
    at evalmachine.<anonymous>:293:23
    at evalmachine.<anonymous>:299:2
    at Object.exports.runInContext (vm.js:44:17)
    at _.extend._run (C:\Users\I329272\AppData\Roaming\npm\node_modules\newman\node_modules\postman-runtime\lib\uvm\host.js:156:16)
    at _.extend.execute (C:\Users\I329272\AppData\Roaming\npm\node_modules\newman\node_modules\postman-runtime\lib\uvm\host.js:121:14)
    at PostmanCollectionRun.<anonymous> (C:\Users\I329272\AppData\Roaming\npm\node_modules\newman\node_modules\postman-runtime\lib\runner\extensions\event.command.js:179:27)
    at C:\Users\I329272\AppData\Roaming\npm\node_modules\newman\node_modules\postman-runtime\node_modules\async\dist\async.js:1144:13
    at replenish (C:\Users\I329272\AppData\Roaming\npm\node_modules\newman\node_modules\postman-runtime\node_modules\async\dist\async.js:1018:21)
    at C:\Users\I329272\AppData\Roaming\npm\node_modules\newman\node_modules\postman-runtime\node_modules\async\dist\async.js:1022:13
---
Iteration: 7

---
testScriptError: TypeError: Cannot read property 'results' of undefined
    at Object.eval (eval at <anonymous> (evalmachine.<anonymous>:284:34), <anonymous>:4:21)
    at evalmachine.<anonymous>:293:23
    at evalmachine.<anonymous>:299:2
    at Object.exports.runInContext (vm.js:44:17)
    at _.extend._run (C:\Users\I329272\AppData\Roaming\npm\node_modules\newman\node_modules\postman-runtime\lib\uvm\host.js:156:16)
    at _.extend.execute (C:\Users\I329272\AppData\Roaming\npm\node_modules\newman\node_modules\postman-runtime\lib\uvm\host.js:121:14)
    at PostmanCollectionRun.<anonymous> (C:\Users\I329272\AppData\Roaming\npm\node_modules\newman\node_modules\postman-runtime\lib\runner\extensions\event.command.js:179:27)
    at C:\Users\I329272\AppData\Roaming\npm\node_modules\newman\node_modules\postman-runtime\node_modules\async\dist\async.js:1144:13
    at replenish (C:\Users\I329272\AppData\Roaming\npm\node_modules\newman\node_modules\postman-runtime\node_modules\async\dist\async.js:1018:21)
    at C:\Users\I329272\AppData\Roaming\npm\node_modules\newman\node_modules\postman-runtime\node_modules\async\dist\async.js:1022:13
---
Iteration: 8

---
testScriptError: TypeError: Cannot read property 'results' of undefined
    at Object.eval (eval at <anonymous> (evalmachine.<anonymous>:284:34), <anonymous>:4:21)
    at evalmachine.<anonymous>:293:23
    at evalmachine.<anonymous>:299:2
    at Object.exports.runInContext (vm.js:44:17)
    at _.extend._run (C:\Users\I329272\AppData\Roaming\npm\node_modules\newman\node_modules\postman-runtime\lib\uvm\host.js:156:16)
    at _.extend.execute (C:\Users\I329272\AppData\Roaming\npm\node_modules\newman\node_modules\postman-runtime\lib\uvm\host.js:121:14)
    at PostmanCollectionRun.<anonymous> (C:\Users\I329272\AppData\Roaming\npm\node_modules\newman\node_modules\postman-runtime\lib\runner\extensions\event.command.js:179:27)
    at C:\Users\I329272\AppData\Roaming\npm\node_modules\newman\node_modules\postman-runtime\node_modules\async\dist\async.js:1144:13
    at replenish (C:\Users\I329272\AppData\Roaming\npm\node_modules\newman\node_modules\postman-runtime\node_modules\async\dist\async.js:1018:21)
    at C:\Users\I329272\AppData\Roaming\npm\node_modules\newman\node_modules\postman-runtime\node_modules\async\dist\async.js:1022:13
---
Iteration: 9

---
testScriptError: TypeError: Cannot read property 'results' of undefined
    at Object.eval (eval at <anonymous> (evalmachine.<anonymous>:284:34), <anonymous>:4:21)
    at evalmachine.<anonymous>:293:23
    at evalmachine.<anonymous>:299:2
    at Object.exports.runInContext (vm.js:44:17)
    at _.extend._run (C:\Users\I329272\AppData\Roaming\npm\node_modules\newman\node_modules\postman-runtime\lib\uvm\host.js:156:16)
    at _.extend.execute (C:\Users\I329272\AppData\Roaming\npm\node_modules\newman\node_modules\postman-runtime\lib\uvm\host.js:121:14)
    at PostmanCollectionRun.<anonymous> (C:\Users\I329272\AppData\Roaming\npm\node_modules\newman\node_modules\postman-runtime\lib\runner\extensions\event.command.js:179:27)
    at C:\Users\I329272\AppData\Roaming\npm\node_modules\newman\node_modules\postman-runtime\node_modules\async\dist\async.js:1144:13
    at replenish (C:\Users\I329272\AppData\Roaming\npm\node_modules\newman\node_modules\postman-runtime\node_modules\async\dist\async.js:1018:21)
    at C:\Users\I329272\AppData\Roaming\npm\node_modules\newman\node_modules\postman-runtime\node_modules\async\dist\async.js:1022:13
---
Iteration: 10

---
testScriptError: TypeError: Cannot read property 'results' of undefined
    at Object.eval (eval at <anonymous> (evalmachine.<anonymous>:284:34), <anonymous>:4:21)
    at evalmachine.<anonymous>:293:23
    at evalmachine.<anonymous>:299:2
    at Object.exports.runInContext (vm.js:44:17)
    at _.extend._run (C:\Users\I329272\AppData\Roaming\npm\node_modules\newman\node_modules\postman-runtime\lib\uvm\host.js:156:16)
    at _.extend.execute (C:\Users\I329272\AppData\Roaming\npm\node_modules\newman\node_modules\postman-runtime\lib\uvm\host.js:121:14)
    at PostmanCollectionRun.<anonymous> (C:\Users\I329272\AppData\Roaming\npm\node_modules\newman\node_modules\postman-runtime\lib\runner\extensions\event.command.js:179:27)
    at C:\Users\I329272\AppData\Roaming\npm\node_modules\newman\node_modules\postman-runtime\node_modules\async\dist\async.js:1144:13
    at replenish (C:\Users\I329272\AppData\Roaming\npm\node_modules\newman\node_modules\postman-runtime\node_modules\async\dist\async.js:1018:21)
    at C:\Users\I329272\AppData\Roaming\npm\node_modules\newman\node_modules\postman-runtime\node_modules\async\dist\async.js:1022:13
---
Iteration: 11

---
testScriptError: TypeError: Cannot read property 'results' of undefined
    at Object.eval (eval at <anonymous> (evalmachine.<anonymous>:284:34), <anonymous>:4:21)
    at evalmachine.<anonymous>:293:23
    at evalmachine.<anonymous>:299:2
    at Object.exports.runInContext (vm.js:44:17)
    at _.extend._run (C:\Users\I329272\AppData\Roaming\npm\node_modules\newman\node_modules\postman-runtime\lib\uvm\host.js:156:16)
    at _.extend.execute (C:\Users\I329272\AppData\Roaming\npm\node_modules\newman\node_modules\postman-runtime\lib\uvm\host.js:121:14)
    at PostmanCollectionRun.<anonymous> (C:\Users\I329272\AppData\Roaming\npm\node_modules\newman\node_modules\postman-runtime\lib\runner\extensions\event.command.js:179:27)
    at C:\Users\I329272\AppData\Roaming\npm\node_modules\newman\node_modules\postman-runtime\node_modules\async\dist\async.js:1144:13
    at replenish (C:\Users\I329272\AppData\Roaming\npm\node_modules\newman\node_modules\postman-runtime\node_modules\async\dist\async.js:1018:21)
    at C:\Users\I329272\AppData\Roaming\npm\node_modules\newman\node_modules\postman-runtime\node_modules\async\dist\async.js:1022:13
---
]]>
    </error>
  </testsuite>
  <testsuite name="Add Business Profile Features with entitlements with limits" id="571376ac-900f-4bd6-b7ff-a0914dcc4e5b" tests="1" time="40.416666666666664">
    <testcase name="Modify entitlements for feature undefined on cross profile">
      <failure type="AssertionFailure">
        <![CDATA[Failed 12 times.]]>
      </failure>
    </testcase>
  </testsuite>
  <testsuite name="get ProfileFeatures with children and limits verify" id="96a42b89-c5a3-445a-b877-ee1cbaf6368c" tests="0" time="115.41666666666667">
    <error>
      <![CDATA[Iteration: 0

---
testScriptError: TypeError: Cannot read property 'results' of undefined
    at Object.eval (eval at <anonymous> (evalmachine.<anonymous>:284:34), <anonymous>:4:21)
    at evalmachine.<anonymous>:293:23
    at evalmachine.<anonymous>:299:2
    at Object.exports.runInContext (vm.js:44:17)
    at _.extend._run (C:\Users\I329272\AppData\Roaming\npm\node_modules\newman\node_modules\postman-runtime\lib\uvm\host.js:156:16)
    at _.extend.execute (C:\Users\I329272\AppData\Roaming\npm\node_modules\newman\node_modules\postman-runtime\lib\uvm\host.js:121:14)
    at PostmanCollectionRun.<anonymous> (C:\Users\I329272\AppData\Roaming\npm\node_modules\newman\node_modules\postman-runtime\lib\runner\extensions\event.command.js:179:27)
    at C:\Users\I329272\AppData\Roaming\npm\node_modules\newman\node_modules\postman-runtime\node_modules\async\dist\async.js:1144:13
    at replenish (C:\Users\I329272\AppData\Roaming\npm\node_modules\newman\node_modules\postman-runtime\node_modules\async\dist\async.js:1018:21)
    at C:\Users\I329272\AppData\Roaming\npm\node_modules\newman\node_modules\postman-runtime\node_modules\async\dist\async.js:1022:13
---
Iteration: 1

---
testScriptError: TypeError: Cannot read property 'results' of undefined
    at Object.eval (eval at <anonymous> (evalmachine.<anonymous>:284:34), <anonymous>:4:21)
    at evalmachine.<anonymous>:293:23
    at evalmachine.<anonymous>:299:2
    at Object.exports.runInContext (vm.js:44:17)
    at _.extend._run (C:\Users\I329272\AppData\Roaming\npm\node_modules\newman\node_modules\postman-runtime\lib\uvm\host.js:156:16)
    at _.extend.execute (C:\Users\I329272\AppData\Roaming\npm\node_modules\newman\node_modules\postman-runtime\lib\uvm\host.js:121:14)
    at PostmanCollectionRun.<anonymous> (C:\Users\I329272\AppData\Roaming\npm\node_modules\newman\node_modules\postman-runtime\lib\runner\extensions\event.command.js:179:27)
    at C:\Users\I329272\AppData\Roaming\npm\node_modules\newman\node_modules\postman-runtime\node_modules\async\dist\async.js:1144:13
    at replenish (C:\Users\I329272\AppData\Roaming\npm\node_modules\newman\node_modules\postman-runtime\node_modules\async\dist\async.js:1018:21)
    at C:\Users\I329272\AppData\Roaming\npm\node_modules\newman\node_modules\postman-runtime\node_modules\async\dist\async.js:1022:13
---
Iteration: 2

---
testScriptError: TypeError: Cannot read property 'results' of undefined
    at Object.eval (eval at <anonymous> (evalmachine.<anonymous>:284:34), <anonymous>:4:21)
    at evalmachine.<anonymous>:293:23
    at evalmachine.<anonymous>:299:2
    at Object.exports.runInContext (vm.js:44:17)
    at _.extend._run (C:\Users\I329272\AppData\Roaming\npm\node_modules\newman\node_modules\postman-runtime\lib\uvm\host.js:156:16)
    at _.extend.execute (C:\Users\I329272\AppData\Roaming\npm\node_modules\newman\node_modules\postman-runtime\lib\uvm\host.js:121:14)
    at PostmanCollectionRun.<anonymous> (C:\Users\I329272\AppData\Roaming\npm\node_modules\newman\node_modules\postman-runtime\lib\runner\extensions\event.command.js:179:27)
    at C:\Users\I329272\AppData\Roaming\npm\node_modules\newman\node_modules\postman-runtime\node_modules\async\dist\async.js:1144:13
    at replenish (C:\Users\I329272\AppData\Roaming\npm\node_modules\newman\node_modules\postman-runtime\node_modules\async\dist\async.js:1018:21)
    at C:\Users\I329272\AppData\Roaming\npm\node_modules\newman\node_modules\postman-runtime\node_modules\async\dist\async.js:1022:13
---
Iteration: 3

---
testScriptError: TypeError: Cannot read property 'results' of undefined
    at Object.eval (eval at <anonymous> (evalmachine.<anonymous>:284:34), <anonymous>:4:21)
    at evalmachine.<anonymous>:293:23
    at evalmachine.<anonymous>:299:2
    at Object.exports.runInContext (vm.js:44:17)
    at _.extend._run (C:\Users\I329272\AppData\Roaming\npm\node_modules\newman\node_modules\postman-runtime\lib\uvm\host.js:156:16)
    at _.extend.execute (C:\Users\I329272\AppData\Roaming\npm\node_modules\newman\node_modules\postman-runtime\lib\uvm\host.js:121:14)
    at PostmanCollectionRun.<anonymous> (C:\Users\I329272\AppData\Roaming\npm\node_modules\newman\node_modules\postman-runtime\lib\runner\extensions\event.command.js:179:27)
    at C:\Users\I329272\AppData\Roaming\npm\node_modules\newman\node_modules\postman-runtime\node_modules\async\dist\async.js:1144:13
    at replenish (C:\Users\I329272\AppData\Roaming\npm\node_modules\newman\node_modules\postman-runtime\node_modules\async\dist\async.js:1018:21)
    at C:\Users\I329272\AppData\Roaming\npm\node_modules\newman\node_modules\postman-runtime\node_modules\async\dist\async.js:1022:13
---
Iteration: 4

---
testScriptError: TypeError: Cannot read property 'results' of undefined
    at Object.eval (eval at <anonymous> (evalmachine.<anonymous>:284:34), <anonymous>:4:21)
    at evalmachine.<anonymous>:293:23
    at evalmachine.<anonymous>:299:2
    at Object.exports.runInContext (vm.js:44:17)
    at _.extend._run (C:\Users\I329272\AppData\Roaming\npm\node_modules\newman\node_modules\postman-runtime\lib\uvm\host.js:156:16)
    at _.extend.execute (C:\Users\I329272\AppData\Roaming\npm\node_modules\newman\node_modules\postman-runtime\lib\uvm\host.js:121:14)
    at PostmanCollectionRun.<anonymous> (C:\Users\I329272\AppData\Roaming\npm\node_modules\newman\node_modules\postman-runtime\lib\runner\extensions\event.command.js:179:27)
    at C:\Users\I329272\AppData\Roaming\npm\node_modules\newman\node_modules\postman-runtime\node_modules\async\dist\async.js:1144:13
    at replenish (C:\Users\I329272\AppData\Roaming\npm\node_modules\newman\node_modules\postman-runtime\node_modules\async\dist\async.js:1018:21)
    at C:\Users\I329272\AppData\Roaming\npm\node_modules\newman\node_modules\postman-runtime\node_modules\async\dist\async.js:1022:13
---
Iteration: 5

---
testScriptError: TypeError: Cannot read property 'results' of undefined
    at Object.eval (eval at <anonymous> (evalmachine.<anonymous>:284:34), <anonymous>:4:21)
    at evalmachine.<anonymous>:293:23
    at evalmachine.<anonymous>:299:2
    at Object.exports.runInContext (vm.js:44:17)
    at _.extend._run (C:\Users\I329272\AppData\Roaming\npm\node_modules\newman\node_modules\postman-runtime\lib\uvm\host.js:156:16)
    at _.extend.execute (C:\Users\I329272\AppData\Roaming\npm\node_modules\newman\node_modules\postman-runtime\lib\uvm\host.js:121:14)
    at PostmanCollectionRun.<anonymous> (C:\Users\I329272\AppData\Roaming\npm\node_modules\newman\node_modules\postman-runtime\lib\runner\extensions\event.command.js:179:27)
    at C:\Users\I329272\AppData\Roaming\npm\node_modules\newman\node_modules\postman-runtime\node_modules\async\dist\async.js:1144:13
    at replenish (C:\Users\I329272\AppData\Roaming\npm\node_modules\newman\node_modules\postman-runtime\node_modules\async\dist\async.js:1018:21)
    at C:\Users\I329272\AppData\Roaming\npm\node_modules\newman\node_modules\postman-runtime\node_modules\async\dist\async.js:1022:13
---
Iteration: 6

---
testScriptError: TypeError: Cannot read property 'results' of undefined
    at Object.eval (eval at <anonymous> (evalmachine.<anonymous>:284:34), <anonymous>:4:21)
    at evalmachine.<anonymous>:293:23
    at evalmachine.<anonymous>:299:2
    at Object.exports.runInContext (vm.js:44:17)
    at _.extend._run (C:\Users\I329272\AppData\Roaming\npm\node_modules\newman\node_modules\postman-runtime\lib\uvm\host.js:156:16)
    at _.extend.execute (C:\Users\I329272\AppData\Roaming\npm\node_modules\newman\node_modules\postman-runtime\lib\uvm\host.js:121:14)
    at PostmanCollectionRun.<anonymous> (C:\Users\I329272\AppData\Roaming\npm\node_modules\newman\node_modules\postman-runtime\lib\runner\extensions\event.command.js:179:27)
    at C:\Users\I329272\AppData\Roaming\npm\node_modules\newman\node_modules\postman-runtime\node_modules\async\dist\async.js:1144:13
    at replenish (C:\Users\I329272\AppData\Roaming\npm\node_modules\newman\node_modules\postman-runtime\node_modules\async\dist\async.js:1018:21)
    at C:\Users\I329272\AppData\Roaming\npm\node_modules\newman\node_modules\postman-runtime\node_modules\async\dist\async.js:1022:13
---
Iteration: 7

---
testScriptError: TypeError: Cannot read property 'results' of undefined
    at Object.eval (eval at <anonymous> (evalmachine.<anonymous>:284:34), <anonymous>:4:21)
    at evalmachine.<anonymous>:293:23
    at evalmachine.<anonymous>:299:2
    at Object.exports.runInContext (vm.js:44:17)
    at _.extend._run (C:\Users\I329272\AppData\Roaming\npm\node_modules\newman\node_modules\postman-runtime\lib\uvm\host.js:156:16)
    at _.extend.execute (C:\Users\I329272\AppData\Roaming\npm\node_modules\newman\node_modules\postman-runtime\lib\uvm\host.js:121:14)
    at PostmanCollectionRun.<anonymous> (C:\Users\I329272\AppData\Roaming\npm\node_modules\newman\node_modules\postman-runtime\lib\runner\extensions\event.command.js:179:27)
    at C:\Users\I329272\AppData\Roaming\npm\node_modules\newman\node_modules\postman-runtime\node_modules\async\dist\async.js:1144:13
    at replenish (C:\Users\I329272\AppData\Roaming\npm\node_modules\newman\node_modules\postman-runtime\node_modules\async\dist\async.js:1018:21)
    at C:\Users\I329272\AppData\Roaming\npm\node_modules\newman\node_modules\postman-runtime\node_modules\async\dist\async.js:1022:13
---
Iteration: 8

---
testScriptError: TypeError: Cannot read property 'results' of undefined
    at Object.eval (eval at <anonymous> (evalmachine.<anonymous>:284:34), <anonymous>:4:21)
    at evalmachine.<anonymous>:293:23
    at evalmachine.<anonymous>:299:2
    at Object.exports.runInContext (vm.js:44:17)
    at _.extend._run (C:\Users\I329272\AppData\Roaming\npm\node_modules\newman\node_modules\postman-runtime\lib\uvm\host.js:156:16)
    at _.extend.execute (C:\Users\I329272\AppData\Roaming\npm\node_modules\newman\node_modules\postman-runtime\lib\uvm\host.js:121:14)
    at PostmanCollectionRun.<anonymous> (C:\Users\I329272\AppData\Roaming\npm\node_modules\newman\node_modules\postman-runtime\lib\runner\extensions\event.command.js:179:27)
    at C:\Users\I329272\AppData\Roaming\npm\node_modules\newman\node_modules\postman-runtime\node_modules\async\dist\async.js:1144:13
    at replenish (C:\Users\I329272\AppData\Roaming\npm\node_modules\newman\node_modules\postman-runtime\node_modules\async\dist\async.js:1018:21)
    at C:\Users\I329272\AppData\Roaming\npm\node_modules\newman\node_modules\postman-runtime\node_modules\async\dist\async.js:1022:13
---
Iteration: 9

---
testScriptError: TypeError: Cannot read property 'results' of undefined
    at Object.eval (eval at <anonymous> (evalmachine.<anonymous>:284:34), <anonymous>:4:21)
    at evalmachine.<anonymous>:293:23
    at evalmachine.<anonymous>:299:2
    at Object.exports.runInContext (vm.js:44:17)
    at _.extend._run (C:\Users\I329272\AppData\Roaming\npm\node_modules\newman\node_modules\postman-runtime\lib\uvm\host.js:156:16)
    at _.extend.execute (C:\Users\I329272\AppData\Roaming\npm\node_modules\newman\node_modules\postman-runtime\lib\uvm\host.js:121:14)
    at PostmanCollectionRun.<anonymous> (C:\Users\I329272\AppData\Roaming\npm\node_modules\newman\node_modules\postman-runtime\lib\runner\extensions\event.command.js:179:27)
    at C:\Users\I329272\AppData\Roaming\npm\node_modules\newman\node_modules\postman-runtime\node_modules\async\dist\async.js:1144:13
    at replenish (C:\Users\I329272\AppData\Roaming\npm\node_modules\newman\node_modules\postman-runtime\node_modules\async\dist\async.js:1018:21)
    at C:\Users\I329272\AppData\Roaming\npm\node_modules\newman\node_modules\postman-runtime\node_modules\async\dist\async.js:1022:13
---
Iteration: 10

---
testScriptError: TypeError: Cannot read property 'results' of undefined
    at Object.eval (eval at <anonymous> (evalmachine.<anonymous>:284:34), <anonymous>:4:21)
    at evalmachine.<anonymous>:293:23
    at evalmachine.<anonymous>:299:2
    at Object.exports.runInContext (vm.js:44:17)
    at _.extend._run (C:\Users\I329272\AppData\Roaming\npm\node_modules\newman\node_modules\postman-runtime\lib\uvm\host.js:156:16)
    at _.extend.execute (C:\Users\I329272\AppData\Roaming\npm\node_modules\newman\node_modules\postman-runtime\lib\uvm\host.js:121:14)
    at PostmanCollectionRun.<anonymous> (C:\Users\I329272\AppData\Roaming\npm\node_modules\newman\node_modules\postman-runtime\lib\runner\extensions\event.command.js:179:27)
    at C:\Users\I329272\AppData\Roaming\npm\node_modules\newman\node_modules\postman-runtime\node_modules\async\dist\async.js:1144:13
    at replenish (C:\Users\I329272\AppData\Roaming\npm\node_modules\newman\node_modules\postman-runtime\node_modules\async\dist\async.js:1018:21)
    at C:\Users\I329272\AppData\Roaming\npm\node_modules\newman\node_modules\postman-runtime\node_modules\async\dist\async.js:1022:13
---
Iteration: 11

---
testScriptError: TypeError: Cannot read property 'results' of undefined
    at Object.eval (eval at <anonymous> (evalmachine.<anonymous>:284:34), <anonymous>:4:21)
    at evalmachine.<anonymous>:293:23
    at evalmachine.<anonymous>:299:2
    at Object.exports.runInContext (vm.js:44:17)
    at _.extend._run (C:\Users\I329272\AppData\Roaming\npm\node_modules\newman\node_modules\postman-runtime\lib\uvm\host.js:156:16)
    at _.extend.execute (C:\Users\I329272\AppData\Roaming\npm\node_modules\newman\node_modules\postman-runtime\lib\uvm\host.js:121:14)
    at PostmanCollectionRun.<anonymous> (C:\Users\I329272\AppData\Roaming\npm\node_modules\newman\node_modules\postman-runtime\lib\runner\extensions\event.command.js:179:27)
    at C:\Users\I329272\AppData\Roaming\npm\node_modules\newman\node_modules\postman-runtime\node_modules\async\dist\async.js:1144:13
    at replenish (C:\Users\I329272\AppData\Roaming\npm\node_modules\newman\node_modules\postman-runtime\node_modules\async\dist\async.js:1018:21)
    at C:\Users\I329272\AppData\Roaming\npm\node_modules\newman\node_modules\postman-runtime\node_modules\async\dist\async.js:1022:13
---
]]>
    </error>
  </testsuite>
  <testsuite name="Add Retail User Profile Features with entitlements with limits on Channel" id="2a2f0645-1f70-4106-8a68-567b6363331d" tests="1" time="39.833333333333336">
    <testcase name="Modify entitlements with limit for feature undefined on channel profile">
      <failure type="AssertionFailure">
        <![CDATA[Failed 12 times.]]>
      </failure>
    </testcase>
  </testsuite>
  <testsuite name="get ProfileFeatures with children and limits verify on channel" id="95dce0f9-43d0-4b56-8846-9255658bac49" tests="0" time="283.9166666666667">
    <error>
      <![CDATA[Iteration: 0

---
testScriptError: TypeError: Cannot read property 'results' of undefined
    at Object.eval (eval at <anonymous> (evalmachine.<anonymous>:284:34), <anonymous>:4:21)
    at evalmachine.<anonymous>:293:23
    at evalmachine.<anonymous>:299:2
    at Object.exports.runInContext (vm.js:44:17)
    at _.extend._run (C:\Users\I329272\AppData\Roaming\npm\node_modules\newman\node_modules\postman-runtime\lib\uvm\host.js:156:16)
    at _.extend.execute (C:\Users\I329272\AppData\Roaming\npm\node_modules\newman\node_modules\postman-runtime\lib\uvm\host.js:121:14)
    at PostmanCollectionRun.<anonymous> (C:\Users\I329272\AppData\Roaming\npm\node_modules\newman\node_modules\postman-runtime\lib\runner\extensions\event.command.js:179:27)
    at C:\Users\I329272\AppData\Roaming\npm\node_modules\newman\node_modules\postman-runtime\node_modules\async\dist\async.js:1144:13
    at replenish (C:\Users\I329272\AppData\Roaming\npm\node_modules\newman\node_modules\postman-runtime\node_modules\async\dist\async.js:1018:21)
    at C:\Users\I329272\AppData\Roaming\npm\node_modules\newman\node_modules\postman-runtime\node_modules\async\dist\async.js:1022:13
---
Iteration: 1

---
testScriptError: TypeError: Cannot read property 'results' of undefined
    at Object.eval (eval at <anonymous> (evalmachine.<anonymous>:284:34), <anonymous>:4:21)
    at evalmachine.<anonymous>:293:23
    at evalmachine.<anonymous>:299:2
    at Object.exports.runInContext (vm.js:44:17)
    at _.extend._run (C:\Users\I329272\AppData\Roaming\npm\node_modules\newman\node_modules\postman-runtime\lib\uvm\host.js:156:16)
    at _.extend.execute (C:\Users\I329272\AppData\Roaming\npm\node_modules\newman\node_modules\postman-runtime\lib\uvm\host.js:121:14)
    at PostmanCollectionRun.<anonymous> (C:\Users\I329272\AppData\Roaming\npm\node_modules\newman\node_modules\postman-runtime\lib\runner\extensions\event.command.js:179:27)
    at C:\Users\I329272\AppData\Roaming\npm\node_modules\newman\node_modules\postman-runtime\node_modules\async\dist\async.js:1144:13
    at replenish (C:\Users\I329272\AppData\Roaming\npm\node_modules\newman\node_modules\postman-runtime\node_modules\async\dist\async.js:1018:21)
    at C:\Users\I329272\AppData\Roaming\npm\node_modules\newman\node_modules\postman-runtime\node_modules\async\dist\async.js:1022:13
---
Iteration: 2

---
testScriptError: TypeError: Cannot read property 'results' of undefined
    at Object.eval (eval at <anonymous> (evalmachine.<anonymous>:284:34), <anonymous>:4:21)
    at evalmachine.<anonymous>:293:23
    at evalmachine.<anonymous>:299:2
    at Object.exports.runInContext (vm.js:44:17)
    at _.extend._run (C:\Users\I329272\AppData\Roaming\npm\node_modules\newman\node_modules\postman-runtime\lib\uvm\host.js:156:16)
    at _.extend.execute (C:\Users\I329272\AppData\Roaming\npm\node_modules\newman\node_modules\postman-runtime\lib\uvm\host.js:121:14)
    at PostmanCollectionRun.<anonymous> (C:\Users\I329272\AppData\Roaming\npm\node_modules\newman\node_modules\postman-runtime\lib\runner\extensions\event.command.js:179:27)
    at C:\Users\I329272\AppData\Roaming\npm\node_modules\newman\node_modules\postman-runtime\node_modules\async\dist\async.js:1144:13
    at replenish (C:\Users\I329272\AppData\Roaming\npm\node_modules\newman\node_modules\postman-runtime\node_modules\async\dist\async.js:1018:21)
    at C:\Users\I329272\AppData\Roaming\npm\node_modules\newman\node_modules\postman-runtime\node_modules\async\dist\async.js:1022:13
---
Iteration: 3

---
testScriptError: TypeError: Cannot read property 'results' of undefined
    at Object.eval (eval at <anonymous> (evalmachine.<anonymous>:284:34), <anonymous>:4:21)
    at evalmachine.<anonymous>:293:23
    at evalmachine.<anonymous>:299:2
    at Object.exports.runInContext (vm.js:44:17)
    at _.extend._run (C:\Users\I329272\AppData\Roaming\npm\node_modules\newman\node_modules\postman-runtime\lib\uvm\host.js:156:16)
    at _.extend.execute (C:\Users\I329272\AppData\Roaming\npm\node_modules\newman\node_modules\postman-runtime\lib\uvm\host.js:121:14)
    at PostmanCollectionRun.<anonymous> (C:\Users\I329272\AppData\Roaming\npm\node_modules\newman\node_modules\postman-runtime\lib\runner\extensions\event.command.js:179:27)
    at C:\Users\I329272\AppData\Roaming\npm\node_modules\newman\node_modules\postman-runtime\node_modules\async\dist\async.js:1144:13
    at replenish (C:\Users\I329272\AppData\Roaming\npm\node_modules\newman\node_modules\postman-runtime\node_modules\async\dist\async.js:1018:21)
    at C:\Users\I329272\AppData\Roaming\npm\node_modules\newman\node_modules\postman-runtime\node_modules\async\dist\async.js:1022:13
---
Iteration: 4

---
testScriptError: TypeError: Cannot read property 'results' of undefined
    at Object.eval (eval at <anonymous> (evalmachine.<anonymous>:284:34), <anonymous>:4:21)
    at evalmachine.<anonymous>:293:23
    at evalmachine.<anonymous>:299:2
    at Object.exports.runInContext (vm.js:44:17)
    at _.extend._run (C:\Users\I329272\AppData\Roaming\npm\node_modules\newman\node_modules\postman-runtime\lib\uvm\host.js:156:16)
    at _.extend.execute (C:\Users\I329272\AppData\Roaming\npm\node_modules\newman\node_modules\postman-runtime\lib\uvm\host.js:121:14)
    at PostmanCollectionRun.<anonymous> (C:\Users\I329272\AppData\Roaming\npm\node_modules\newman\node_modules\postman-runtime\lib\runner\extensions\event.command.js:179:27)
    at C:\Users\I329272\AppData\Roaming\npm\node_modules\newman\node_modules\postman-runtime\node_modules\async\dist\async.js:1144:13
    at replenish (C:\Users\I329272\AppData\Roaming\npm\node_modules\newman\node_modules\postman-runtime\node_modules\async\dist\async.js:1018:21)
    at C:\Users\I329272\AppData\Roaming\npm\node_modules\newman\node_modules\postman-runtime\node_modules\async\dist\async.js:1022:13
---
Iteration: 5

---
testScriptError: TypeError: Cannot read property 'results' of undefined
    at Object.eval (eval at <anonymous> (evalmachine.<anonymous>:284:34), <anonymous>:4:21)
    at evalmachine.<anonymous>:293:23
    at evalmachine.<anonymous>:299:2
    at Object.exports.runInContext (vm.js:44:17)
    at _.extend._run (C:\Users\I329272\AppData\Roaming\npm\node_modules\newman\node_modules\postman-runtime\lib\uvm\host.js:156:16)
    at _.extend.execute (C:\Users\I329272\AppData\Roaming\npm\node_modules\newman\node_modules\postman-runtime\lib\uvm\host.js:121:14)
    at PostmanCollectionRun.<anonymous> (C:\Users\I329272\AppData\Roaming\npm\node_modules\newman\node_modules\postman-runtime\lib\runner\extensions\event.command.js:179:27)
    at C:\Users\I329272\AppData\Roaming\npm\node_modules\newman\node_modules\postman-runtime\node_modules\async\dist\async.js:1144:13
    at replenish (C:\Users\I329272\AppData\Roaming\npm\node_modules\newman\node_modules\postman-runtime\node_modules\async\dist\async.js:1018:21)
    at C:\Users\I329272\AppData\Roaming\npm\node_modules\newman\node_modules\postman-runtime\node_modules\async\dist\async.js:1022:13
---
Iteration: 6

---
testScriptError: TypeError: Cannot read property 'results' of undefined
    at Object.eval (eval at <anonymous> (evalmachine.<anonymous>:284:34), <anonymous>:4:21)
    at evalmachine.<anonymous>:293:23
    at evalmachine.<anonymous>:299:2
    at Object.exports.runInContext (vm.js:44:17)
    at _.extend._run (C:\Users\I329272\AppData\Roaming\npm\node_modules\newman\node_modules\postman-runtime\lib\uvm\host.js:156:16)
    at _.extend.execute (C:\Users\I329272\AppData\Roaming\npm\node_modules\newman\node_modules\postman-runtime\lib\uvm\host.js:121:14)
    at PostmanCollectionRun.<anonymous> (C:\Users\I329272\AppData\Roaming\npm\node_modules\newman\node_modules\postman-runtime\lib\runner\extensions\event.command.js:179:27)
    at C:\Users\I329272\AppData\Roaming\npm\node_modules\newman\node_modules\postman-runtime\node_modules\async\dist\async.js:1144:13
    at replenish (C:\Users\I329272\AppData\Roaming\npm\node_modules\newman\node_modules\postman-runtime\node_modules\async\dist\async.js:1018:21)
    at C:\Users\I329272\AppData\Roaming\npm\node_modules\newman\node_modules\postman-runtime\node_modules\async\dist\async.js:1022:13
---
Iteration: 7

---
testScriptError: TypeError: Cannot read property 'results' of undefined
    at Object.eval (eval at <anonymous> (evalmachine.<anonymous>:284:34), <anonymous>:4:21)
    at evalmachine.<anonymous>:293:23
    at evalmachine.<anonymous>:299:2
    at Object.exports.runInContext (vm.js:44:17)
    at _.extend._run (C:\Users\I329272\AppData\Roaming\npm\node_modules\newman\node_modules\postman-runtime\lib\uvm\host.js:156:16)
    at _.extend.execute (C:\Users\I329272\AppData\Roaming\npm\node_modules\newman\node_modules\postman-runtime\lib\uvm\host.js:121:14)
    at PostmanCollectionRun.<anonymous> (C:\Users\I329272\AppData\Roaming\npm\node_modules\newman\node_modules\postman-runtime\lib\runner\extensions\event.command.js:179:27)
    at C:\Users\I329272\AppData\Roaming\npm\node_modules\newman\node_modules\postman-runtime\node_modules\async\dist\async.js:1144:13
    at replenish (C:\Users\I329272\AppData\Roaming\npm\node_modules\newman\node_modules\postman-runtime\node_modules\async\dist\async.js:1018:21)
    at C:\Users\I329272\AppData\Roaming\npm\node_modules\newman\node_modules\postman-runtime\node_modules\async\dist\async.js:1022:13
---
Iteration: 8

---
testScriptError: TypeError: Cannot read property 'results' of undefined
    at Object.eval (eval at <anonymous> (evalmachine.<anonymous>:284:34), <anonymous>:4:21)
    at evalmachine.<anonymous>:293:23
    at evalmachine.<anonymous>:299:2
    at Object.exports.runInContext (vm.js:44:17)
    at _.extend._run (C:\Users\I329272\AppData\Roaming\npm\node_modules\newman\node_modules\postman-runtime\lib\uvm\host.js:156:16)
    at _.extend.execute (C:\Users\I329272\AppData\Roaming\npm\node_modules\newman\node_modules\postman-runtime\lib\uvm\host.js:121:14)
    at PostmanCollectionRun.<anonymous> (C:\Users\I329272\AppData\Roaming\npm\node_modules\newman\node_modules\postman-runtime\lib\runner\extensions\event.command.js:179:27)
    at C:\Users\I329272\AppData\Roaming\npm\node_modules\newman\node_modules\postman-runtime\node_modules\async\dist\async.js:1144:13
    at replenish (C:\Users\I329272\AppData\Roaming\npm\node_modules\newman\node_modules\postman-runtime\node_modules\async\dist\async.js:1018:21)
    at C:\Users\I329272\AppData\Roaming\npm\node_modules\newman\node_modules\postman-runtime\node_modules\async\dist\async.js:1022:13
---
Iteration: 9

---
testScriptError: TypeError: Cannot read property 'results' of undefined
    at Object.eval (eval at <anonymous> (evalmachine.<anonymous>:284:34), <anonymous>:4:21)
    at evalmachine.<anonymous>:293:23
    at evalmachine.<anonymous>:299:2
    at Object.exports.runInContext (vm.js:44:17)
    at _.extend._run (C:\Users\I329272\AppData\Roaming\npm\node_modules\newman\node_modules\postman-runtime\lib\uvm\host.js:156:16)
    at _.extend.execute (C:\Users\I329272\AppData\Roaming\npm\node_modules\newman\node_modules\postman-runtime\lib\uvm\host.js:121:14)
    at PostmanCollectionRun.<anonymous> (C:\Users\I329272\AppData\Roaming\npm\node_modules\newman\node_modules\postman-runtime\lib\runner\extensions\event.command.js:179:27)
    at C:\Users\I329272\AppData\Roaming\npm\node_modules\newman\node_modules\postman-runtime\node_modules\async\dist\async.js:1144:13
    at replenish (C:\Users\I329272\AppData\Roaming\npm\node_modules\newman\node_modules\postman-runtime\node_modules\async\dist\async.js:1018:21)
    at C:\Users\I329272\AppData\Roaming\npm\node_modules\newman\node_modules\postman-runtime\node_modules\async\dist\async.js:1022:13
---
Iteration: 10

---
testScriptError: TypeError: Cannot read property 'results' of undefined
    at Object.eval (eval at <anonymous> (evalmachine.<anonymous>:284:34), <anonymous>:4:21)
    at evalmachine.<anonymous>:293:23
    at evalmachine.<anonymous>:299:2
    at Object.exports.runInContext (vm.js:44:17)
    at _.extend._run (C:\Users\I329272\AppData\Roaming\npm\node_modules\newman\node_modules\postman-runtime\lib\uvm\host.js:156:16)
    at _.extend.execute (C:\Users\I329272\AppData\Roaming\npm\node_modules\newman\node_modules\postman-runtime\lib\uvm\host.js:121:14)
    at PostmanCollectionRun.<anonymous> (C:\Users\I329272\AppData\Roaming\npm\node_modules\newman\node_modules\postman-runtime\lib\runner\extensions\event.command.js:179:27)
    at C:\Users\I329272\AppData\Roaming\npm\node_modules\newman\node_modules\postman-runtime\node_modules\async\dist\async.js:1144:13
    at replenish (C:\Users\I329272\AppData\Roaming\npm\node_modules\newman\node_modules\postman-runtime\node_modules\async\dist\async.js:1018:21)
    at C:\Users\I329272\AppData\Roaming\npm\node_modules\newman\node_modules\postman-runtime\node_modules\async\dist\async.js:1022:13
---
Iteration: 11

---
testScriptError: TypeError: Cannot read property 'results' of undefined
    at Object.eval (eval at <anonymous> (evalmachine.<anonymous>:284:34), <anonymous>:4:21)
    at evalmachine.<anonymous>:293:23
    at evalmachine.<anonymous>:299:2
    at Object.exports.runInContext (vm.js:44:17)
    at _.extend._run (C:\Users\I329272\AppData\Roaming\npm\node_modules\newman\node_modules\postman-runtime\lib\uvm\host.js:156:16)
    at _.extend.execute (C:\Users\I329272\AppData\Roaming\npm\node_modules\newman\node_modules\postman-runtime\lib\uvm\host.js:121:14)
    at PostmanCollectionRun.<anonymous> (C:\Users\I329272\AppData\Roaming\npm\node_modules\newman\node_modules\postman-runtime\lib\runner\extensions\event.command.js:179:27)
    at C:\Users\I329272\AppData\Roaming\npm\node_modules\newman\node_modules\postman-runtime\node_modules\async\dist\async.js:1144:13
    at replenish (C:\Users\I329272\AppData\Roaming\npm\node_modules\newman\node_modules\postman-runtime\node_modules\async\dist\async.js:1018:21)
    at C:\Users\I329272\AppData\Roaming\npm\node_modules\newman\node_modules\postman-runtime\node_modules\async\dist\async.js:1022:13
---
]]>
    </error>
  </testsuite>
</testsuites>