<?xml version="1.0" encoding="UTF-8"?>
<testsuites name="BusinessUserProfile_Harness">
  <testsuite name="Login to CB as primaryadmin" id="31bfbeb1-b7f2-49fd-a708-b9b69b58c930" tests="1" time="1181">
    <testcase name="status code is 201 : Created"/>
  </testsuite>
  <testsuite name="Add Business Profile" id="68d44976-9d17-4e65-b552-13c8e51c58d8" tests="0" time="0">
    <error>
      <![CDATA[Iteration: 0
RequestError: Error: read ECONNRESET
    at exports._errnoException (util.js:907:11)
    at TLSWrap.onread (net.js:557:26)

---
testScriptError: ReferenceError: responseBody is not defined
    at Object.eval (eval at <anonymous> (evalmachine.<anonymous>:284:34), <anonymous>:3:27)
    at evalmachine.<anonymous>:293:23
    at evalmachine.<anonymous>:299:2
    at Object.exports.runInContext (vm.js:44:17)
    at _.extend._run (C:\Users\I329272\AppData\Roaming\npm\node_modules\newman\node_modules\postman-runtime\lib\uvm\host.js:156:16)
    at _.extend.execute (C:\Users\I329272\AppData\Roaming\npm\node_modules\newman\node_modules\postman-runtime\lib\uvm\host.js:121:14)
    at PostmanCollectionRun.<anonymous> (C:\Users\I329272\AppData\Roaming\npm\node_modules\newman\node_modules\postman-runtime\lib\runner\extensions\event.command.js:179:27)
    at C:\Users\I329272\AppData\Roaming\npm\node_modules\newman\node_modules\postman-runtime\node_modules\async\dist\async.js:1144:13
    at replenish (C:\Users\I329272\AppData\Roaming\npm\node_modules\newman\node_modules\postman-runtime\node_modules\async\dist\async.js:1018:21)
    at C:\Users\I329272\AppData\Roaming\npm\node_modules\newman\node_modules\postman-runtime\node_modules\async\dist\async.js:1022:13
---
]]>
    </error>
  </testsuite>
  <testsuite name="delete profile1" id="4befe6a6-e52b-43da-8d79-ba1d3460217a" tests="1" time="969">
    <testcase name="status code is 204 : No Content">
      <failure type="AssertionFailure">
        <![CDATA[Failed 1 times.]]>
      </failure>
    </testcase>
  </testsuite>
  <testsuite name="Add Business Profile to test Duplicate profile" id="afb966ca-844c-4682-b571-0c483de328dc" tests="1" time="1021">
    <testcase name="status code is 201 : Created"/>
  </testsuite>
  <testsuite name="Add Business Profile Duplicate profile" id="bd5897ae-e9ca-43df-93f2-b7b67d05bf79" tests="1" time="249">
    <testcase name="status code is 400 : Bad Request"/>
  </testsuite>
  <testsuite name="delete profile2" id="2ede2389-b571-4981-b4cd-417375c629df" tests="1" time="1033">
    <testcase name="status code is 204 : No Content"/>
  </testsuite>
  <testsuite name="Add Business Profile Invalid Channel" id="8aade522-dc6c-4819-8876-b1619faad6cb" tests="1" time="242">
    <testcase name="status code is 400 : Bad Request"/>
  </testsuite>
  <testsuite name="Add Business Profile Duplicate Channel" id="5751bd00-a33b-4219-a136-8d19aaac83af" tests="1" time="593">
    <testcase name="status code is 400 : Bad Request"/>
  </testsuite>
  <testsuite name="Add Business Profile With Special Character" id="8f2bf1bd-1c55-46e7-83b6-ff245502e187" tests="1" time="600">
    <testcase name="status code is 400 : Bad Request"/>
  </testsuite>
  <testsuite name="Add Business Profile With Not allowed parentEntId" id="e5598209-2138-4b73-b9f5-950d61de68e4" tests="1" time="1066">
    <testcase name="status code is 400 : Bad Request"/>
  </testsuite>
  <testsuite name="Add Business Profile With Invalid parentEntId" id="e6d760b9-be7c-41bc-b7f7-e44f63fa80ad" tests="1" time="641">
    <testcase name="status code is 400 : Bad Request"/>
  </testsuite>
  <testsuite name="Add Business Profile With No Channel" id="8a7b7aaa-7109-43d8-b411-d57a71fcc8d1" tests="1" time="598">
    <testcase name="status code is 400 : Bad Request"/>
  </testsuite>
  <testsuite name="Add Business Profile for get by Id" id="c871f5f0-193c-499c-a53e-227be0df34dc" tests="1" time="670">
    <testcase name="status code is 201 : Created"/>
  </testsuite>
  <testsuite name="get profile by Id" id="ed806fd6-ed2d-49d8-83e5-571c8b3f3dcd" tests="1" time="559">
    <testcase name="status code is 200 : OK"/>
  </testsuite>
  <testsuite name="Modify business user profile" id="86296c47-81c2-425a-bc2e-a9148fec358b" tests="1" time="2989">
    <testcase name="status code is 204 : No Content"/>
  </testsuite>
  <testsuite name="get profile by Id Verify modification" id="413e71bb-e055-4599-85b0-e81a4f11542a" tests="0" time="0">
    <error>
      <![CDATA[Iteration: 0
RequestError: Error: read ECONNRESET
    at exports._errnoException (util.js:907:11)
    at TLSWrap.onread (net.js:557:26)

---
testScriptError: ReferenceError: responseBody is not defined
    at Object.eval (eval at <anonymous> (evalmachine.<anonymous>:284:34), <anonymous>:3:33)
    at evalmachine.<anonymous>:293:23
    at evalmachine.<anonymous>:299:2
    at Object.exports.runInContext (vm.js:44:17)
    at _.extend._run (C:\Users\I329272\AppData\Roaming\npm\node_modules\newman\node_modules\postman-runtime\lib\uvm\host.js:156:16)
    at _.extend.execute (C:\Users\I329272\AppData\Roaming\npm\node_modules\newman\node_modules\postman-runtime\lib\uvm\host.js:121:14)
    at PostmanCollectionRun.<anonymous> (C:\Users\I329272\AppData\Roaming\npm\node_modules\newman\node_modules\postman-runtime\lib\runner\extensions\event.command.js:179:27)
    at C:\Users\I329272\AppData\Roaming\npm\node_modules\newman\node_modules\postman-runtime\node_modules\async\dist\async.js:1144:13
    at replenish (C:\Users\I329272\AppData\Roaming\npm\node_modules\newman\node_modules\postman-runtime\node_modules\async\dist\async.js:1018:21)
    at C:\Users\I329272\AppData\Roaming\npm\node_modules\newman\node_modules\postman-runtime\node_modules\async\dist\async.js:1022:13
---
]]>
    </error>
  </testsuite>
  <testsuite name="delete profile3" id="1139dcb9-60b8-4b5c-91ed-d87f73f128cc" tests="1" time="1646">
    <testcase name="status code is 204 : No Content"/>
  </testsuite>
  <testsuite name="get profile by Id Verify Delete" id="3c243867-9ebd-4553-bc11-d545343d2bea" tests="0" time="0">
    <error>
      <![CDATA[Iteration: 0
RequestError: Error: read ECONNRESET
    at exports._errnoException (util.js:907:11)
    at TLSWrap.onread (net.js:557:26)

---
testScriptError: ReferenceError: responseCode is not defined
    at Object.eval (eval at <anonymous> (evalmachine.<anonymous>:284:34), <anonymous>:3:45)
    at evalmachine.<anonymous>:293:23
    at evalmachine.<anonymous>:299:2
    at Object.exports.runInContext (vm.js:44:17)
    at _.extend._run (C:\Users\I329272\AppData\Roaming\npm\node_modules\newman\node_modules\postman-runtime\lib\uvm\host.js:156:16)
    at _.extend.execute (C:\Users\I329272\AppData\Roaming\npm\node_modules\newman\node_modules\postman-runtime\lib\uvm\host.js:121:14)
    at PostmanCollectionRun.<anonymous> (C:\Users\I329272\AppData\Roaming\npm\node_modules\newman\node_modules\postman-runtime\lib\runner\extensions\event.command.js:179:27)
    at C:\Users\I329272\AppData\Roaming\npm\node_modules\newman\node_modules\postman-runtime\node_modules\async\dist\async.js:1144:13
    at replenish (C:\Users\I329272\AppData\Roaming\npm\node_modules\newman\node_modules\postman-runtime\node_modules\async\dist\async.js:1018:21)
    at C:\Users\I329272\AppData\Roaming\npm\node_modules\newman\node_modules\postman-runtime\node_modules\async\dist\async.js:1022:13
---
]]>
    </error>
  </testsuite>
</testsuites>