<?xml version="1.0" encoding="UTF-8"?>
<testsuites name="ProfileAssignmentsBusiness">
  <testsuite name="Login to CB as primaryadmin" id="cc27ab35-02f4-41d7-9c7e-dd1a6e03bf40" tests="1" time="1098">
    <testcase name="status code is 201 : Created"/>
  </testsuite>
  <testsuite name="Add Business Profile" id="d4b9e71f-bc42-47a0-ac16-0769b119ffe1" tests="1" time="327">
    <testcase name="status code is 201 : Created"/>
  </testsuite>
  <testsuite name="get profile by Id copy" id="803a7efe-f5bd-49c6-878b-22d87ce0cf0d" tests="1" time="713">
    <testcase name="status code is 200 : OK"/>
  </testsuite>
  <testsuite name="business user add with profile" id="d229d7e9-7dc5-4375-ad2c-84ecbad6466b" tests="0" time="0">
    <error>
      <![CDATA[Iteration: 0
RequestError: Error: read ECONNRESET
    at exports._errnoException (util.js:907:11)
    at TLSWrap.onread (net.js:557:26)

---
testScriptError: ReferenceError: responseCode is not defined
    at Object.eval (eval at <anonymous> (evalmachine.<anonymous>:284:34), <anonymous>:3:41)
    at evalmachine.<anonymous>:293:23
    at evalmachine.<anonymous>:299:2
    at Object.exports.runInContext (vm.js:44:17)
    at _.extend._run (C:\Users\I329272\AppData\Roaming\npm\node_modules\newman\node_modules\postman-runtime\lib\uvm\host.js:156:16)
    at _.extend.execute (C:\Users\I329272\AppData\Roaming\npm\node_modules\newman\node_modules\postman-runtime\lib\uvm\host.js:121:14)
    at PostmanCollectionRun.<anonymous> (C:\Users\I329272\AppData\Roaming\npm\node_modules\newman\node_modules\postman-runtime\lib\runner\extensions\event.command.js:179:27)
    at C:\Users\I329272\AppData\Roaming\npm\node_modules\newman\node_modules\postman-runtime\node_modules\async\dist\async.js:1144:13
    at replenish (C:\Users\I329272\AppData\Roaming\npm\node_modules\newman\node_modules\postman-runtime\node_modules\async\dist\async.js:1018:21)
    at C:\Users\I329272\AppData\Roaming\npm\node_modules\newman\node_modules\postman-runtime\node_modules\async\dist\async.js:1022:13
---
]]>
    </error>
  </testsuite>
  <testsuite name="Get Business Users with profile" id="072c3d2c-6279-4c56-898d-21311fd001db" tests="0" time="863">
    <error>
      <![CDATA[Iteration: 0

---
testScriptError: TypeError: Cannot read property 'UserName' of undefined
    at Object.eval (eval at <anonymous> (evalmachine.<anonymous>:284:34), <anonymous>:4:53)
    at evalmachine.<anonymous>:293:23
    at evalmachine.<anonymous>:299:2
    at Object.exports.runInContext (vm.js:44:17)
    at _.extend._run (C:\Users\I329272\AppData\Roaming\npm\node_modules\newman\node_modules\postman-runtime\lib\uvm\host.js:156:16)
    at _.extend.execute (C:\Users\I329272\AppData\Roaming\npm\node_modules\newman\node_modules\postman-runtime\lib\uvm\host.js:121:14)
    at PostmanCollectionRun.<anonymous> (C:\Users\I329272\AppData\Roaming\npm\node_modules\newman\node_modules\postman-runtime\lib\runner\extensions\event.command.js:179:27)
    at C:\Users\I329272\AppData\Roaming\npm\node_modules\newman\node_modules\postman-runtime\node_modules\async\dist\async.js:1144:13
    at replenish (C:\Users\I329272\AppData\Roaming\npm\node_modules\newman\node_modules\postman-runtime\node_modules\async\dist\async.js:1018:21)
    at C:\Users\I329272\AppData\Roaming\npm\node_modules\newman\node_modules\postman-runtime\node_modules\async\dist\async.js:1022:13
---
]]>
    </error>
  </testsuite>
  <testsuite name="modify business user" id="6d578feb-3b1a-401a-887e-f33134186dd1" tests="1" time="16913">
    <testcase name="status code is 204 : No Content">
      <failure type="AssertionFailure">
        <![CDATA[Failed 1 times.]]>
      </failure>
    </testcase>
  </testsuite>
  <testsuite name="Get Business Users with profile copy" id="11a8626d-8841-4428-a90a-babdac7ce86f" tests="0" time="630">
    <error>
      <![CDATA[Iteration: 0

---
testScriptError: TypeError: Cannot read property 'UserName' of undefined
    at Object.eval (eval at <anonymous> (evalmachine.<anonymous>:284:34), <anonymous>:4:53)
    at evalmachine.<anonymous>:293:23
    at evalmachine.<anonymous>:299:2
    at Object.exports.runInContext (vm.js:44:17)
    at _.extend._run (C:\Users\I329272\AppData\Roaming\npm\node_modules\newman\node_modules\postman-runtime\lib\uvm\host.js:156:16)
    at _.extend.execute (C:\Users\I329272\AppData\Roaming\npm\node_modules\newman\node_modules\postman-runtime\lib\uvm\host.js:121:14)
    at PostmanCollectionRun.<anonymous> (C:\Users\I329272\AppData\Roaming\npm\node_modules\newman\node_modules\postman-runtime\lib\runner\extensions\event.command.js:179:27)
    at C:\Users\I329272\AppData\Roaming\npm\node_modules\newman\node_modules\postman-runtime\node_modules\async\dist\async.js:1144:13
    at replenish (C:\Users\I329272\AppData\Roaming\npm\node_modules\newman\node_modules\postman-runtime\node_modules\async\dist\async.js:1018:21)
    at C:\Users\I329272\AppData\Roaming\npm\node_modules\newman\node_modules\postman-runtime\node_modules\async\dist\async.js:1022:13
---
]]>
    </error>
  </testsuite>
  <testsuite name="business user add without profile" id="82d56288-bff8-485b-be54-0cdee068a2eb" tests="1" time="680">
    <testcase name="Profile is required."/>
  </testsuite>
  <testsuite name="business user add with channel profile" id="ec5a3cb6-84dc-41f8-a78d-291241d4b18f" tests="1" time="677">
    <testcase name="Profile ID is Invalid."/>
  </testsuite>
  <testsuite name="business user add with retailUser profile" id="ac2e105d-d48f-48c0-87b9-f5975a8b5e30" tests="1" time="681">
    <testcase name="Profile ID is Invalid."/>
  </testsuite>
  <testsuite name="business user add with invalid profileId" id="d99e29fd-2aa2-4a77-b161-9c1b001da438" tests="1" time="710">
    <testcase name="Profile ID is Invalid."/>
  </testsuite>
  <testsuite name="business user add with multiple profile" id="e388b60f-20cc-4fd1-b8b0-03ca719f3882" tests="1" time="1181">
    <testcase name="User can be assigned to only one Profile."/>
  </testsuite>
  <testsuite name="Login to CB as jolina" id="81493f44-9d0d-468e-95c0-964b83ea54bb" tests="1" time="3821">
    <testcase name="status code is 201 : Created"/>
  </testsuite>
  <testsuite name="Add Business Profile with user not entitled to add" id="8fccad6e-8212-4b3c-a552-a81a92890b09" tests="1" time="250">
    <testcase name="status code is 400 : Bad Request"/>
  </testsuite>
  <testsuite name="business user add with profile with user not entitled" id="0a6d1df5-0daa-4686-9011-1422ad923aff" tests="1" time="585">
    <testcase name="status code is 400 : Bad Request"/>
  </testsuite>
  <testsuite name="Login to CB as secondaryadmin" id="036c821a-6d8c-4fdc-9262-2bdeaa357f1d" tests="1" time="788">
    <testcase name="status code is 201 : Created"/>
  </testsuite>
  <testsuite name="Add Business Profile with secondaryadmin" id="e1aab042-3e71-4dae-8d5c-69a50541a594" tests="1" time="337">
    <testcase name="status code is 201 : Created"/>
  </testsuite>
  <testsuite name="business user add with secondaryadmin" id="3f7a5d76-f58f-4765-85db-c306448ff8dd" tests="0" time="0">
    <error>
      <![CDATA[Iteration: 0
RequestError: Error: read ECONNRESET
    at exports._errnoException (util.js:907:11)
    at TLSWrap.onread (net.js:557:26)

---
testScriptError: ReferenceError: responseCode is not defined
    at Object.eval (eval at <anonymous> (evalmachine.<anonymous>:284:34), <anonymous>:3:41)
    at evalmachine.<anonymous>:293:23
    at evalmachine.<anonymous>:299:2
    at Object.exports.runInContext (vm.js:44:17)
    at _.extend._run (C:\Users\I329272\AppData\Roaming\npm\node_modules\newman\node_modules\postman-runtime\lib\uvm\host.js:156:16)
    at _.extend.execute (C:\Users\I329272\AppData\Roaming\npm\node_modules\newman\node_modules\postman-runtime\lib\uvm\host.js:121:14)
    at PostmanCollectionRun.<anonymous> (C:\Users\I329272\AppData\Roaming\npm\node_modules\newman\node_modules\postman-runtime\lib\runner\extensions\event.command.js:179:27)
    at C:\Users\I329272\AppData\Roaming\npm\node_modules\newman\node_modules\postman-runtime\node_modules\async\dist\async.js:1144:13
    at replenish (C:\Users\I329272\AppData\Roaming\npm\node_modules\newman\node_modules\postman-runtime\node_modules\async\dist\async.js:1018:21)
    at C:\Users\I329272\AppData\Roaming\npm\node_modules\newman\node_modules\postman-runtime\node_modules\async\dist\async.js:1022:13
---
]]>
    </error>
  </testsuite>
  <testsuite name="delete assigned profile" id="6d3717ee-dfbe-4b67-9158-758f84d4c545" tests="1" time="1358">
    <testcase name="Can not delete assigned Profile."/>
  </testsuite>
</testsuites>