<?xml version="1.0" encoding="UTF-8"?>
<testsuites name="ProfileAssignmentRetail">
  <testsuite name="Login to BC as admin" id="1cf51bc6-7715-4a79-b599-13213c4df3ee" tests="1" time="864">
    <testcase name="status code is 201 : Created"/>
  </testsuite>
  <testsuite name="Add RetailUser Profile(MA Platinum)" id="aa9e3bb1-0227-4669-94c8-6d8cc49de37d" tests="0" time="0">
    <error>
      <![CDATA[Iteration: 0
RequestError: Error: read ECONNRESET
    at exports._errnoException (util.js:907:11)
    at TLSWrap.onread (net.js:557:26)

---
testScriptError: ReferenceError: responseBody is not defined
    at Object.eval (eval at <anonymous> (evalmachine.<anonymous>:284:34), <anonymous>:3:27)
    at evalmachine.<anonymous>:293:23
    at evalmachine.<anonymous>:299:2
    at Object.exports.runInContext (vm.js:44:17)
    at _.extend._run (C:\Users\I329272\AppData\Roaming\npm\node_modules\newman\node_modules\postman-runtime\lib\uvm\host.js:156:16)
    at _.extend.execute (C:\Users\I329272\AppData\Roaming\npm\node_modules\newman\node_modules\postman-runtime\lib\uvm\host.js:121:14)
    at PostmanCollectionRun.<anonymous> (C:\Users\I329272\AppData\Roaming\npm\node_modules\newman\node_modules\postman-runtime\lib\runner\extensions\event.command.js:179:27)
    at C:\Users\I329272\AppData\Roaming\npm\node_modules\newman\node_modules\postman-runtime\node_modules\async\dist\async.js:1144:13
    at replenish (C:\Users\I329272\AppData\Roaming\npm\node_modules\newman\node_modules\postman-runtime\node_modules\async\dist\async.js:1018:21)
    at C:\Users\I329272\AppData\Roaming\npm\node_modules\newman\node_modules\postman-runtime\node_modules\async\dist\async.js:1022:13
---
]]>
    </error>
  </testsuite>
  <testsuite name="get profile by Id" id="176c0009-31cf-4cfe-ae8c-dfae64fdf105" tests="1" time="852">
    <error>
      <![CDATA[Iteration: 0

---
testScriptError: TypeError: Cannot read property 'ChannelProfiles' of undefined
    at Object.eval (eval at <anonymous> (evalmachine.<anonymous>:284:34), <anonymous>:5:21)
    at evalmachine.<anonymous>:293:23
    at evalmachine.<anonymous>:299:2
    at Object.exports.runInContext (vm.js:44:17)
    at _.extend._run (C:\Users\I329272\AppData\Roaming\npm\node_modules\newman\node_modules\postman-runtime\lib\uvm\host.js:156:16)
    at _.extend.execute (C:\Users\I329272\AppData\Roaming\npm\node_modules\newman\node_modules\postman-runtime\lib\uvm\host.js:121:14)
    at PostmanCollectionRun.<anonymous> (C:\Users\I329272\AppData\Roaming\npm\node_modules\newman\node_modules\postman-runtime\lib\runner\extensions\event.command.js:179:27)
    at C:\Users\I329272\AppData\Roaming\npm\node_modules\newman\node_modules\postman-runtime\node_modules\async\dist\async.js:1144:13
    at replenish (C:\Users\I329272\AppData\Roaming\npm\node_modules\newman\node_modules\postman-runtime\node_modules\async\dist\async.js:1018:21)
    at C:\Users\I329272\AppData\Roaming\npm\node_modules\newman\node_modules\postman-runtime\node_modules\async\dist\async.js:1022:13
---
]]>
    </error>
    <testcase name="status code is 200 : OK">
      <failure type="AssertionFailure">
        <![CDATA[Failed 1 times.]]>
      </failure>
    </testcase>
  </testsuite>
  <testsuite name="assign channel profile(which is not allowed)" id="a7ecc346-0537-4712-a52c-a0704581798c" tests="1" time="891">
    <testcase name="status code is 400 : Bad Request"/>
  </testsuite>
  <testsuite name="assign profile to retail user" id="e57e1f93-0904-4e0b-9d2b-ab01af04bd3e" tests="0" time="757">
    <error>
      <![CDATA[Iteration: 0

---
testScriptError: TypeError: Cannot read property 'Id' of undefined
    at Object.eval (eval at <anonymous> (evalmachine.<anonymous>:284:34), <anonymous>:6:51)
    at evalmachine.<anonymous>:293:23
    at evalmachine.<anonymous>:299:2
    at Object.exports.runInContext (vm.js:44:17)
    at _.extend._run (C:\Users\I329272\AppData\Roaming\npm\node_modules\newman\node_modules\postman-runtime\lib\uvm\host.js:156:16)
    at _.extend.execute (C:\Users\I329272\AppData\Roaming\npm\node_modules\newman\node_modules\postman-runtime\lib\uvm\host.js:121:14)
    at PostmanCollectionRun.<anonymous> (C:\Users\I329272\AppData\Roaming\npm\node_modules\newman\node_modules\postman-runtime\lib\runner\extensions\event.command.js:179:27)
    at C:\Users\I329272\AppData\Roaming\npm\node_modules\newman\node_modules\postman-runtime\node_modules\async\dist\async.js:1144:13
    at replenish (C:\Users\I329272\AppData\Roaming\npm\node_modules\newman\node_modules\postman-runtime\node_modules\async\dist\async.js:1018:21)
    at C:\Users\I329272\AppData\Roaming\npm\node_modules\newman\node_modules\postman-runtime\node_modules\async\dist\async.js:1022:13
---
]]>
    </error>
  </testsuite>
  <testsuite name="delete profile associated with user" id="d7ec8d49-531e-40cb-8206-550d10ee7875" tests="1" time="637">
    <testcase name="Cannot Delete profile which is associated with user">
      <failure type="AssertionFailure">
        <![CDATA[Failed 1 times.]]>
      </failure>
    </testcase>
  </testsuite>
  <testsuite name="get user" id="2741c985-7457-456f-9105-9c4d001b2c61" tests="0" time="859">
    <error>
      <![CDATA[Iteration: 0

---
testScriptError: TypeError: Cannot read property 'UserName' of undefined
    at Object.eval (eval at <anonymous> (evalmachine.<anonymous>:284:34), <anonymous>:4:35)
    at evalmachine.<anonymous>:293:23
    at evalmachine.<anonymous>:299:2
    at Object.exports.runInContext (vm.js:44:17)
    at _.extend._run (C:\Users\I329272\AppData\Roaming\npm\node_modules\newman\node_modules\postman-runtime\lib\uvm\host.js:156:16)
    at _.extend.execute (C:\Users\I329272\AppData\Roaming\npm\node_modules\newman\node_modules\postman-runtime\lib\uvm\host.js:121:14)
    at PostmanCollectionRun.<anonymous> (C:\Users\I329272\AppData\Roaming\npm\node_modules\newman\node_modules\postman-runtime\lib\runner\extensions\event.command.js:179:27)
    at C:\Users\I329272\AppData\Roaming\npm\node_modules\newman\node_modules\postman-runtime\node_modules\async\dist\async.js:1144:13
    at replenish (C:\Users\I329272\AppData\Roaming\npm\node_modules\newman\node_modules\postman-runtime\node_modules\async\dist\async.js:1018:21)
    at C:\Users\I329272\AppData\Roaming\npm\node_modules\newman\node_modules\postman-runtime\node_modules\async\dist\async.js:1022:13
---
]]>
    </error>
  </testsuite>
  <testsuite name="Add RetailUser Profile(MA Platinum) to assign in PUT" id="cf03225a-c2db-4410-ba92-633c8d4e6564" tests="1" time="691">
    <testcase name="status code is 201 : Created"/>
  </testsuite>
  <testsuite name="Modify retail user" id="5d097c58-6fdf-4e40-b8a6-72233e105cd5" tests="1" time="524">
    <testcase name="status code is 204 : No Content">
      <failure type="AssertionFailure">
        <![CDATA[Failed 1 times.]]>
      </failure>
    </testcase>
  </testsuite>
  <testsuite name="verify edit user" id="415e4cd8-fc6e-4b17-bc4f-b3226a6ad765" tests="0" time="892">
    <error>
      <![CDATA[Iteration: 0

---
testScriptError: TypeError: Cannot read property 'UserName' of undefined
    at Object.eval (eval at <anonymous> (evalmachine.<anonymous>:284:34), <anonymous>:5:35)
    at evalmachine.<anonymous>:293:23
    at evalmachine.<anonymous>:299:2
    at Object.exports.runInContext (vm.js:44:17)
    at _.extend._run (C:\Users\I329272\AppData\Roaming\npm\node_modules\newman\node_modules\postman-runtime\lib\uvm\host.js:156:16)
    at _.extend.execute (C:\Users\I329272\AppData\Roaming\npm\node_modules\newman\node_modules\postman-runtime\lib\uvm\host.js:121:14)
    at PostmanCollectionRun.<anonymous> (C:\Users\I329272\AppData\Roaming\npm\node_modules\newman\node_modules\postman-runtime\lib\runner\extensions\event.command.js:179:27)
    at C:\Users\I329272\AppData\Roaming\npm\node_modules\newman\node_modules\postman-runtime\node_modules\async\dist\async.js:1144:13
    at replenish (C:\Users\I329272\AppData\Roaming\npm\node_modules\newman\node_modules\postman-runtime\node_modules\async\dist\async.js:1018:21)
    at C:\Users\I329272\AppData\Roaming\npm\node_modules\newman\node_modules\postman-runtime\node_modules\async\dist\async.js:1022:13
---
]]>
    </error>
  </testsuite>
  <testsuite name="retailUser without profile" id="1f713248-38ed-41fe-8c3e-b44c3bad223e" tests="1" time="905">
    <testcase name="status code is 400 : Bad Request"/>
  </testsuite>
  <testsuite name="assign validMultipleProfile" id="3944cee0-1da7-4597-91f8-a08fc76d0f1f" tests="1" time="1482">
    <testcase name="status code is 400 : Bad Request"/>
  </testsuite>
  <testsuite name="Add RetailUser Profile(Omni Channel)" id="a4e9b130-bebe-4c3f-b853-3ece45e0e74f" tests="1" time="1006">
    <testcase name="status code is 201 : Created"/>
  </testsuite>
  <testsuite name="assign omni channel profile to retail user" id="cd0c0750-57cb-4e71-a267-a4dbe5f75741" tests="1" time="475">
    <testcase name="status code is 201 : Created"/>
  </testsuite>
  <testsuite name="assign businessUser profile(which is not allowed) " id="54f31f69-8b07-4bec-8ea9-efb1b10b4736" tests="1" time="757">
    <testcase name="status code is 400 : Bad Request"/>
  </testsuite>
  <testsuite name="Login to BC as jbrown" id="81403e3a-4ce5-443e-be40-01ac5a92ab2c" tests="1" time="1060">
    <testcase name="status code is 201 : Created"/>
  </testsuite>
  <testsuite name="assign profile to retail user(by not entitled user)" id="e65c41bd-eb3e-42c6-945c-313d446d3776" tests="1" time="376">
    <testcase name="status code is 400 : Bad Request"/>
  </testsuite>
</testsuites>