<?xml version="1.0" encoding="UTF-8"?>
<testsuites name="ProfileAssignmentRetail">
  <testsuite name="Login to BC as admin" id="dfce758a-b28d-4d94-a496-99b8f3c06836" tests="1" time="932">
    <testcase name="status code is 201 : Created"/>
  </testsuite>
  <testsuite name="Add RetailUser Profile(MA Platinum)" id="979f133b-3687-4acc-8184-60c0ccaea1a6" tests="0" time="0">
    <error>
      <![CDATA[Iteration: 0
RequestError: Error: read ECONNRESET
    at exports._errnoException (util.js:907:11)
    at TLSWrap.onread (net.js:557:26)

---
testScriptError: ReferenceError: responseBody is not defined
    at Object.eval (eval at <anonymous> (evalmachine.<anonymous>:284:34), <anonymous>:3:27)
    at evalmachine.<anonymous>:293:23
    at evalmachine.<anonymous>:299:2
    at Object.exports.runInContext (vm.js:44:17)
    at _.extend._run (C:\Users\I329272\AppData\Roaming\npm\node_modules\newman\node_modules\postman-runtime\lib\uvm\host.js:156:16)
    at _.extend.execute (C:\Users\I329272\AppData\Roaming\npm\node_modules\newman\node_modules\postman-runtime\lib\uvm\host.js:121:14)
    at PostmanCollectionRun.<anonymous> (C:\Users\I329272\AppData\Roaming\npm\node_modules\newman\node_modules\postman-runtime\lib\runner\extensions\event.command.js:179:27)
    at C:\Users\I329272\AppData\Roaming\npm\node_modules\newman\node_modules\postman-runtime\node_modules\async\dist\async.js:1144:13
    at replenish (C:\Users\I329272\AppData\Roaming\npm\node_modules\newman\node_modules\postman-runtime\node_modules\async\dist\async.js:1018:21)
    at C:\Users\I329272\AppData\Roaming\npm\node_modules\newman\node_modules\postman-runtime\node_modules\async\dist\async.js:1022:13
---
]]>
    </error>
  </testsuite>
  <testsuite name="get profile by Id" id="4e473e65-3dfb-469e-a460-67ca38d5516f" tests="1" time="1438">
    <error>
      <![CDATA[Iteration: 0

---
testScriptError: TypeError: Cannot read property 'ChannelProfiles' of undefined
    at Object.eval (eval at <anonymous> (evalmachine.<anonymous>:284:34), <anonymous>:5:21)
    at evalmachine.<anonymous>:293:23
    at evalmachine.<anonymous>:299:2
    at Object.exports.runInContext (vm.js:44:17)
    at _.extend._run (C:\Users\I329272\AppData\Roaming\npm\node_modules\newman\node_modules\postman-runtime\lib\uvm\host.js:156:16)
    at _.extend.execute (C:\Users\I329272\AppData\Roaming\npm\node_modules\newman\node_modules\postman-runtime\lib\uvm\host.js:121:14)
    at PostmanCollectionRun.<anonymous> (C:\Users\I329272\AppData\Roaming\npm\node_modules\newman\node_modules\postman-runtime\lib\runner\extensions\event.command.js:179:27)
    at C:\Users\I329272\AppData\Roaming\npm\node_modules\newman\node_modules\postman-runtime\node_modules\async\dist\async.js:1144:13
    at replenish (C:\Users\I329272\AppData\Roaming\npm\node_modules\newman\node_modules\postman-runtime\node_modules\async\dist\async.js:1018:21)
    at C:\Users\I329272\AppData\Roaming\npm\node_modules\newman\node_modules\postman-runtime\node_modules\async\dist\async.js:1022:13
---
]]>
    </error>
    <testcase name="status code is 200 : OK">
      <failure type="AssertionFailure">
        <![CDATA[Failed 1 times.]]>
      </failure>
    </testcase>
  </testsuite>
  <testsuite name="assign channel profile(which is not allowed)" id="550ba5ac-86ea-43b9-816f-c3d648e3bfbd" tests="1" time="895">
    <testcase name="status code is 400 : Bad Request"/>
  </testsuite>
  <testsuite name="assign profile to retail user" id="62bd6604-d800-4dde-8926-5562c9d4bd10" tests="0" time="731">
    <error>
      <![CDATA[Iteration: 0

---
testScriptError: TypeError: Cannot read property 'Id' of undefined
    at Object.eval (eval at <anonymous> (evalmachine.<anonymous>:284:34), <anonymous>:6:51)
    at evalmachine.<anonymous>:293:23
    at evalmachine.<anonymous>:299:2
    at Object.exports.runInContext (vm.js:44:17)
    at _.extend._run (C:\Users\I329272\AppData\Roaming\npm\node_modules\newman\node_modules\postman-runtime\lib\uvm\host.js:156:16)
    at _.extend.execute (C:\Users\I329272\AppData\Roaming\npm\node_modules\newman\node_modules\postman-runtime\lib\uvm\host.js:121:14)
    at PostmanCollectionRun.<anonymous> (C:\Users\I329272\AppData\Roaming\npm\node_modules\newman\node_modules\postman-runtime\lib\runner\extensions\event.command.js:179:27)
    at C:\Users\I329272\AppData\Roaming\npm\node_modules\newman\node_modules\postman-runtime\node_modules\async\dist\async.js:1144:13
    at replenish (C:\Users\I329272\AppData\Roaming\npm\node_modules\newman\node_modules\postman-runtime\node_modules\async\dist\async.js:1018:21)
    at C:\Users\I329272\AppData\Roaming\npm\node_modules\newman\node_modules\postman-runtime\node_modules\async\dist\async.js:1022:13
---
]]>
    </error>
  </testsuite>
  <testsuite name="delete profile associated with user" id="06c33ef6-006b-41c8-b352-9f86029a7078" tests="1" time="631">
    <testcase name="Cannot Delete profile which is associated with user">
      <failure type="AssertionFailure">
        <![CDATA[Failed 1 times.]]>
      </failure>
    </testcase>
  </testsuite>
  <testsuite name="get user" id="83cf1bb5-2d91-46f0-8a9b-56de71d46555" tests="0" time="923">
    <error>
      <![CDATA[Iteration: 0

---
testScriptError: TypeError: Cannot read property 'UserName' of undefined
    at Object.eval (eval at <anonymous> (evalmachine.<anonymous>:284:34), <anonymous>:4:35)
    at evalmachine.<anonymous>:293:23
    at evalmachine.<anonymous>:299:2
    at Object.exports.runInContext (vm.js:44:17)
    at _.extend._run (C:\Users\I329272\AppData\Roaming\npm\node_modules\newman\node_modules\postman-runtime\lib\uvm\host.js:156:16)
    at _.extend.execute (C:\Users\I329272\AppData\Roaming\npm\node_modules\newman\node_modules\postman-runtime\lib\uvm\host.js:121:14)
    at PostmanCollectionRun.<anonymous> (C:\Users\I329272\AppData\Roaming\npm\node_modules\newman\node_modules\postman-runtime\lib\runner\extensions\event.command.js:179:27)
    at C:\Users\I329272\AppData\Roaming\npm\node_modules\newman\node_modules\postman-runtime\node_modules\async\dist\async.js:1144:13
    at replenish (C:\Users\I329272\AppData\Roaming\npm\node_modules\newman\node_modules\postman-runtime\node_modules\async\dist\async.js:1018:21)
    at C:\Users\I329272\AppData\Roaming\npm\node_modules\newman\node_modules\postman-runtime\node_modules\async\dist\async.js:1022:13
---
]]>
    </error>
  </testsuite>
  <testsuite name="Add RetailUser Profile(MA Platinum) to assign in PUT" id="54cfaf04-3642-4822-8645-5e5c705e95bc" tests="1" time="656">
    <testcase name="status code is 201 : Created"/>
  </testsuite>
  <testsuite name="Modify retail user" id="6cd77fde-c799-4d0e-bfc7-c8178c780586" tests="1" time="510">
    <testcase name="status code is 204 : No Content">
      <failure type="AssertionFailure">
        <![CDATA[Failed 1 times.]]>
      </failure>
    </testcase>
  </testsuite>
  <testsuite name="verify edit user" id="a087ca06-8e58-4014-9005-d156b09bae3f" tests="0" time="848">
    <error>
      <![CDATA[Iteration: 0

---
testScriptError: TypeError: Cannot read property 'UserName' of undefined
    at Object.eval (eval at <anonymous> (evalmachine.<anonymous>:284:34), <anonymous>:5:35)
    at evalmachine.<anonymous>:293:23
    at evalmachine.<anonymous>:299:2
    at Object.exports.runInContext (vm.js:44:17)
    at _.extend._run (C:\Users\I329272\AppData\Roaming\npm\node_modules\newman\node_modules\postman-runtime\lib\uvm\host.js:156:16)
    at _.extend.execute (C:\Users\I329272\AppData\Roaming\npm\node_modules\newman\node_modules\postman-runtime\lib\uvm\host.js:121:14)
    at PostmanCollectionRun.<anonymous> (C:\Users\I329272\AppData\Roaming\npm\node_modules\newman\node_modules\postman-runtime\lib\runner\extensions\event.command.js:179:27)
    at C:\Users\I329272\AppData\Roaming\npm\node_modules\newman\node_modules\postman-runtime\node_modules\async\dist\async.js:1144:13
    at replenish (C:\Users\I329272\AppData\Roaming\npm\node_modules\newman\node_modules\postman-runtime\node_modules\async\dist\async.js:1018:21)
    at C:\Users\I329272\AppData\Roaming\npm\node_modules\newman\node_modules\postman-runtime\node_modules\async\dist\async.js:1022:13
---
]]>
    </error>
  </testsuite>
  <testsuite name="retailUser without profile" id="ae600c6f-ef3b-48e0-80a6-50f151ee39a3" tests="1" time="929">
    <testcase name="status code is 400 : Bad Request"/>
  </testsuite>
  <testsuite name="assign validMultipleProfile" id="a94efa00-6d8f-4172-afb1-7a2f91744293" tests="1" time="888">
    <testcase name="status code is 400 : Bad Request"/>
  </testsuite>
  <testsuite name="Add RetailUser Profile(Omni Channel)" id="0ad04e59-54f6-4f34-84ef-ad22cf151ddb" tests="1" time="1149">
    <testcase name="status code is 201 : Created"/>
  </testsuite>
  <testsuite name="assign omni channel profile to retail user" id="60a1f399-198e-43d4-bc20-4d37b65ef681" tests="1" time="316">
    <testcase name="status code is 201 : Created"/>
  </testsuite>
  <testsuite name="assign businessUser profile(which is not allowed) " id="83056893-0566-4f06-88cc-58f8c21d9935" tests="1" time="398">
    <testcase name="status code is 400 : Bad Request"/>
  </testsuite>
  <testsuite name="Login to BC as jbrown" id="352362ae-3744-4466-8499-588a38e7bf0d" tests="1" time="587">
    <testcase name="status code is 201 : Created"/>
  </testsuite>
  <testsuite name="assign profile to retail user(by not entitled user)" id="30eb3409-2704-4ceb-b003-7f8b3e393e83" tests="1" time="383">
    <testcase name="status code is 400 : Bad Request"/>
  </testsuite>
</testsuites>