<?xml version="1.0" encoding="UTF-8"?>
<testsuites name="Business Profile Features With Limit">
  <testsuite name="Login" id="facca270-9bce-4e09-b05e-1c353e30afee" tests="1" time="1042">
    <testcase name="Logged in as primaryadmin for iteration : Account Management"/>
  </testsuite>
  <testsuite name="get ProfileFeatures without assigning feature" id="9de3b21f-024a-49cc-9839-e5066d111a15" tests="0" time="230">
    <error>
      <![CDATA[Iteration: 0

---
testScriptError: TypeError: Cannot read property 'results' of undefined
    at Object.eval (eval at <anonymous> (evalmachine.<anonymous>:284:34), <anonymous>:4:21)
    at evalmachine.<anonymous>:293:23
    at evalmachine.<anonymous>:299:2
    at Object.exports.runInContext (vm.js:44:17)
    at _.extend._run (C:\Users\I329272\AppData\Roaming\npm\node_modules\newman\node_modules\postman-runtime\lib\uvm\host.js:156:16)
    at _.extend.execute (C:\Users\I329272\AppData\Roaming\npm\node_modules\newman\node_modules\postman-runtime\lib\uvm\host.js:121:14)
    at PostmanCollectionRun.<anonymous> (C:\Users\I329272\AppData\Roaming\npm\node_modules\newman\node_modules\postman-runtime\lib\runner\extensions\event.command.js:179:27)
    at C:\Users\I329272\AppData\Roaming\npm\node_modules\newman\node_modules\postman-runtime\node_modules\async\dist\async.js:1144:13
    at replenish (C:\Users\I329272\AppData\Roaming\npm\node_modules\newman\node_modules\postman-runtime\node_modules\async\dist\async.js:1018:21)
    at C:\Users\I329272\AppData\Roaming\npm\node_modules\newman\node_modules\postman-runtime\node_modules\async\dist\async.js:1022:13
---
]]>
    </error>
  </testsuite>
  <testsuite name="Add Business Profile Feature without entitlements" id="98d5151b-ce91-4438-b2c0-bd1ce79e04aa" tests="1" time="564">
    <testcase name="Account Management added without entitlements.">
      <failure type="AssertionFailure">
        <![CDATA[Failed 1 times.]]>
      </failure>
    </testcase>
  </testsuite>
  <testsuite name="get ProfileFeatures entitlements" id="a08bdd26-855e-4cc6-9855-8348d9f58b26" tests="0" time="600">
    <error>
      <![CDATA[Iteration: 0

---
testScriptError: TypeError: Cannot read property 'results' of undefined
    at Object.eval (eval at <anonymous> (evalmachine.<anonymous>:284:34), <anonymous>:4:21)
    at evalmachine.<anonymous>:293:23
    at evalmachine.<anonymous>:299:2
    at Object.exports.runInContext (vm.js:44:17)
    at _.extend._run (C:\Users\I329272\AppData\Roaming\npm\node_modules\newman\node_modules\postman-runtime\lib\uvm\host.js:156:16)
    at _.extend.execute (C:\Users\I329272\AppData\Roaming\npm\node_modules\newman\node_modules\postman-runtime\lib\uvm\host.js:121:14)
    at PostmanCollectionRun.<anonymous> (C:\Users\I329272\AppData\Roaming\npm\node_modules\newman\node_modules\postman-runtime\lib\runner\extensions\event.command.js:179:27)
    at C:\Users\I329272\AppData\Roaming\npm\node_modules\newman\node_modules\postman-runtime\node_modules\async\dist\async.js:1144:13
    at replenish (C:\Users\I329272\AppData\Roaming\npm\node_modules\newman\node_modules\postman-runtime\node_modules\async\dist\async.js:1018:21)
    at C:\Users\I329272\AppData\Roaming\npm\node_modules\newman\node_modules\postman-runtime\node_modules\async\dist\async.js:1022:13
---
]]>
    </error>
  </testsuite>
  <testsuite name="delete feature" id="14162a48-9ac6-4b33-a5d3-ad43a28f7124" tests="1" time="572">
    <testcase name="Account Management deleted.">
      <failure type="AssertionFailure">
        <![CDATA[Failed 1 times.]]>
      </failure>
    </testcase>
  </testsuite>
  <testsuite name="Add Business Profile Features with entitlements (Valid Set)" id="26012c65-7033-47ac-ac7e-2ec7bc52f771" tests="1" time="1049">
    <testcase name="Account Management added with entitlements entitled true.">
      <failure type="AssertionFailure">
        <![CDATA[Failed 1 times.]]>
      </failure>
    </testcase>
  </testsuite>
  <testsuite name="get ProfileFeatures with children and limits" id="cd9bd5df-8eab-4579-aa7c-daf209871195" tests="0" time="591">
    <error>
      <![CDATA[Iteration: 0

---
testScriptError: TypeError: Cannot read property 'results' of undefined
    at Object.eval (eval at <anonymous> (evalmachine.<anonymous>:284:34), <anonymous>:4:21)
    at evalmachine.<anonymous>:293:23
    at evalmachine.<anonymous>:299:2
    at Object.exports.runInContext (vm.js:44:17)
    at _.extend._run (C:\Users\I329272\AppData\Roaming\npm\node_modules\newman\node_modules\postman-runtime\lib\uvm\host.js:156:16)
    at _.extend.execute (C:\Users\I329272\AppData\Roaming\npm\node_modules\newman\node_modules\postman-runtime\lib\uvm\host.js:121:14)
    at PostmanCollectionRun.<anonymous> (C:\Users\I329272\AppData\Roaming\npm\node_modules\newman\node_modules\postman-runtime\lib\runner\extensions\event.command.js:179:27)
    at C:\Users\I329272\AppData\Roaming\npm\node_modules\newman\node_modules\postman-runtime\node_modules\async\dist\async.js:1144:13
    at replenish (C:\Users\I329272\AppData\Roaming\npm\node_modules\newman\node_modules\postman-runtime\node_modules\async\dist\async.js:1018:21)
    at C:\Users\I329272\AppData\Roaming\npm\node_modules\newman\node_modules\postman-runtime\node_modules\async\dist\async.js:1022:13
---
]]>
    </error>
  </testsuite>
  <testsuite name="Add Business Profile Features with entitlements (Valid Set) copy" id="98f04459-2775-4071-82f1-795c11b47882" tests="1" time="574">
    <testcase name="Change entitlements to entitled false on channel for Account Management">
      <failure type="AssertionFailure">
        <![CDATA[Failed 1 times.]]>
      </failure>
    </testcase>
  </testsuite>
  <testsuite name="get ProfileFeatures with children entitled false on channel Verify" id="825abed4-1099-4b44-8cf5-da9e59e2d1b6" tests="0" time="603">
    <error>
      <![CDATA[Iteration: 0

---
testScriptError: TypeError: Cannot read property 'results' of undefined
    at Object.eval (eval at <anonymous> (evalmachine.<anonymous>:284:34), <anonymous>:4:21)
    at evalmachine.<anonymous>:293:23
    at evalmachine.<anonymous>:299:2
    at Object.exports.runInContext (vm.js:44:17)
    at _.extend._run (C:\Users\I329272\AppData\Roaming\npm\node_modules\newman\node_modules\postman-runtime\lib\uvm\host.js:156:16)
    at _.extend.execute (C:\Users\I329272\AppData\Roaming\npm\node_modules\newman\node_modules\postman-runtime\lib\uvm\host.js:121:14)
    at PostmanCollectionRun.<anonymous> (C:\Users\I329272\AppData\Roaming\npm\node_modules\newman\node_modules\postman-runtime\lib\runner\extensions\event.command.js:179:27)
    at C:\Users\I329272\AppData\Roaming\npm\node_modules\newman\node_modules\postman-runtime\node_modules\async\dist\async.js:1144:13
    at replenish (C:\Users\I329272\AppData\Roaming\npm\node_modules\newman\node_modules\postman-runtime\node_modules\async\dist\async.js:1018:21)
    at C:\Users\I329272\AppData\Roaming\npm\node_modules\newman\node_modules\postman-runtime\node_modules\async\dist\async.js:1022:13
---
]]>
    </error>
  </testsuite>
  <testsuite name="Add Business Profile Features with entitlements with limits" id="7977a171-5d7d-4234-b83e-2ad5d14b19da" tests="1" time="602">
    <testcase name="set limits for Account Management">
      <failure type="AssertionFailure">
        <![CDATA[Failed 1 times.]]>
      </failure>
    </testcase>
  </testsuite>
  <testsuite name="get ProfileFeatures with children and limits verify" id="a296d108-e64d-41f4-bdc1-7eb93fd5f8de" tests="0" time="609">
    <error>
      <![CDATA[Iteration: 0

---
testScriptError: TypeError: Cannot read property 'results' of undefined
    at Object.eval (eval at <anonymous> (evalmachine.<anonymous>:284:34), <anonymous>:4:21)
    at evalmachine.<anonymous>:293:23
    at evalmachine.<anonymous>:299:2
    at Object.exports.runInContext (vm.js:44:17)
    at _.extend._run (C:\Users\I329272\AppData\Roaming\npm\node_modules\newman\node_modules\postman-runtime\lib\uvm\host.js:156:16)
    at _.extend.execute (C:\Users\I329272\AppData\Roaming\npm\node_modules\newman\node_modules\postman-runtime\lib\uvm\host.js:121:14)
    at PostmanCollectionRun.<anonymous> (C:\Users\I329272\AppData\Roaming\npm\node_modules\newman\node_modules\postman-runtime\lib\runner\extensions\event.command.js:179:27)
    at C:\Users\I329272\AppData\Roaming\npm\node_modules\newman\node_modules\postman-runtime\node_modules\async\dist\async.js:1144:13
    at replenish (C:\Users\I329272\AppData\Roaming\npm\node_modules\newman\node_modules\postman-runtime\node_modules\async\dist\async.js:1018:21)
    at C:\Users\I329272\AppData\Roaming\npm\node_modules\newman\node_modules\postman-runtime\node_modules\async\dist\async.js:1022:13
---
]]>
    </error>
  </testsuite>
  <testsuite name="Add Business Profile Features with entitlements with limits on Channel" id="f453248f-5025-43a1-9f38-90d5ce5460d8" tests="1" time="625">
    <testcase name="set limits on channel for Account Management">
      <failure type="AssertionFailure">
        <![CDATA[Failed 1 times.]]>
      </failure>
    </testcase>
  </testsuite>
  <testsuite name="get ProfileFeatures with children and limits verify on channel" id="3d26e719-2cc3-4634-a785-7214bcd9a7e2" tests="0" time="1134">
    <error>
      <![CDATA[Iteration: 0

---
testScriptError: TypeError: Cannot read property 'results' of undefined
    at Object.eval (eval at <anonymous> (evalmachine.<anonymous>:284:34), <anonymous>:4:21)
    at evalmachine.<anonymous>:293:23
    at evalmachine.<anonymous>:299:2
    at Object.exports.runInContext (vm.js:44:17)
    at _.extend._run (C:\Users\I329272\AppData\Roaming\npm\node_modules\newman\node_modules\postman-runtime\lib\uvm\host.js:156:16)
    at _.extend.execute (C:\Users\I329272\AppData\Roaming\npm\node_modules\newman\node_modules\postman-runtime\lib\uvm\host.js:121:14)
    at PostmanCollectionRun.<anonymous> (C:\Users\I329272\AppData\Roaming\npm\node_modules\newman\node_modules\postman-runtime\lib\runner\extensions\event.command.js:179:27)
    at C:\Users\I329272\AppData\Roaming\npm\node_modules\newman\node_modules\postman-runtime\node_modules\async\dist\async.js:1144:13
    at replenish (C:\Users\I329272\AppData\Roaming\npm\node_modules\newman\node_modules\postman-runtime\node_modules\async\dist\async.js:1018:21)
    at C:\Users\I329272\AppData\Roaming\npm\node_modules\newman\node_modules\postman-runtime\node_modules\async\dist\async.js:1022:13
---
]]>
    </error>
  </testsuite>
</testsuites>