<?xml version="1.0" encoding="UTF-8"?>
<testsuites name="Business Profile Features With Limit">
  <testsuite name="Login" id="43ec37e0-ff10-4e14-a04e-23d6e6525991" tests="1" time="1592">
    <testcase name="Logged in as primaryadmin for iteration : Account Management"/>
  </testsuite>
  <testsuite name="get ProfileFeatures without assigning feature" id="f1f84567-8bb0-4a8b-a87c-dac5a89fdf5b" tests="0" time="336">
    <error>
      <![CDATA[Iteration: 0

---
testScriptError: TypeError: Cannot read property 'results' of undefined
    at Object.eval (eval at <anonymous> (evalmachine.<anonymous>:284:34), <anonymous>:4:21)
    at evalmachine.<anonymous>:293:23
    at evalmachine.<anonymous>:299:2
    at Object.exports.runInContext (vm.js:44:17)
    at _.extend._run (C:\Users\I329272\AppData\Roaming\npm\node_modules\newman\node_modules\postman-runtime\lib\uvm\host.js:156:16)
    at _.extend.execute (C:\Users\I329272\AppData\Roaming\npm\node_modules\newman\node_modules\postman-runtime\lib\uvm\host.js:121:14)
    at PostmanCollectionRun.<anonymous> (C:\Users\I329272\AppData\Roaming\npm\node_modules\newman\node_modules\postman-runtime\lib\runner\extensions\event.command.js:179:27)
    at C:\Users\I329272\AppData\Roaming\npm\node_modules\newman\node_modules\postman-runtime\node_modules\async\dist\async.js:1144:13
    at replenish (C:\Users\I329272\AppData\Roaming\npm\node_modules\newman\node_modules\postman-runtime\node_modules\async\dist\async.js:1018:21)
    at C:\Users\I329272\AppData\Roaming\npm\node_modules\newman\node_modules\postman-runtime\node_modules\async\dist\async.js:1022:13
---
]]>
    </error>
  </testsuite>
  <testsuite name="Add Business Profile Feature without entitlements" id="87a05419-be1c-4b5d-814c-c10d38e4b877" tests="1" time="639">
    <testcase name="Account Management added without entitlements.">
      <failure type="AssertionFailure">
        <![CDATA[Failed 1 times.]]>
      </failure>
    </testcase>
  </testsuite>
  <testsuite name="get ProfileFeatures entitlements" id="da97dfb9-1bec-42fe-9c6c-c3961385b9db" tests="0" time="760">
    <error>
      <![CDATA[Iteration: 0

---
testScriptError: TypeError: Cannot read property 'results' of undefined
    at Object.eval (eval at <anonymous> (evalmachine.<anonymous>:284:34), <anonymous>:4:21)
    at evalmachine.<anonymous>:293:23
    at evalmachine.<anonymous>:299:2
    at Object.exports.runInContext (vm.js:44:17)
    at _.extend._run (C:\Users\I329272\AppData\Roaming\npm\node_modules\newman\node_modules\postman-runtime\lib\uvm\host.js:156:16)
    at _.extend.execute (C:\Users\I329272\AppData\Roaming\npm\node_modules\newman\node_modules\postman-runtime\lib\uvm\host.js:121:14)
    at PostmanCollectionRun.<anonymous> (C:\Users\I329272\AppData\Roaming\npm\node_modules\newman\node_modules\postman-runtime\lib\runner\extensions\event.command.js:179:27)
    at C:\Users\I329272\AppData\Roaming\npm\node_modules\newman\node_modules\postman-runtime\node_modules\async\dist\async.js:1144:13
    at replenish (C:\Users\I329272\AppData\Roaming\npm\node_modules\newman\node_modules\postman-runtime\node_modules\async\dist\async.js:1018:21)
    at C:\Users\I329272\AppData\Roaming\npm\node_modules\newman\node_modules\postman-runtime\node_modules\async\dist\async.js:1022:13
---
]]>
    </error>
  </testsuite>
  <testsuite name="delete feature" id="135e5f01-0732-4b93-9b63-2f0fffad0834" tests="1" time="1046">
    <testcase name="Account Management deleted.">
      <failure type="AssertionFailure">
        <![CDATA[Failed 1 times.]]>
      </failure>
    </testcase>
  </testsuite>
  <testsuite name="Add Business Profile Features with entitlements (Valid Set)" id="e3240c65-191d-4f53-af68-3bbf442f03e3" tests="1" time="1168">
    <testcase name="Account Management added with entitlements entitled true.">
      <failure type="AssertionFailure">
        <![CDATA[Failed 1 times.]]>
      </failure>
    </testcase>
  </testsuite>
  <testsuite name="get ProfileFeatures with children and limits" id="77569844-0737-4a2c-99ec-318b17be0607" tests="0" time="2013">
    <error>
      <![CDATA[Iteration: 0

---
testScriptError: TypeError: Cannot read property 'results' of undefined
    at Object.eval (eval at <anonymous> (evalmachine.<anonymous>:284:34), <anonymous>:4:21)
    at evalmachine.<anonymous>:293:23
    at evalmachine.<anonymous>:299:2
    at Object.exports.runInContext (vm.js:44:17)
    at _.extend._run (C:\Users\I329272\AppData\Roaming\npm\node_modules\newman\node_modules\postman-runtime\lib\uvm\host.js:156:16)
    at _.extend.execute (C:\Users\I329272\AppData\Roaming\npm\node_modules\newman\node_modules\postman-runtime\lib\uvm\host.js:121:14)
    at PostmanCollectionRun.<anonymous> (C:\Users\I329272\AppData\Roaming\npm\node_modules\newman\node_modules\postman-runtime\lib\runner\extensions\event.command.js:179:27)
    at C:\Users\I329272\AppData\Roaming\npm\node_modules\newman\node_modules\postman-runtime\node_modules\async\dist\async.js:1144:13
    at replenish (C:\Users\I329272\AppData\Roaming\npm\node_modules\newman\node_modules\postman-runtime\node_modules\async\dist\async.js:1018:21)
    at C:\Users\I329272\AppData\Roaming\npm\node_modules\newman\node_modules\postman-runtime\node_modules\async\dist\async.js:1022:13
---
]]>
    </error>
  </testsuite>
  <testsuite name="Add Business Profile Features with entitlements (Valid Set) copy" id="9dac2bfd-57a7-46ab-96d5-b711b5c294d4" tests="1" time="589">
    <testcase name="Change entitlements to entitled false on channel for Account Management">
      <failure type="AssertionFailure">
        <![CDATA[Failed 1 times.]]>
      </failure>
    </testcase>
  </testsuite>
  <testsuite name="get ProfileFeatures with children entitled false on channel Verify" id="51f07ff5-bf79-41e3-b53a-dbec9f62cabe" tests="0" time="746">
    <error>
      <![CDATA[Iteration: 0

---
testScriptError: TypeError: Cannot read property 'results' of undefined
    at Object.eval (eval at <anonymous> (evalmachine.<anonymous>:284:34), <anonymous>:4:21)
    at evalmachine.<anonymous>:293:23
    at evalmachine.<anonymous>:299:2
    at Object.exports.runInContext (vm.js:44:17)
    at _.extend._run (C:\Users\I329272\AppData\Roaming\npm\node_modules\newman\node_modules\postman-runtime\lib\uvm\host.js:156:16)
    at _.extend.execute (C:\Users\I329272\AppData\Roaming\npm\node_modules\newman\node_modules\postman-runtime\lib\uvm\host.js:121:14)
    at PostmanCollectionRun.<anonymous> (C:\Users\I329272\AppData\Roaming\npm\node_modules\newman\node_modules\postman-runtime\lib\runner\extensions\event.command.js:179:27)
    at C:\Users\I329272\AppData\Roaming\npm\node_modules\newman\node_modules\postman-runtime\node_modules\async\dist\async.js:1144:13
    at replenish (C:\Users\I329272\AppData\Roaming\npm\node_modules\newman\node_modules\postman-runtime\node_modules\async\dist\async.js:1018:21)
    at C:\Users\I329272\AppData\Roaming\npm\node_modules\newman\node_modules\postman-runtime\node_modules\async\dist\async.js:1022:13
---
]]>
    </error>
  </testsuite>
  <testsuite name="Add Business Profile Features with entitlements with limits" id="2d31a3c3-7013-4beb-b35d-e99118424d4a" tests="1" time="610">
    <testcase name="set limits for Account Management">
      <failure type="AssertionFailure">
        <![CDATA[Failed 1 times.]]>
      </failure>
    </testcase>
  </testsuite>
  <testsuite name="get ProfileFeatures with children and limits verify" id="ffe2a641-f9ff-41a4-b5fc-71f20d258e32" tests="0" time="775">
    <error>
      <![CDATA[Iteration: 0

---
testScriptError: TypeError: Cannot read property 'results' of undefined
    at Object.eval (eval at <anonymous> (evalmachine.<anonymous>:284:34), <anonymous>:4:21)
    at evalmachine.<anonymous>:293:23
    at evalmachine.<anonymous>:299:2
    at Object.exports.runInContext (vm.js:44:17)
    at _.extend._run (C:\Users\I329272\AppData\Roaming\npm\node_modules\newman\node_modules\postman-runtime\lib\uvm\host.js:156:16)
    at _.extend.execute (C:\Users\I329272\AppData\Roaming\npm\node_modules\newman\node_modules\postman-runtime\lib\uvm\host.js:121:14)
    at PostmanCollectionRun.<anonymous> (C:\Users\I329272\AppData\Roaming\npm\node_modules\newman\node_modules\postman-runtime\lib\runner\extensions\event.command.js:179:27)
    at C:\Users\I329272\AppData\Roaming\npm\node_modules\newman\node_modules\postman-runtime\node_modules\async\dist\async.js:1144:13
    at replenish (C:\Users\I329272\AppData\Roaming\npm\node_modules\newman\node_modules\postman-runtime\node_modules\async\dist\async.js:1018:21)
    at C:\Users\I329272\AppData\Roaming\npm\node_modules\newman\node_modules\postman-runtime\node_modules\async\dist\async.js:1022:13
---
]]>
    </error>
  </testsuite>
  <testsuite name="Add Business Profile Features with entitlements with limits on Channel" id="a62378b1-8da4-405d-bdd7-040d5d70b86c" tests="1" time="609">
    <testcase name="set limits on channel for Account Management">
      <failure type="AssertionFailure">
        <![CDATA[Failed 1 times.]]>
      </failure>
    </testcase>
  </testsuite>
  <testsuite name="get ProfileFeatures with children and limits verify on channel" id="9b62bb51-a6cb-4a43-b880-cee2632d44fd" tests="0" time="731">
    <error>
      <![CDATA[Iteration: 0

---
testScriptError: TypeError: Cannot read property 'results' of undefined
    at Object.eval (eval at <anonymous> (evalmachine.<anonymous>:284:34), <anonymous>:4:21)
    at evalmachine.<anonymous>:293:23
    at evalmachine.<anonymous>:299:2
    at Object.exports.runInContext (vm.js:44:17)
    at _.extend._run (C:\Users\I329272\AppData\Roaming\npm\node_modules\newman\node_modules\postman-runtime\lib\uvm\host.js:156:16)
    at _.extend.execute (C:\Users\I329272\AppData\Roaming\npm\node_modules\newman\node_modules\postman-runtime\lib\uvm\host.js:121:14)
    at PostmanCollectionRun.<anonymous> (C:\Users\I329272\AppData\Roaming\npm\node_modules\newman\node_modules\postman-runtime\lib\runner\extensions\event.command.js:179:27)
    at C:\Users\I329272\AppData\Roaming\npm\node_modules\newman\node_modules\postman-runtime\node_modules\async\dist\async.js:1144:13
    at replenish (C:\Users\I329272\AppData\Roaming\npm\node_modules\newman\node_modules\postman-runtime\node_modules\async\dist\async.js:1018:21)
    at C:\Users\I329272\AppData\Roaming\npm\node_modules\newman\node_modules\postman-runtime\node_modules\async\dist\async.js:1022:13
---
]]>
    </error>
  </testsuite>
</testsuites>